[ 2018-11-03T10:49:48+08:00 ] ::1 /yqf/toshop/
INFO: [ app_init ] --START--
INFO: Run Behavior\BuildLiteBehavior [ RunTime:0.000000s ]
INFO: [ app_init ] --END-- [ RunTime:0.000000s ]
INFO: [ app_begin ] --START--
INFO: Run Behavior\ReadHtmlCacheBehavior [ RunTime:0.000000s ]
INFO: [ app_begin ] --END-- [ RunTime:0.001000s ]
SQL: SHOW COLUMNS FROM `lunbo` [ RunTime:0.0890s ]
SQL: SHOW COLUMNS FROM `kind` [ RunTime:0.1230s ]
SQL: SHOW COLUMNS FROM `kind` [ RunTime:0.0080s ]
SQL: SELECT * FROM `kind`  [ RunTime:0.0440s ]
SQL: SHOW COLUMNS FROM `region` [ RunTime:0.2100s ]
SQL: SHOW COLUMNS FROM `region` [ RunTime:0.0080s ]
SQL: SELECT * FROM `region`  [ RunTime:0.0010s ]
NOTIC: [8] Undefined index: user D:\phpStudy\WWW\yqf\toshop\Application\Home\Controller\IndexController.class.php 第 15 行.
SQL: SELECT * FROM `lunbo` WHERE ( isshow=1 ) ORDER BY lid  [ RunTime:0.0010s ]
INFO: [ view_parse ] --START--
INFO: [ template_filter ] --START--
INFO: Run Behavior\ContentReplaceBehavior [ RunTime:0.000000s ]
INFO: [ template_filter ] --END-- [ RunTime:0.000000s ]
INFO: Run Behavior\ParseTemplateBehavior [ RunTime:0.027001s ]
INFO: [ view_parse ] --END-- [ RunTime:0.027001s ]
INFO: [ view_filter ] --START--
INFO: Run Behavior\WriteHtmlCacheBehavior [ RunTime:0.001000s ]
INFO: [ view_filter ] --END-- [ RunTime:0.001000s ]
INFO: [ app_end ] --START--
INFO: Run Behavior\ShowPageTraceBehavior [ RunTime:0.000000s ]
INFO: [ app_end ] --END-- [ RunTime:0.000000s ]

[ 2018-11-03T12:36:43+08:00 ] ::1 /yqf/toshop/
INFO: [ app_init ] --START--
INFO: Run Behavior\BuildLiteBehavior [ RunTime:0.000000s ]
INFO: [ app_init ] --END-- [ RunTime:0.000000s ]
INFO: [ app_begin ] --START--
INFO: Run Behavior\ReadHtmlCacheBehavior [ RunTime:0.001000s ]
INFO: [ app_begin ] --END-- [ RunTime:0.001000s ]
SQL: SHOW COLUMNS FROM `lunbo` [ RunTime:0.0130s ]
SQL: SHOW COLUMNS FROM `kind` [ RunTime:0.0130s ]
SQL: SHOW COLUMNS FROM `kind` [ RunTime:0.0110s ]
SQL: SELECT * FROM `kind`  [ RunTime:0.0000s ]
SQL: SHOW COLUMNS FROM `region` [ RunTime:0.0120s ]
SQL: SHOW COLUMNS FROM `region` [ RunTime:0.0110s ]
SQL: SELECT * FROM `region`  [ RunTime:0.0000s ]
NOTIC: [8] Undefined index: user D:\phpStudy\WWW\yqf\toshop\Application\Home\Controller\IndexController.class.php 第 15 行.
SQL: SELECT * FROM `lunbo` WHERE ( isshow=1 ) ORDER BY lid  [ RunTime:0.0000s ]
INFO: [ view_parse ] --START--
INFO: [ template_filter ] --START--
INFO: Run Behavior\ContentReplaceBehavior [ RunTime:0.000000s ]
INFO: [ template_filter ] --END-- [ RunTime:0.000000s ]
INFO: Run Behavior\ParseTemplateBehavior [ RunTime:0.012000s ]
INFO: [ view_parse ] --END-- [ RunTime:0.012000s ]
INFO: [ view_filter ] --START--
INFO: Run Behavior\WriteHtmlCacheBehavior [ RunTime:0.001000s ]
INFO: [ view_filter ] --END-- [ RunTime:0.001000s ]
INFO: [ app_end ] --START--
INFO: Run Behavior\ShowPageTraceBehavior [ RunTime:0.001000s ]
INFO: [ app_end ] --END-- [ RunTime:0.001000s ]

