[ 2018-11-18T17:05:36+08:00 ] ::1 /toshop/index.php/admin/index/index
INFO: [ app_init ] --START--
INFO: Run Behavior\BuildLiteBehavior [ RunTime:0.000000s ]
INFO: [ app_init ] --END-- [ RunTime:0.001000s ]
INFO: [ app_begin ] --START--
INFO: Run Behavior\ReadHtmlCacheBehavior [ RunTime:0.000000s ]
INFO: [ app_begin ] --END-- [ RunTime:0.000000s ]
NOTIC: [8] Undefined index: admin D:\phpStudy\WWW\toshop\Application\Admin\Controller\IndexController.class.php 第 6 行.
INFO: [ view_parse ] --START--
INFO: [ template_filter ] --START--
INFO: Run Behavior\ContentReplaceBehavior [ RunTime:0.000000s ]
INFO: [ template_filter ] --END-- [ RunTime:0.000000s ]
INFO: Run Behavior\ParseTemplateBehavior [ RunTime:0.007000s ]
INFO: [ view_parse ] --END-- [ RunTime:0.007000s ]
INFO: [ view_filter ] --START--
INFO: Run Behavior\WriteHtmlCacheBehavior [ RunTime:0.001000s ]
INFO: [ view_filter ] --END-- [ RunTime:0.001000s ]

[ 2018-11-18T17:05:37+08:00 ] ::1 /toshop/index.php/admin/Login/login.html
INFO: [ app_init ] --START--
INFO: Run Behavior\BuildLiteBehavior [ RunTime:0.000000s ]
INFO: [ app_init ] --END-- [ RunTime:0.000000s ]
INFO: [ app_begin ] --START--
INFO: Run Behavior\ReadHtmlCacheBehavior [ RunTime:0.000000s ]
INFO: [ app_begin ] --END-- [ RunTime:0.001001s ]
INFO: [ view_parse ] --START--
INFO: [ template_filter ] --START--
INFO: Run Behavior\ContentReplaceBehavior [ RunTime:0.000000s ]
INFO: [ template_filter ] --END-- [ RunTime:0.000000s ]
INFO: Run Behavior\ParseTemplateBehavior [ RunTime:0.007000s ]
INFO: [ view_parse ] --END-- [ RunTime:0.007000s ]
INFO: [ view_filter ] --START--
INFO: Run Behavior\WriteHtmlCacheBehavior [ RunTime:0.001000s ]
INFO: [ view_filter ] --END-- [ RunTime:0.001000s ]
INFO: [ app_end ] --START--
INFO: Run Behavior\ShowPageTraceBehavior [ RunTime:0.001000s ]
INFO: [ app_end ] --END-- [ RunTime:0.001000s ]

[ 2018-11-18T17:05:44+08:00 ] ::1 /toshop/index.php/admin/Login/tologin
INFO: [ app_init ] --START--
INFO: Run Behavior\BuildLiteBehavior [ RunTime:0.000000s ]
INFO: [ app_init ] --END-- [ RunTime:0.001000s ]
INFO: [ app_begin ] --START--
INFO: Run Behavior\ReadHtmlCacheBehavior [ RunTime:0.001000s ]
INFO: [ app_begin ] --END-- [ RunTime:0.001000s ]
SQL: SHOW COLUMNS FROM `user` [ RunTime:0.0200s ]
SQL: SHOW COLUMNS FROM `auth` [ RunTime:0.0230s ]
SQL: SELECT * FROM `auth` WHERE ( username='admin' and userpsw='21232f297a57a5a743894a0e4a801fc3' ) LIMIT 1   [ RunTime:0.0020s ]
INFO: [ app_end ] --START--
INFO: Run Behavior\ShowPageTraceBehavior [ RunTime:0.001000s ]
INFO: [ app_end ] --END-- [ RunTime:0.001000s ]

[ 2018-11-18T17:05:44+08:00 ] ::1 /toshop/index.php/admin/Index/index.html
INFO: [ app_init ] --START--
INFO: Run Behavior\BuildLiteBehavior [ RunTime:0.000000s ]
INFO: [ app_init ] --END-- [ RunTime:0.000000s ]
INFO: [ app_begin ] --START--
INFO: Run Behavior\ReadHtmlCacheBehavior [ RunTime:0.001000s ]
INFO: [ app_begin ] --END-- [ RunTime:0.001000s ]
INFO: [ view_parse ] --START--
INFO: [ template_filter ] --START--
INFO: Run Behavior\ContentReplaceBehavior [ RunTime:0.000000s ]
INFO: [ template_filter ] --END-- [ RunTime:0.000000s ]
INFO: Run Behavior\ParseTemplateBehavior [ RunTime:0.006000s ]
INFO: [ view_parse ] --END-- [ RunTime:0.007000s ]
INFO: [ view_filter ] --START--
INFO: Run Behavior\WriteHtmlCacheBehavior [ RunTime:0.000000s ]
INFO: [ view_filter ] --END-- [ RunTime:0.000000s ]
INFO: [ app_end ] --START--
INFO: Run Behavior\ShowPageTraceBehavior [ RunTime:0.001000s ]
INFO: [ app_end ] --END-- [ RunTime:0.001000s ]

[ 2018-11-18T17:05:44+08:00 ] ::1 /toshop/index.php/admin/Index/statistics.html
INFO: [ app_init ] --START--
INFO: Run Behavior\BuildLiteBehavior [ RunTime:0.000000s ]
INFO: [ app_init ] --END-- [ RunTime:0.000000s ]
INFO: [ app_begin ] --START--
INFO: Run Behavior\ReadHtmlCacheBehavior [ RunTime:0.001000s ]
INFO: [ app_begin ] --END-- [ RunTime:0.001000s ]
INFO: [ view_parse ] --START--
INFO: [ template_filter ] --START--
INFO: Run Behavior\ContentReplaceBehavior [ RunTime:0.000000s ]
INFO: [ template_filter ] --END-- [ RunTime:0.000000s ]
INFO: Run Behavior\ParseTemplateBehavior [ RunTime:0.005001s ]
INFO: [ view_parse ] --END-- [ RunTime:0.006001s ]
INFO: [ view_filter ] --START--
INFO: Run Behavior\WriteHtmlCacheBehavior [ RunTime:0.000000s ]
INFO: [ view_filter ] --END-- [ RunTime:0.000000s ]
INFO: [ app_end ] --START--
INFO: Run Behavior\ShowPageTraceBehavior [ RunTime:0.000000s ]
INFO: [ app_end ] --END-- [ RunTime:0.000000s ]

[ 2018-11-18T17:05:47+08:00 ] ::1 /toshop/index.php/admin/Actor/actor.html
INFO: [ app_init ] --START--
INFO: Run Behavior\BuildLiteBehavior [ RunTime:0.000000s ]
INFO: [ app_init ] --END-- [ RunTime:0.001000s ]
INFO: [ app_begin ] --START--
INFO: Run Behavior\ReadHtmlCacheBehavior [ RunTime:0.001000s ]
INFO: [ app_begin ] --END-- [ RunTime:0.001000s ]
SQL: SHOW COLUMNS FROM `actor` [ RunTime:0.0210s ]
SQL: SELECT COUNT(*) AS tp_count FROM `actor` LIMIT 1   [ RunTime:0.0010s ]
SQL: SELECT * FROM `actor` ORDER BY aid LIMIT 0,9   [ RunTime:0.0020s ]
SQL: SHOW COLUMNS FROM `region` [ RunTime:0.0060s ]
SQL: SHOW COLUMNS FROM `region` [ RunTime:0.0070s ]
SQL: SELECT * FROM `region`  [ RunTime:0.0000s ]
INFO: [ view_parse ] --START--
INFO: [ template_filter ] --START--
INFO: Run Behavior\ContentReplaceBehavior [ RunTime:0.000000s ]
INFO: [ template_filter ] --END-- [ RunTime:0.000000s ]
NOTIC: [8] Undefined index: rname D:\phpStudy\WWW\toshop\Application\Runtime\Cache\Admin\8a11d7e6e5a10364d97c4ad31b5d2eec.php 第 156 行.
NOTIC: [8] Undefined index: rname D:\phpStudy\WWW\toshop\Application\Runtime\Cache\Admin\8a11d7e6e5a10364d97c4ad31b5d2eec.php 第 156 行.
NOTIC: [8] Undefined index: rname D:\phpStudy\WWW\toshop\Application\Runtime\Cache\Admin\8a11d7e6e5a10364d97c4ad31b5d2eec.php 第 156 行.
NOTIC: [8] Undefined index: rname D:\phpStudy\WWW\toshop\Application\Runtime\Cache\Admin\8a11d7e6e5a10364d97c4ad31b5d2eec.php 第 156 行.
NOTIC: [8] Undefined index: rname D:\phpStudy\WWW\toshop\Application\Runtime\Cache\Admin\8a11d7e6e5a10364d97c4ad31b5d2eec.php 第 156 行.
NOTIC: [8] Undefined index: rname D:\phpStudy\WWW\toshop\Application\Runtime\Cache\Admin\8a11d7e6e5a10364d97c4ad31b5d2eec.php 第 156 行.
NOTIC: [8] Undefined index: rname D:\phpStudy\WWW\toshop\Application\Runtime\Cache\Admin\8a11d7e6e5a10364d97c4ad31b5d2eec.php 第 156 行.
NOTIC: [8] Undefined index: rname D:\phpStudy\WWW\toshop\Application\Runtime\Cache\Admin\8a11d7e6e5a10364d97c4ad31b5d2eec.php 第 156 行.
NOTIC: [8] Undefined index: rname D:\phpStudy\WWW\toshop\Application\Runtime\Cache\Admin\8a11d7e6e5a10364d97c4ad31b5d2eec.php 第 156 行.
INFO: Run Behavior\ParseTemplateBehavior [ RunTime:0.016001s ]
INFO: [ view_parse ] --END-- [ RunTime:0.016001s ]
INFO: [ view_filter ] --START--
INFO: Run Behavior\WriteHtmlCacheBehavior [ RunTime:0.000000s ]
INFO: [ view_filter ] --END-- [ RunTime:0.000000s ]
INFO: [ app_end ] --START--
INFO: Run Behavior\ShowPageTraceBehavior [ RunTime:0.000000s ]
INFO: [ app_end ] --END-- [ RunTime:0.000000s ]

[ 2018-11-18T17:05:48+08:00 ] ::1 /toshop/index.php/admin/Kind/region.html
INFO: [ app_init ] --START--
INFO: Run Behavior\BuildLiteBehavior [ RunTime:0.000000s ]
INFO: [ app_init ] --END-- [ RunTime:0.000000s ]
INFO: [ app_begin ] --START--
INFO: Run Behavior\ReadHtmlCacheBehavior [ RunTime:0.000000s ]
INFO: [ app_begin ] --END-- [ RunTime:0.000000s ]
SQL: SHOW COLUMNS FROM `region` [ RunTime:0.0100s ]
SQL: SHOW COLUMNS FROM `region` [ RunTime:0.0060s ]
SQL: SELECT * FROM `region`  [ RunTime:0.0010s ]
INFO: [ view_parse ] --START--
INFO: [ template_filter ] --START--
INFO: Run Behavior\ContentReplaceBehavior [ RunTime:0.000000s ]
INFO: [ template_filter ] --END-- [ RunTime:0.000000s ]
INFO: Run Behavior\ParseTemplateBehavior [ RunTime:0.012001s ]
INFO: [ view_parse ] --END-- [ RunTime:0.012001s ]
INFO: [ view_filter ] --START--
INFO: Run Behavior\WriteHtmlCacheBehavior [ RunTime:0.000000s ]
INFO: [ view_filter ] --END-- [ RunTime:0.000000s ]
INFO: [ app_end ] --START--
INFO: Run Behavior\ShowPageTraceBehavior [ RunTime:0.001000s ]
INFO: [ app_end ] --END-- [ RunTime:0.001000s ]

[ 2018-11-18T17:05:49+08:00 ] ::1 /toshop/index.php/admin/Kind/kind.html
INFO: [ app_init ] --START--
INFO: Run Behavior\BuildLiteBehavior [ RunTime:0.000000s ]
INFO: [ app_init ] --END-- [ RunTime:0.000000s ]
INFO: [ app_begin ] --START--
INFO: Run Behavior\ReadHtmlCacheBehavior [ RunTime:0.000000s ]
INFO: [ app_begin ] --END-- [ RunTime:0.000000s ]
SQL: SHOW COLUMNS FROM `kind` [ RunTime:0.0110s ]
SQL: SELECT COUNT(*) AS tp_count FROM `kind` LIMIT 1   [ RunTime:0.0010s ]
SQL: SELECT * FROM `kind` ORDER BY kindid LIMIT 0,9   [ RunTime:0.0010s ]
INFO: [ view_parse ] --START--
INFO: [ template_filter ] --START--
INFO: Run Behavior\ContentReplaceBehavior [ RunTime:0.000000s ]
INFO: [ template_filter ] --END-- [ RunTime:0.000000s ]
INFO: Run Behavior\ParseTemplateBehavior [ RunTime:0.018001s ]
INFO: [ view_parse ] --END-- [ RunTime:0.019001s ]
INFO: [ view_filter ] --START--
INFO: Run Behavior\WriteHtmlCacheBehavior [ RunTime:0.000000s ]
INFO: [ view_filter ] --END-- [ RunTime:0.000000s ]
INFO: [ app_end ] --START--
INFO: Run Behavior\ShowPageTraceBehavior [ RunTime:0.001000s ]
INFO: [ app_end ] --END-- [ RunTime:0.001000s ]

[ 2018-11-18T17:05:51+08:00 ] ::1 /toshop/index.php/admin/Actor/actor.html
INFO: [ app_init ] --START--
INFO: Run Behavior\BuildLiteBehavior [ RunTime:0.000000s ]
INFO: [ app_init ] --END-- [ RunTime:0.000000s ]
INFO: [ app_begin ] --START--
INFO: Run Behavior\ReadHtmlCacheBehavior [ RunTime:0.000000s ]
INFO: [ app_begin ] --END-- [ RunTime:0.000000s ]
SQL: SHOW COLUMNS FROM `actor` [ RunTime:0.0160s ]
SQL: SELECT COUNT(*) AS tp_count FROM `actor` LIMIT 1   [ RunTime:0.0010s ]
SQL: SELECT * FROM `actor` ORDER BY aid LIMIT 0,9   [ RunTime:0.0010s ]
SQL: SHOW COLUMNS FROM `region` [ RunTime:0.0150s ]
SQL: SHOW COLUMNS FROM `region` [ RunTime:0.0100s ]
SQL: SELECT * FROM `region`  [ RunTime:0.0010s ]
INFO: [ view_parse ] --START--
INFO: [ template_filter ] --START--
INFO: Run Behavior\ContentReplaceBehavior [ RunTime:0.000000s ]
INFO: [ template_filter ] --END-- [ RunTime:0.000000s ]
NOTIC: [8] Undefined index: rname D:\phpStudy\WWW\toshop\Application\Runtime\Cache\Admin\8a11d7e6e5a10364d97c4ad31b5d2eec.php 第 156 行.
NOTIC: [8] Undefined index: rname D:\phpStudy\WWW\toshop\Application\Runtime\Cache\Admin\8a11d7e6e5a10364d97c4ad31b5d2eec.php 第 156 行.
NOTIC: [8] Undefined index: rname D:\phpStudy\WWW\toshop\Application\Runtime\Cache\Admin\8a11d7e6e5a10364d97c4ad31b5d2eec.php 第 156 行.
NOTIC: [8] Undefined index: rname D:\phpStudy\WWW\toshop\Application\Runtime\Cache\Admin\8a11d7e6e5a10364d97c4ad31b5d2eec.php 第 156 行.
NOTIC: [8] Undefined index: rname D:\phpStudy\WWW\toshop\Application\Runtime\Cache\Admin\8a11d7e6e5a10364d97c4ad31b5d2eec.php 第 156 行.
NOTIC: [8] Undefined index: rname D:\phpStudy\WWW\toshop\Application\Runtime\Cache\Admin\8a11d7e6e5a10364d97c4ad31b5d2eec.php 第 156 行.
NOTIC: [8] Undefined index: rname D:\phpStudy\WWW\toshop\Application\Runtime\Cache\Admin\8a11d7e6e5a10364d97c4ad31b5d2eec.php 第 156 行.
NOTIC: [8] Undefined index: rname D:\phpStudy\WWW\toshop\Application\Runtime\Cache\Admin\8a11d7e6e5a10364d97c4ad31b5d2eec.php 第 156 行.
NOTIC: [8] Undefined index: rname D:\phpStudy\WWW\toshop\Application\Runtime\Cache\Admin\8a11d7e6e5a10364d97c4ad31b5d2eec.php 第 156 行.
INFO: Run Behavior\ParseTemplateBehavior [ RunTime:0.016001s ]
INFO: [ view_parse ] --END-- [ RunTime:0.016001s ]
INFO: [ view_filter ] --START--
INFO: Run Behavior\WriteHtmlCacheBehavior [ RunTime:0.001000s ]
INFO: [ view_filter ] --END-- [ RunTime:0.001000s ]
INFO: [ app_end ] --START--
INFO: Run Behavior\ShowPageTraceBehavior [ RunTime:0.001000s ]
INFO: [ app_end ] --END-- [ RunTime:0.001000s ]

[ 2018-11-18T17:05:55+08:00 ] ::1 /toshop/index.php/Admin/Actor/actor/p/2.html
INFO: [ app_init ] --START--
INFO: Run Behavior\BuildLiteBehavior [ RunTime:0.000000s ]
INFO: [ app_init ] --END-- [ RunTime:0.000000s ]
INFO: [ app_begin ] --START--
INFO: Run Behavior\ReadHtmlCacheBehavior [ RunTime:0.000000s ]
INFO: [ app_begin ] --END-- [ RunTime:0.000000s ]
SQL: SHOW COLUMNS FROM `actor` [ RunTime:0.0150s ]
SQL: SELECT COUNT(*) AS tp_count FROM `actor` LIMIT 1   [ RunTime:0.0000s ]
SQL: SELECT * FROM `actor` ORDER BY aid LIMIT 9,9   [ RunTime:0.0010s ]
SQL: SHOW COLUMNS FROM `region` [ RunTime:0.0080s ]
SQL: SHOW COLUMNS FROM `region` [ RunTime:0.0080s ]
SQL: SELECT * FROM `region`  [ RunTime:0.0010s ]
INFO: [ view_parse ] --START--
INFO: [ template_filter ] --START--
INFO: Run Behavior\ContentReplaceBehavior [ RunTime:0.000000s ]
INFO: [ template_filter ] --END-- [ RunTime:0.000000s ]
NOTIC: [8] Undefined index: rname D:\phpStudy\WWW\toshop\Application\Runtime\Cache\Admin\8a11d7e6e5a10364d97c4ad31b5d2eec.php 第 156 行.
NOTIC: [8] Undefined index: rname D:\phpStudy\WWW\toshop\Application\Runtime\Cache\Admin\8a11d7e6e5a10364d97c4ad31b5d2eec.php 第 156 行.
NOTIC: [8] Undefined index: rname D:\phpStudy\WWW\toshop\Application\Runtime\Cache\Admin\8a11d7e6e5a10364d97c4ad31b5d2eec.php 第 156 行.
NOTIC: [8] Undefined index: rname D:\phpStudy\WWW\toshop\Application\Runtime\Cache\Admin\8a11d7e6e5a10364d97c4ad31b5d2eec.php 第 156 行.
INFO: Run Behavior\ParseTemplateBehavior [ RunTime:0.014000s ]
INFO: [ view_parse ] --END-- [ RunTime:0.014000s ]
INFO: [ view_filter ] --START--
INFO: Run Behavior\WriteHtmlCacheBehavior [ RunTime:0.001000s ]
INFO: [ view_filter ] --END-- [ RunTime:0.001000s ]
INFO: [ app_end ] --START--
INFO: Run Behavior\ShowPageTraceBehavior [ RunTime:0.000000s ]
INFO: [ app_end ] --END-- [ RunTime:0.000000s ]

[ 2018-11-18T17:05:58+08:00 ] ::1 /toshop/index.php/admin/Product/product.html
INFO: [ app_init ] --START--
INFO: Run Behavior\BuildLiteBehavior [ RunTime:0.001000s ]
INFO: [ app_init ] --END-- [ RunTime:0.001000s ]
INFO: [ app_begin ] --START--
INFO: Run Behavior\ReadHtmlCacheBehavior [ RunTime:0.001000s ]
INFO: [ app_begin ] --END-- [ RunTime:0.001000s ]
SQL: SHOW COLUMNS FROM `pk` [ RunTime:0.0050s ]
SQL: SELECT COUNT(*) AS tp_count FROM `pk` LIMIT 1   [ RunTime:0.0000s ]
SQL: SELECT * FROM `pk` ORDER BY id desc LIMIT 0,9   [ RunTime:0.0010s ]
SQL: SHOW COLUMNS FROM `size` [ RunTime:0.0060s ]
SQL: SHOW COLUMNS FROM `size` [ RunTime:0.0030s ]
SQL: SELECT * FROM `size` ORDER BY id desc  [ RunTime:0.0010s ]
SQL: SHOW COLUMNS FROM `color` [ RunTime:0.0050s ]
SQL: SHOW COLUMNS FROM `color` [ RunTime:0.0040s ]
SQL: SELECT * FROM `color` ORDER BY id desc  [ RunTime:0.0000s ]
SQL: SHOW COLUMNS FROM `actor` [ RunTime:0.0030s ]
SQL: SHOW COLUMNS FROM `ar` [ RunTime:0.0040s ]
SQL: SELECT * FROM `ar` ORDER BY aid  [ RunTime:0.0000s ]
SQL: SHOW COLUMNS FROM `kind` [ RunTime:0.0050s ]
SQL: SHOW COLUMNS FROM `kind` [ RunTime:0.0040s ]
SQL: SELECT * FROM `kind`  [ RunTime:0.0000s ]
INFO: [ view_parse ] --START--
INFO: [ template_filter ] --START--
INFO: Run Behavior\ContentReplaceBehavior [ RunTime:0.000000s ]
INFO: [ template_filter ] --END-- [ RunTime:0.000000s ]
INFO: Run Behavior\ParseTemplateBehavior [ RunTime:0.015001s ]
INFO: [ view_parse ] --END-- [ RunTime:0.015001s ]
INFO: [ view_filter ] --START--
INFO: Run Behavior\WriteHtmlCacheBehavior [ RunTime:0.000000s ]
INFO: [ view_filter ] --END-- [ RunTime:0.000000s ]
INFO: [ app_end ] --START--
INFO: Run Behavior\ShowPageTraceBehavior [ RunTime:0.001000s ]
INFO: [ app_end ] --END-- [ RunTime:0.001000s ]

[ 2018-11-18T17:06:01+08:00 ] ::1 /toshop/index.php/Admin/Product/product/p/2.html
INFO: [ app_init ] --START--
INFO: Run Behavior\BuildLiteBehavior [ RunTime:0.000000s ]
INFO: [ app_init ] --END-- [ RunTime:0.000000s ]
INFO: [ app_begin ] --START--
INFO: Run Behavior\ReadHtmlCacheBehavior [ RunTime:0.000000s ]
INFO: [ app_begin ] --END-- [ RunTime:0.000000s ]
SQL: SHOW COLUMNS FROM `pk` [ RunTime:0.0100s ]
SQL: SELECT COUNT(*) AS tp_count FROM `pk` LIMIT 1   [ RunTime:0.0010s ]
SQL: SELECT * FROM `pk` ORDER BY id desc LIMIT 9,9   [ RunTime:0.0020s ]
SQL: SHOW COLUMNS FROM `size` [ RunTime:0.0090s ]
SQL: SHOW COLUMNS FROM `size` [ RunTime:0.0080s ]
SQL: SELECT * FROM `size` ORDER BY id desc  [ RunTime:0.0000s ]
SQL: SHOW COLUMNS FROM `color` [ RunTime:0.0060s ]
SQL: SHOW COLUMNS FROM `color` [ RunTime:0.0060s ]
SQL: SELECT * FROM `color` ORDER BY id desc  [ RunTime:0.0000s ]
SQL: SHOW COLUMNS FROM `actor` [ RunTime:0.0050s ]
SQL: SHOW COLUMNS FROM `ar` [ RunTime:0.0060s ]
SQL: SELECT * FROM `ar` ORDER BY aid  [ RunTime:0.0000s ]
SQL: SHOW COLUMNS FROM `kind` [ RunTime:0.0040s ]
SQL: SHOW COLUMNS FROM `kind` [ RunTime:0.0040s ]
SQL: SELECT * FROM `kind`  [ RunTime:0.0000s ]
INFO: [ view_parse ] --START--
INFO: [ template_filter ] --START--
INFO: Run Behavior\ContentReplaceBehavior [ RunTime:0.000000s ]
INFO: [ template_filter ] --END-- [ RunTime:0.000000s ]
INFO: Run Behavior\ParseTemplateBehavior [ RunTime:0.013001s ]
INFO: [ view_parse ] --END-- [ RunTime:0.014001s ]
INFO: [ view_filter ] --START--
INFO: Run Behavior\WriteHtmlCacheBehavior [ RunTime:0.000000s ]
INFO: [ view_filter ] --END-- [ RunTime:0.000000s ]
INFO: [ app_end ] --START--
INFO: Run Behavior\ShowPageTraceBehavior [ RunTime:0.001000s ]
INFO: [ app_end ] --END-- [ RunTime:0.001000s ]

[ 2018-11-18T17:06:05+08:00 ] ::1 /toshop/index.php/admin/Show/lunbo.html
INFO: [ app_init ] --START--
INFO: Run Behavior\BuildLiteBehavior [ RunTime:0.000000s ]
INFO: [ app_init ] --END-- [ RunTime:0.000000s ]
INFO: [ app_begin ] --START--
INFO: Run Behavior\ReadHtmlCacheBehavior [ RunTime:0.001000s ]
INFO: [ app_begin ] --END-- [ RunTime:0.001000s ]
SQL: SHOW COLUMNS FROM `lunbo` [ RunTime:0.0120s ]
SQL: SELECT * FROM `lunbo` ORDER BY lid  [ RunTime:0.0010s ]
INFO: [ view_parse ] --START--
INFO: [ template_filter ] --START--
INFO: Run Behavior\ContentReplaceBehavior [ RunTime:0.000000s ]
INFO: [ template_filter ] --END-- [ RunTime:0.000000s ]
INFO: Run Behavior\ParseTemplateBehavior [ RunTime:0.020001s ]
INFO: [ view_parse ] --END-- [ RunTime:0.020001s ]
INFO: [ view_filter ] --START--
INFO: Run Behavior\WriteHtmlCacheBehavior [ RunTime:0.001000s ]
INFO: [ view_filter ] --END-- [ RunTime:0.001000s ]
INFO: [ app_end ] --START--
INFO: Run Behavior\ShowPageTraceBehavior [ RunTime:0.001000s ]
INFO: [ app_end ] --END-- [ RunTime:0.001000s ]

[ 2018-11-18T17:06:07+08:00 ] ::1 /toshop/index.php/admin/Order/order.html
INFO: [ app_init ] --START--
INFO: Run Behavior\BuildLiteBehavior [ RunTime:0.000000s ]
INFO: [ app_init ] --END-- [ RunTime:0.001000s ]
INFO: [ app_begin ] --START--
INFO: Run Behavior\ReadHtmlCacheBehavior [ RunTime:0.000000s ]
INFO: [ app_begin ] --END-- [ RunTime:0.000000s ]
SQL: SHOW COLUMNS FROM `orderinfo` [ RunTime:0.0200s ]
SQL: SHOW COLUMNS FROM `addresspay` [ RunTime:0.0110s ]
SQL: SELECT * FROM `addresspay` WHERE ( isdeliver=0 and ispay=1  )  [ RunTime:0.0010s ]
SQL: SELECT * FROM `addresspay` WHERE ( isdeliver=1 and ispay=1 and isget = 0 )  [ RunTime:0.0000s ]
SQL: SELECT * FROM `addresspay` WHERE ( isget = 1 )  [ RunTime:0.0000s ]
INFO: [ view_parse ] --START--
INFO: [ template_filter ] --START--
INFO: Run Behavior\ContentReplaceBehavior [ RunTime:0.000000s ]
INFO: [ template_filter ] --END-- [ RunTime:0.000000s ]
NOTIC: [8] Undefined variable: page D:\phpStudy\WWW\toshop\Application\Runtime\Cache\Admin\a64e937f36419d4a7777cf289b4f6414.php 第 153 行.
NOTIC: [8] Undefined variable: page D:\phpStudy\WWW\toshop\Application\Runtime\Cache\Admin\a64e937f36419d4a7777cf289b4f6414.php 第 183 行.
NOTIC: [8] Undefined variable: page D:\phpStudy\WWW\toshop\Application\Runtime\Cache\Admin\a64e937f36419d4a7777cf289b4f6414.php 第 213 行.
INFO: Run Behavior\ParseTemplateBehavior [ RunTime:0.014000s ]
INFO: [ view_parse ] --END-- [ RunTime:0.014000s ]
INFO: [ view_filter ] --START--
INFO: Run Behavior\WriteHtmlCacheBehavior [ RunTime:0.001000s ]
INFO: [ view_filter ] --END-- [ RunTime:0.001000s ]
INFO: [ app_end ] --START--
INFO: Run Behavior\ShowPageTraceBehavior [ RunTime:0.001000s ]
INFO: [ app_end ] --END-- [ RunTime:0.001000s ]

[ 2018-11-18T17:06:09+08:00 ] ::1 /toshop/index.php/admin/Rbac/user.html
INFO: [ app_init ] --START--
INFO: Run Behavior\BuildLiteBehavior [ RunTime:0.000000s ]
INFO: [ app_init ] --END-- [ RunTime:0.000000s ]
INFO: [ app_begin ] --START--
INFO: Run Behavior\ReadHtmlCacheBehavior [ RunTime:0.001000s ]
INFO: [ app_begin ] --END-- [ RunTime:0.001000s ]
SQL: SHOW COLUMNS FROM `user` [ RunTime:0.0090s ]
SQL: SHOW COLUMNS FROM `auth` [ RunTime:0.0090s ]
SQL: SELECT * FROM `auth`  [ RunTime:0.0010s ]
SQL: SHOW COLUMNS FROM `auth_group` [ RunTime:0.0050s ]
SQL: SHOW COLUMNS FROM `auth_group` [ RunTime:0.0040s ]
SQL: SELECT * FROM `auth_group`  [ RunTime:0.0010s ]
INFO: [ view_parse ] --START--
INFO: [ template_filter ] --START--
INFO: Run Behavior\ContentReplaceBehavior [ RunTime:0.000000s ]
INFO: [ template_filter ] --END-- [ RunTime:0.000000s ]
INFO: Run Behavior\ParseTemplateBehavior [ RunTime:0.011000s ]
INFO: [ view_parse ] --END-- [ RunTime:0.011000s ]
INFO: [ view_filter ] --START--
INFO: Run Behavior\WriteHtmlCacheBehavior [ RunTime:0.000000s ]
INFO: [ view_filter ] --END-- [ RunTime:0.001000s ]
INFO: [ app_end ] --START--
INFO: Run Behavior\ShowPageTraceBehavior [ RunTime:0.000000s ]
INFO: [ app_end ] --END-- [ RunTime:0.000000s ]

[ 2018-11-18T17:06:11+08:00 ] ::1 /toshop/index.php/admin/Rbac/role.html
INFO: [ app_init ] --START--
INFO: Run Behavior\BuildLiteBehavior [ RunTime:0.000000s ]
INFO: [ app_init ] --END-- [ RunTime:0.000000s ]
INFO: [ app_begin ] --START--
INFO: Run Behavior\ReadHtmlCacheBehavior [ RunTime:0.001000s ]
INFO: [ app_begin ] --END-- [ RunTime:0.001000s ]
SQL: SHOW COLUMNS FROM `auth_group` [ RunTime:0.0080s ]
SQL: SHOW COLUMNS FROM `auth_group` [ RunTime:0.0070s ]
SQL: SELECT * FROM `auth_group`  [ RunTime:0.0000s ]
INFO: [ view_parse ] --START--
INFO: [ template_filter ] --START--
INFO: Run Behavior\ContentReplaceBehavior [ RunTime:0.000000s ]
INFO: [ template_filter ] --END-- [ RunTime:0.001000s ]
INFO: Run Behavior\ParseTemplateBehavior [ RunTime:0.011001s ]
INFO: [ view_parse ] --END-- [ RunTime:0.011001s ]
INFO: [ view_filter ] --START--
INFO: Run Behavior\WriteHtmlCacheBehavior [ RunTime:0.001000s ]
INFO: [ view_filter ] --END-- [ RunTime:0.001000s ]
INFO: [ app_end ] --START--
INFO: Run Behavior\ShowPageTraceBehavior [ RunTime:0.001000s ]
INFO: [ app_end ] --END-- [ RunTime:0.001000s ]

[ 2018-11-18T17:06:12+08:00 ] ::1 /toshop/index.php/admin/Rbac/node.html
INFO: [ app_init ] --START--
INFO: Run Behavior\BuildLiteBehavior [ RunTime:0.000000s ]
INFO: [ app_init ] --END-- [ RunTime:0.001000s ]
INFO: [ app_begin ] --START--
INFO: Run Behavior\ReadHtmlCacheBehavior [ RunTime:0.001000s ]
INFO: [ app_begin ] --END-- [ RunTime:0.001000s ]
SQL: SHOW COLUMNS FROM `node` [ RunTime:0.0120s ]
SQL: SHOW COLUMNS FROM `node` [ RunTime:0.0100s ]
SQL: SELECT * FROM `node` ORDER BY id desc  [ RunTime:0.0010s ]
SQL: SELECT * FROM `node` WHERE ( level != 3 )  [ RunTime:0.0010s ]
INFO: [ view_parse ] --START--
INFO: [ template_filter ] --START--
INFO: Run Behavior\ContentReplaceBehavior [ RunTime:0.000000s ]
INFO: [ template_filter ] --END-- [ RunTime:0.000000s ]
NOTIC: [8] Undefined index: kindid D:\phpStudy\WWW\toshop\Application\Runtime\Cache\Admin\7ea76ee68c2dc64c1082be9848e2dd36.php 第 162 行.
NOTIC: [8] Undefined index: kindid D:\phpStudy\WWW\toshop\Application\Runtime\Cache\Admin\7ea76ee68c2dc64c1082be9848e2dd36.php 第 162 行.
NOTIC: [8] Undefined index: kindid D:\phpStudy\WWW\toshop\Application\Runtime\Cache\Admin\7ea76ee68c2dc64c1082be9848e2dd36.php 第 162 行.
NOTIC: [8] Undefined index: kindid D:\phpStudy\WWW\toshop\Application\Runtime\Cache\Admin\7ea76ee68c2dc64c1082be9848e2dd36.php 第 162 行.
NOTIC: [8] Undefined index: kindid D:\phpStudy\WWW\toshop\Application\Runtime\Cache\Admin\7ea76ee68c2dc64c1082be9848e2dd36.php 第 162 行.
NOTIC: [8] Undefined index: kindid D:\phpStudy\WWW\toshop\Application\Runtime\Cache\Admin\7ea76ee68c2dc64c1082be9848e2dd36.php 第 162 行.
NOTIC: [8] Undefined index: kindid D:\phpStudy\WWW\toshop\Application\Runtime\Cache\Admin\7ea76ee68c2dc64c1082be9848e2dd36.php 第 162 行.
NOTIC: [8] Undefined index: kindid D:\phpStudy\WWW\toshop\Application\Runtime\Cache\Admin\7ea76ee68c2dc64c1082be9848e2dd36.php 第 162 行.
NOTIC: [8] Undefined index: kindid D:\phpStudy\WWW\toshop\Application\Runtime\Cache\Admin\7ea76ee68c2dc64c1082be9848e2dd36.php 第 162 行.
NOTIC: [8] Undefined index: kindid D:\phpStudy\WWW\toshop\Application\Runtime\Cache\Admin\7ea76ee68c2dc64c1082be9848e2dd36.php 第 162 行.
NOTIC: [8] Undefined index: kindid D:\phpStudy\WWW\toshop\Application\Runtime\Cache\Admin\7ea76ee68c2dc64c1082be9848e2dd36.php 第 162 行.
NOTIC: [8] Undefined index: kindid D:\phpStudy\WWW\toshop\Application\Runtime\Cache\Admin\7ea76ee68c2dc64c1082be9848e2dd36.php 第 162 行.
NOTIC: [8] Undefined index: kindid D:\phpStudy\WWW\toshop\Application\Runtime\Cache\Admin\7ea76ee68c2dc64c1082be9848e2dd36.php 第 162 行.
NOTIC: [8] Undefined index: kindid D:\phpStudy\WWW\toshop\Application\Runtime\Cache\Admin\7ea76ee68c2dc64c1082be9848e2dd36.php 第 162 行.
NOTIC: [8] Undefined index: kindid D:\phpStudy\WWW\toshop\Application\Runtime\Cache\Admin\7ea76ee68c2dc64c1082be9848e2dd36.php 第 162 行.
INFO: Run Behavior\ParseTemplateBehavior [ RunTime:0.009000s ]
INFO: [ view_parse ] --END-- [ RunTime:0.009000s ]
INFO: [ view_filter ] --START--
INFO: Run Behavior\WriteHtmlCacheBehavior [ RunTime:0.000000s ]
INFO: [ view_filter ] --END-- [ RunTime:0.000000s ]
INFO: [ app_end ] --START--
INFO: Run Behavior\ShowPageTraceBehavior [ RunTime:0.000000s ]
INFO: [ app_end ] --END-- [ RunTime:0.000000s ]

[ 2018-11-18T17:08:28+08:00 ] ::1 /toshop/index.php/admin/Kind/region.html
INFO: [ app_init ] --START--
INFO: Run Behavior\BuildLiteBehavior [ RunTime:0.000000s ]
INFO: [ app_init ] --END-- [ RunTime:0.000000s ]
INFO: [ app_begin ] --START--
INFO: Run Behavior\ReadHtmlCacheBehavior [ RunTime:0.000000s ]
INFO: [ app_begin ] --END-- [ RunTime:0.000000s ]
SQL: SHOW COLUMNS FROM `region` [ RunTime:0.0060s ]
SQL: SHOW COLUMNS FROM `region` [ RunTime:0.0070s ]
SQL: SELECT * FROM `region`  [ RunTime:0.0000s ]
INFO: [ view_parse ] --START--
INFO: [ template_filter ] --START--
INFO: Run Behavior\ContentReplaceBehavior [ RunTime:0.000000s ]
INFO: [ template_filter ] --END-- [ RunTime:0.000000s ]
INFO: Run Behavior\ParseTemplateBehavior [ RunTime:0.010000s ]
INFO: [ view_parse ] --END-- [ RunTime:0.010000s ]
INFO: [ view_filter ] --START--
INFO: Run Behavior\WriteHtmlCacheBehavior [ RunTime:0.000000s ]
INFO: [ view_filter ] --END-- [ RunTime:0.000000s ]
INFO: [ app_end ] --START--
INFO: Run Behavior\ShowPageTraceBehavior [ RunTime:0.001000s ]
INFO: [ app_end ] --END-- [ RunTime:0.001000s ]

[ 2018-11-18T17:08:30+08:00 ] ::1 /toshop/index.php/admin/Kind/region.html
INFO: [ app_init ] --START--
INFO: Run Behavior\BuildLiteBehavior [ RunTime:0.000000s ]
INFO: [ app_init ] --END-- [ RunTime:0.001000s ]
INFO: [ app_begin ] --START--
INFO: Run Behavior\ReadHtmlCacheBehavior [ RunTime:0.001000s ]
INFO: [ app_begin ] --END-- [ RunTime:0.001000s ]
SQL: SHOW COLUMNS FROM `region` [ RunTime:0.0030s ]
SQL: SHOW COLUMNS FROM `region` [ RunTime:0.0030s ]
SQL: SELECT * FROM `region`  [ RunTime:0.0000s ]
INFO: [ view_parse ] --START--
INFO: [ template_filter ] --START--
INFO: Run Behavior\ContentReplaceBehavior [ RunTime:0.000000s ]
INFO: [ template_filter ] --END-- [ RunTime:0.000000s ]
INFO: Run Behavior\ParseTemplateBehavior [ RunTime:0.007000s ]
INFO: [ view_parse ] --END-- [ RunTime:0.007000s ]
INFO: [ view_filter ] --START--
INFO: Run Behavior\WriteHtmlCacheBehavior [ RunTime:0.000000s ]
INFO: [ view_filter ] --END-- [ RunTime:0.000000s ]
INFO: [ app_end ] --START--
INFO: Run Behavior\ShowPageTraceBehavior [ RunTime:0.001001s ]
INFO: [ app_end ] --END-- [ RunTime:0.001001s ]

[ 2018-11-18T17:08:31+08:00 ] ::1 /toshop/index.php/admin/Kind/kind.html
INFO: [ app_init ] --START--
INFO: Run Behavior\BuildLiteBehavior [ RunTime:0.000000s ]
INFO: [ app_init ] --END-- [ RunTime:0.000000s ]
INFO: [ app_begin ] --START--
INFO: Run Behavior\ReadHtmlCacheBehavior [ RunTime:0.001000s ]
INFO: [ app_begin ] --END-- [ RunTime:0.001000s ]
SQL: SHOW COLUMNS FROM `kind` [ RunTime:0.0190s ]
SQL: SELECT COUNT(*) AS tp_count FROM `kind` LIMIT 1   [ RunTime:0.0010s ]
SQL: SELECT * FROM `kind` ORDER BY kindid LIMIT 0,9   [ RunTime:0.0000s ]
INFO: [ view_parse ] --START--
INFO: [ template_filter ] --START--
INFO: Run Behavior\ContentReplaceBehavior [ RunTime:0.000000s ]
INFO: [ template_filter ] --END-- [ RunTime:0.000000s ]
INFO: Run Behavior\ParseTemplateBehavior [ RunTime:0.012001s ]
INFO: [ view_parse ] --END-- [ RunTime:0.012001s ]
INFO: [ view_filter ] --START--
INFO: Run Behavior\WriteHtmlCacheBehavior [ RunTime:0.000000s ]
INFO: [ view_filter ] --END-- [ RunTime:0.000000s ]
INFO: [ app_end ] --START--
INFO: Run Behavior\ShowPageTraceBehavior [ RunTime:0.001000s ]
INFO: [ app_end ] --END-- [ RunTime:0.001000s ]

[ 2018-11-18T17:08:33+08:00 ] ::1 /toshop/index.php/admin/Actor/actor.html
INFO: [ app_init ] --START--
INFO: Run Behavior\BuildLiteBehavior [ RunTime:0.000000s ]
INFO: [ app_init ] --END-- [ RunTime:0.000000s ]
INFO: [ app_begin ] --START--
INFO: Run Behavior\ReadHtmlCacheBehavior [ RunTime:0.001000s ]
INFO: [ app_begin ] --END-- [ RunTime:0.001000s ]
SQL: SHOW COLUMNS FROM `actor` [ RunTime:0.0190s ]
SQL: SELECT COUNT(*) AS tp_count FROM `actor` LIMIT 1   [ RunTime:0.0000s ]
SQL: SELECT * FROM `actor` ORDER BY aid LIMIT 0,9   [ RunTime:0.0010s ]
SQL: SHOW COLUMNS FROM `region` [ RunTime:0.0070s ]
SQL: SHOW COLUMNS FROM `region` [ RunTime:0.0060s ]
SQL: SELECT * FROM `region`  [ RunTime:0.0000s ]
INFO: [ view_parse ] --START--
INFO: [ template_filter ] --START--
INFO: Run Behavior\ContentReplaceBehavior [ RunTime:0.000000s ]
INFO: [ template_filter ] --END-- [ RunTime:0.000000s ]
NOTIC: [8] Undefined index: rname D:\phpStudy\WWW\toshop\Application\Runtime\Cache\Admin\8a11d7e6e5a10364d97c4ad31b5d2eec.php 第 156 行.
NOTIC: [8] Undefined index: rname D:\phpStudy\WWW\toshop\Application\Runtime\Cache\Admin\8a11d7e6e5a10364d97c4ad31b5d2eec.php 第 156 行.
NOTIC: [8] Undefined index: rname D:\phpStudy\WWW\toshop\Application\Runtime\Cache\Admin\8a11d7e6e5a10364d97c4ad31b5d2eec.php 第 156 行.
NOTIC: [8] Undefined index: rname D:\phpStudy\WWW\toshop\Application\Runtime\Cache\Admin\8a11d7e6e5a10364d97c4ad31b5d2eec.php 第 156 行.
NOTIC: [8] Undefined index: rname D:\phpStudy\WWW\toshop\Application\Runtime\Cache\Admin\8a11d7e6e5a10364d97c4ad31b5d2eec.php 第 156 行.
NOTIC: [8] Undefined index: rname D:\phpStudy\WWW\toshop\Application\Runtime\Cache\Admin\8a11d7e6e5a10364d97c4ad31b5d2eec.php 第 156 行.
NOTIC: [8] Undefined index: rname D:\phpStudy\WWW\toshop\Application\Runtime\Cache\Admin\8a11d7e6e5a10364d97c4ad31b5d2eec.php 第 156 行.
NOTIC: [8] Undefined index: rname D:\phpStudy\WWW\toshop\Application\Runtime\Cache\Admin\8a11d7e6e5a10364d97c4ad31b5d2eec.php 第 156 行.
NOTIC: [8] Undefined index: rname D:\phpStudy\WWW\toshop\Application\Runtime\Cache\Admin\8a11d7e6e5a10364d97c4ad31b5d2eec.php 第 156 行.
INFO: Run Behavior\ParseTemplateBehavior [ RunTime:0.013001s ]
INFO: [ view_parse ] --END-- [ RunTime:0.013001s ]
INFO: [ view_filter ] --START--
INFO: Run Behavior\WriteHtmlCacheBehavior [ RunTime:0.000000s ]
INFO: [ view_filter ] --END-- [ RunTime:0.000000s ]
INFO: [ app_end ] --START--
INFO: Run Behavior\ShowPageTraceBehavior [ RunTime:0.001000s ]
INFO: [ app_end ] --END-- [ RunTime:0.001000s ]

[ 2018-11-18T17:08:45+08:00 ] ::1 /toshop/index.php/admin/Order/order.html
INFO: [ app_init ] --START--
INFO: Run Behavior\BuildLiteBehavior [ RunTime:0.000000s ]
INFO: [ app_init ] --END-- [ RunTime:0.000000s ]
INFO: [ app_begin ] --START--
INFO: Run Behavior\ReadHtmlCacheBehavior [ RunTime:0.000000s ]
INFO: [ app_begin ] --END-- [ RunTime:0.000000s ]
SQL: SHOW COLUMNS FROM `orderinfo` [ RunTime:0.0050s ]
SQL: SHOW COLUMNS FROM `addresspay` [ RunTime:0.0050s ]
SQL: SELECT * FROM `addresspay` WHERE ( isdeliver=0 and ispay=1  )  [ RunTime:0.0000s ]
SQL: SELECT * FROM `addresspay` WHERE ( isdeliver=1 and ispay=1 and isget = 0 )  [ RunTime:0.0000s ]
SQL: SELECT * FROM `addresspay` WHERE ( isget = 1 )  [ RunTime:0.0000s ]
INFO: [ view_parse ] --START--
INFO: [ template_filter ] --START--
INFO: Run Behavior\ContentReplaceBehavior [ RunTime:0.000000s ]
INFO: [ template_filter ] --END-- [ RunTime:0.000000s ]
NOTIC: [8] Undefined variable: page D:\phpStudy\WWW\toshop\Application\Runtime\Cache\Admin\a64e937f36419d4a7777cf289b4f6414.php 第 153 行.
NOTIC: [8] Undefined variable: page D:\phpStudy\WWW\toshop\Application\Runtime\Cache\Admin\a64e937f36419d4a7777cf289b4f6414.php 第 183 行.
NOTIC: [8] Undefined variable: page D:\phpStudy\WWW\toshop\Application\Runtime\Cache\Admin\a64e937f36419d4a7777cf289b4f6414.php 第 213 行.
INFO: Run Behavior\ParseTemplateBehavior [ RunTime:0.012000s ]
INFO: [ view_parse ] --END-- [ RunTime:0.012000s ]
INFO: [ view_filter ] --START--
INFO: Run Behavior\WriteHtmlCacheBehavior [ RunTime:0.000000s ]
INFO: [ view_filter ] --END-- [ RunTime:0.001000s ]
INFO: [ app_end ] --START--
INFO: Run Behavior\ShowPageTraceBehavior [ RunTime:0.000000s ]
INFO: [ app_end ] --END-- [ RunTime:0.000000s ]

[ 2018-11-18T17:08:48+08:00 ] ::1 /toshop/index.php/admin/Rbac/user.html
INFO: [ app_init ] --START--
INFO: Run Behavior\BuildLiteBehavior [ RunTime:0.000000s ]
INFO: [ app_init ] --END-- [ RunTime:0.000000s ]
INFO: [ app_begin ] --START--
INFO: Run Behavior\ReadHtmlCacheBehavior [ RunTime:0.000000s ]
INFO: [ app_begin ] --END-- [ RunTime:0.000000s ]
SQL: SHOW COLUMNS FROM `user` [ RunTime:0.0080s ]
SQL: SHOW COLUMNS FROM `auth` [ RunTime:0.0080s ]
SQL: SELECT * FROM `auth`  [ RunTime:0.0010s ]
SQL: SHOW COLUMNS FROM `auth_group` [ RunTime:0.0060s ]
SQL: SHOW COLUMNS FROM `auth_group` [ RunTime:0.0030s ]
SQL: SELECT * FROM `auth_group`  [ RunTime:0.0000s ]
INFO: [ view_parse ] --START--
INFO: [ template_filter ] --START--
INFO: Run Behavior\ContentReplaceBehavior [ RunTime:0.000000s ]
INFO: [ template_filter ] --END-- [ RunTime:0.000000s ]
INFO: Run Behavior\ParseTemplateBehavior [ RunTime:0.007000s ]
INFO: [ view_parse ] --END-- [ RunTime:0.007000s ]
INFO: [ view_filter ] --START--
INFO: Run Behavior\WriteHtmlCacheBehavior [ RunTime:0.000000s ]
INFO: [ view_filter ] --END-- [ RunTime:0.000000s ]
INFO: [ app_end ] --START--
INFO: Run Behavior\ShowPageTraceBehavior [ RunTime:0.000000s ]
INFO: [ app_end ] --END-- [ RunTime:0.000000s ]

[ 2018-11-18T17:08:49+08:00 ] ::1 /toshop/index.php/admin/Rbac/role.html
INFO: [ app_init ] --START--
INFO: Run Behavior\BuildLiteBehavior [ RunTime:0.000000s ]
INFO: [ app_init ] --END-- [ RunTime:0.000000s ]
INFO: [ app_begin ] --START--
INFO: Run Behavior\ReadHtmlCacheBehavior [ RunTime:0.000000s ]
INFO: [ app_begin ] --END-- [ RunTime:0.000000s ]
SQL: SHOW COLUMNS FROM `auth_group` [ RunTime:0.0120s ]
SQL: SHOW COLUMNS FROM `auth_group` [ RunTime:0.0100s ]
SQL: SELECT * FROM `auth_group`  [ RunTime:0.0010s ]
INFO: [ view_parse ] --START--
INFO: [ template_filter ] --START--
INFO: Run Behavior\ContentReplaceBehavior [ RunTime:0.000000s ]
INFO: [ template_filter ] --END-- [ RunTime:0.000000s ]
INFO: Run Behavior\ParseTemplateBehavior [ RunTime:0.014001s ]
INFO: [ view_parse ] --END-- [ RunTime:0.014001s ]
INFO: [ view_filter ] --START--
INFO: Run Behavior\WriteHtmlCacheBehavior [ RunTime:0.000000s ]
INFO: [ view_filter ] --END-- [ RunTime:0.000000s ]
INFO: [ app_end ] --START--
INFO: Run Behavior\ShowPageTraceBehavior [ RunTime:0.000000s ]
INFO: [ app_end ] --END-- [ RunTime:0.000000s ]

[ 2018-11-18T17:08:52+08:00 ] ::1 /toshop/index.php/admin/Kind/region.html
INFO: [ app_init ] --START--
INFO: Run Behavior\BuildLiteBehavior [ RunTime:0.000000s ]
INFO: [ app_init ] --END-- [ RunTime:0.000000s ]
INFO: [ app_begin ] --START--
INFO: Run Behavior\ReadHtmlCacheBehavior [ RunTime:0.001000s ]
INFO: [ app_begin ] --END-- [ RunTime:0.001000s ]
SQL: SHOW COLUMNS FROM `region` [ RunTime:0.0160s ]
SQL: SHOW COLUMNS FROM `region` [ RunTime:0.0110s ]
SQL: SELECT * FROM `region`  [ RunTime:0.0000s ]
INFO: [ view_parse ] --START--
INFO: [ template_filter ] --START--
INFO: Run Behavior\ContentReplaceBehavior [ RunTime:0.000000s ]
INFO: [ template_filter ] --END-- [ RunTime:0.000000s ]
INFO: Run Behavior\ParseTemplateBehavior [ RunTime:0.007001s ]
INFO: [ view_parse ] --END-- [ RunTime:0.008001s ]
INFO: [ view_filter ] --START--
INFO: Run Behavior\WriteHtmlCacheBehavior [ RunTime:0.000000s ]
INFO: [ view_filter ] --END-- [ RunTime:0.000000s ]
INFO: [ app_end ] --START--
INFO: Run Behavior\ShowPageTraceBehavior [ RunTime:0.000000s ]
INFO: [ app_end ] --END-- [ RunTime:0.000000s ]

