[ 2018-11-06T12:03:06+08:00 ] ::1 /yqf/toshop/index.php/admin/login/login
INFO: [ app_init ] --START--
INFO: Run Behavior\BuildLiteBehavior [ RunTime:0.000000s ]
INFO: [ app_init ] --END-- [ RunTime:0.000000s ]
INFO: [ app_begin ] --START--
INFO: Run Behavior\ReadHtmlCacheBehavior [ RunTime:0.000000s ]
INFO: [ app_begin ] --END-- [ RunTime:0.000000s ]
INFO: [ view_parse ] --START--
INFO: [ template_filter ] --START--
INFO: Run Behavior\ContentReplaceBehavior [ RunTime:0.000000s ]
INFO: [ template_filter ] --END-- [ RunTime:0.000000s ]
INFO: Run Behavior\ParseTemplateBehavior [ RunTime:0.010001s ]
INFO: [ view_parse ] --END-- [ RunTime:0.010001s ]
INFO: [ view_filter ] --START--
INFO: Run Behavior\WriteHtmlCacheBehavior [ RunTime:0.000000s ]
INFO: [ view_filter ] --END-- [ RunTime:0.001000s ]
INFO: [ app_end ] --START--
INFO: Run Behavior\ShowPageTraceBehavior [ RunTime:0.000000s ]
INFO: [ app_end ] --END-- [ RunTime:0.000000s ]

[ 2018-11-06T12:03:11+08:00 ] ::1 /yqf/toshop/index.php/admin/login/tologin
INFO: [ app_init ] --START--
INFO: Run Behavior\BuildLiteBehavior [ RunTime:0.000000s ]
INFO: [ app_init ] --END-- [ RunTime:0.000000s ]
INFO: [ app_begin ] --START--
INFO: Run Behavior\ReadHtmlCacheBehavior [ RunTime:0.001000s ]
INFO: [ app_begin ] --END-- [ RunTime:0.001000s ]
SQL: SHOW COLUMNS FROM `user` [ RunTime:0.0130s ]
SQL: SHOW COLUMNS FROM `user` [ RunTime:0.0180s ]
SQL: SELECT * FROM `user` WHERE ( username='admin' and userpsw='21232f297a57a5a743894a0e4a801fc3' ) LIMIT 1   [ RunTime:0.0010s ]
NOTIC: [8] A session had already been started - ignoring session_start() D:\phpStudy\WWW\yqf\toshop\Application\Admin\Controller\LoginController.class.php 第 25 行.
INFO: [ app_end ] --START--
INFO: Run Behavior\ShowPageTraceBehavior [ RunTime:0.001000s ]
INFO: [ app_end ] --END-- [ RunTime:0.001000s ]

[ 2018-11-06T12:03:11+08:00 ] ::1 /yqf/toshop/index.php/admin/Index/index.html
INFO: [ app_init ] --START--
INFO: Run Behavior\BuildLiteBehavior [ RunTime:0.000000s ]
INFO: [ app_init ] --END-- [ RunTime:0.001000s ]
INFO: [ app_begin ] --START--
INFO: Run Behavior\ReadHtmlCacheBehavior [ RunTime:0.001000s ]
INFO: [ app_begin ] --END-- [ RunTime:0.001000s ]
INFO: [ view_parse ] --START--
INFO: [ template_filter ] --START--
INFO: Run Behavior\ContentReplaceBehavior [ RunTime:0.000000s ]
INFO: [ template_filter ] --END-- [ RunTime:0.000000s ]
INFO: Run Behavior\ParseTemplateBehavior [ RunTime:0.009000s ]
INFO: [ view_parse ] --END-- [ RunTime:0.009000s ]
INFO: [ view_filter ] --START--
INFO: Run Behavior\WriteHtmlCacheBehavior [ RunTime:0.001000s ]
INFO: [ view_filter ] --END-- [ RunTime:0.001000s ]
INFO: [ app_end ] --START--
INFO: Run Behavior\ShowPageTraceBehavior [ RunTime:0.000000s ]
INFO: [ app_end ] --END-- [ RunTime:0.000000s ]

[ 2018-11-06T12:03:11+08:00 ] ::1 /yqf/toshop/index.php/admin/Product/product.html
INFO: [ app_init ] --START--
INFO: Run Behavior\BuildLiteBehavior [ RunTime:0.000000s ]
INFO: [ app_init ] --END-- [ RunTime:0.001000s ]
INFO: [ app_begin ] --START--
INFO: Run Behavior\ReadHtmlCacheBehavior [ RunTime:0.001000s ]
INFO: [ app_begin ] --END-- [ RunTime:0.001000s ]
SQL: SHOW COLUMNS FROM `pk` [ RunTime:0.0190s ]
SQL: SELECT COUNT(*) AS tp_count FROM `pk` LIMIT 1   [ RunTime:0.0020s ]
SQL: SELECT * FROM `pk` ORDER BY id desc LIMIT 0,8   [ RunTime:0.0030s ]
SQL: SHOW COLUMNS FROM `size` [ RunTime:0.0170s ]
SQL: SHOW COLUMNS FROM `size` [ RunTime:0.0180s ]
SQL: SELECT * FROM `size` ORDER BY id desc  [ RunTime:0.0000s ]
SQL: SHOW COLUMNS FROM `color` [ RunTime:0.0170s ]
SQL: SHOW COLUMNS FROM `color` [ RunTime:0.0140s ]
SQL: SELECT * FROM `color` ORDER BY id desc  [ RunTime:0.0000s ]
SQL: SHOW COLUMNS FROM `actor` [ RunTime:0.0180s ]
SQL: SHOW COLUMNS FROM `ar` [ RunTime:0.0180s ]
SQL: SELECT * FROM `ar` ORDER BY aid  [ RunTime:0.0040s ]
SQL: SHOW COLUMNS FROM `kind` [ RunTime:0.0140s ]
SQL: SHOW COLUMNS FROM `kind` [ RunTime:0.0150s ]
SQL: SELECT * FROM `kind`  [ RunTime:0.0000s ]
INFO: [ view_parse ] --START--
INFO: [ template_filter ] --START--
INFO: Run Behavior\ContentReplaceBehavior [ RunTime:0.000000s ]
INFO: [ template_filter ] --END-- [ RunTime:0.001000s ]
INFO: Run Behavior\ParseTemplateBehavior [ RunTime:0.017001s ]
INFO: [ view_parse ] --END-- [ RunTime:0.017001s ]
INFO: [ view_filter ] --START--
INFO: Run Behavior\WriteHtmlCacheBehavior [ RunTime:0.000000s ]
INFO: [ view_filter ] --END-- [ RunTime:0.000000s ]
INFO: [ app_end ] --START--
INFO: Run Behavior\ShowPageTraceBehavior [ RunTime:0.001000s ]
INFO: [ app_end ] --END-- [ RunTime:0.001000s ]

[ 2018-11-06T12:03:21+08:00 ] ::1 /yqf/toshop/index.php/admin/product/selsize
INFO: [ app_init ] --START--
INFO: Run Behavior\BuildLiteBehavior [ RunTime:0.000000s ]
INFO: [ app_init ] --END-- [ RunTime:0.001000s ]
INFO: [ app_begin ] --START--
INFO: Run Behavior\ReadHtmlCacheBehavior [ RunTime:0.000000s ]
INFO: [ app_begin ] --END-- [ RunTime:0.000000s ]
SQL: SHOW COLUMNS FROM `prosize` [ RunTime:0.0160s ]
SQL: SHOW COLUMNS FROM `prosize` [ RunTime:0.0170s ]
SQL: SELECT * FROM `prosize` WHERE ( pid=9 )  [ RunTime:0.0000s ]
INFO: [ app_end ] --START--
INFO: Run Behavior\ShowPageTraceBehavior [ RunTime:0.001000s ]
INFO: [ app_end ] --END-- [ RunTime:0.001000s ]

[ 2018-11-06T12:03:54+08:00 ] ::1 /yqf/toshop/index.php/admin/Product/product.html
INFO: [ app_init ] --START--
INFO: Run Behavior\BuildLiteBehavior [ RunTime:0.000000s ]
INFO: [ app_init ] --END-- [ RunTime:0.001000s ]
INFO: [ app_begin ] --START--
INFO: Run Behavior\ReadHtmlCacheBehavior [ RunTime:0.001000s ]
INFO: [ app_begin ] --END-- [ RunTime:0.001000s ]
SQL: SHOW COLUMNS FROM `pk` [ RunTime:0.0130s ]
SQL: SELECT COUNT(*) AS tp_count FROM `pk` LIMIT 1   [ RunTime:0.0010s ]
SQL: SELECT * FROM `pk` ORDER BY id desc LIMIT 0,8   [ RunTime:0.0030s ]
SQL: SHOW COLUMNS FROM `size` [ RunTime:0.0120s ]
SQL: SHOW COLUMNS FROM `size` [ RunTime:0.0130s ]
SQL: SELECT * FROM `size` ORDER BY id desc  [ RunTime:0.0000s ]
SQL: SHOW COLUMNS FROM `color` [ RunTime:0.0140s ]
SQL: SHOW COLUMNS FROM `color` [ RunTime:0.0130s ]
SQL: SELECT * FROM `color` ORDER BY id desc  [ RunTime:0.0010s ]
SQL: SHOW COLUMNS FROM `actor` [ RunTime:0.0160s ]
SQL: SHOW COLUMNS FROM `ar` [ RunTime:0.0120s ]
SQL: SELECT * FROM `ar` ORDER BY aid  [ RunTime:0.0020s ]
SQL: SHOW COLUMNS FROM `kind` [ RunTime:0.0150s ]
SQL: SHOW COLUMNS FROM `kind` [ RunTime:0.0110s ]
SQL: SELECT * FROM `kind`  [ RunTime:0.0010s ]
INFO: [ view_parse ] --START--
INFO: [ template_filter ] --START--
INFO: Run Behavior\ContentReplaceBehavior [ RunTime:0.000000s ]
INFO: [ template_filter ] --END-- [ RunTime:0.000000s ]
INFO: Run Behavior\ParseTemplateBehavior [ RunTime:0.018001s ]
INFO: [ view_parse ] --END-- [ RunTime:0.018001s ]
INFO: [ view_filter ] --START--
INFO: Run Behavior\WriteHtmlCacheBehavior [ RunTime:0.000000s ]
INFO: [ view_filter ] --END-- [ RunTime:0.000000s ]
INFO: [ app_end ] --START--
INFO: Run Behavior\ShowPageTraceBehavior [ RunTime:0.001000s ]
INFO: [ app_end ] --END-- [ RunTime:0.001000s ]

[ 2018-11-06T12:03:55+08:00 ] ::1 /yqf/toshop/index.php/admin/Product/size.html
INFO: [ app_init ] --START--
INFO: Run Behavior\BuildLiteBehavior [ RunTime:0.000000s ]
INFO: [ app_init ] --END-- [ RunTime:0.001000s ]
INFO: [ app_begin ] --START--
INFO: Run Behavior\ReadHtmlCacheBehavior [ RunTime:0.001000s ]
INFO: [ app_begin ] --END-- [ RunTime:0.001000s ]
SQL: SHOW COLUMNS FROM `size` [ RunTime:0.0110s ]
SQL: SHOW COLUMNS FROM `color` [ RunTime:0.0100s ]
SQL: SHOW COLUMNS FROM `color` [ RunTime:0.0080s ]
SQL: SELECT * FROM `color` ORDER BY id desc  [ RunTime:0.0000s ]
SQL: SHOW COLUMNS FROM `size` [ RunTime:0.0130s ]
SQL: SELECT * FROM `size` ORDER BY id desc  [ RunTime:0.0000s ]
INFO: [ view_parse ] --START--
INFO: [ template_filter ] --START--
INFO: Run Behavior\ContentReplaceBehavior [ RunTime:0.001000s ]
INFO: [ template_filter ] --END-- [ RunTime:0.001000s ]
INFO: Run Behavior\ParseTemplateBehavior [ RunTime:0.009000s ]
INFO: [ view_parse ] --END-- [ RunTime:0.009000s ]
INFO: [ view_filter ] --START--
INFO: Run Behavior\WriteHtmlCacheBehavior [ RunTime:0.000000s ]
INFO: [ view_filter ] --END-- [ RunTime:0.000000s ]
INFO: [ app_end ] --START--
INFO: Run Behavior\ShowPageTraceBehavior [ RunTime:0.001000s ]
INFO: [ app_end ] --END-- [ RunTime:0.001000s ]

[ 2018-11-06T12:03:55+08:00 ] ::1 /yqf/toshop/index.php/admin/Actor/actor.html
INFO: [ app_init ] --START--
INFO: Run Behavior\BuildLiteBehavior [ RunTime:0.000000s ]
INFO: [ app_init ] --END-- [ RunTime:0.000000s ]
INFO: [ app_begin ] --START--
INFO: Run Behavior\ReadHtmlCacheBehavior [ RunTime:0.000000s ]
INFO: [ app_begin ] --END-- [ RunTime:0.000000s ]
SQL: SHOW COLUMNS FROM `region` [ RunTime:0.0140s ]
SQL: SHOW COLUMNS FROM `actor` [ RunTime:0.0140s ]
SQL: SHOW COLUMNS FROM `ar` [ RunTime:0.0130s ]
SQL: SELECT * FROM `ar` ORDER BY aid  [ RunTime:0.0020s ]
SQL: SHOW COLUMNS FROM `region` [ RunTime:0.0130s ]
SQL: SELECT * FROM `region`  [ RunTime:0.0000s ]
INFO: [ view_parse ] --START--
INFO: [ template_filter ] --START--
INFO: Run Behavior\ContentReplaceBehavior [ RunTime:0.000000s ]
INFO: [ template_filter ] --END-- [ RunTime:0.000000s ]
INFO: Run Behavior\ParseTemplateBehavior [ RunTime:0.010001s ]
INFO: [ view_parse ] --END-- [ RunTime:0.010001s ]
INFO: [ view_filter ] --START--
INFO: Run Behavior\WriteHtmlCacheBehavior [ RunTime:0.001000s ]
INFO: [ view_filter ] --END-- [ RunTime:0.001000s ]
INFO: [ app_end ] --START--
INFO: Run Behavior\ShowPageTraceBehavior [ RunTime:0.000000s ]
INFO: [ app_end ] --END-- [ RunTime:0.000000s ]

[ 2018-11-06T12:03:56+08:00 ] ::1 /yqf/toshop/index.php/admin/Kind/region.html
INFO: [ app_init ] --START--
INFO: Run Behavior\BuildLiteBehavior [ RunTime:0.000000s ]
INFO: [ app_init ] --END-- [ RunTime:0.001000s ]
INFO: [ app_begin ] --START--
INFO: Run Behavior\ReadHtmlCacheBehavior [ RunTime:0.001000s ]
INFO: [ app_begin ] --END-- [ RunTime:0.001000s ]
SQL: SHOW COLUMNS FROM `region` [ RunTime:0.0120s ]
SQL: SHOW COLUMNS FROM `region` [ RunTime:0.0100s ]
SQL: SELECT * FROM `region`  [ RunTime:0.0000s ]
INFO: [ view_parse ] --START--
INFO: [ template_filter ] --START--
INFO: Run Behavior\ContentReplaceBehavior [ RunTime:0.000000s ]
INFO: [ template_filter ] --END-- [ RunTime:0.000000s ]
INFO: Run Behavior\ParseTemplateBehavior [ RunTime:0.009000s ]
INFO: [ view_parse ] --END-- [ RunTime:0.009000s ]
INFO: [ view_filter ] --START--
INFO: Run Behavior\WriteHtmlCacheBehavior [ RunTime:0.000000s ]
INFO: [ view_filter ] --END-- [ RunTime:0.000000s ]
INFO: [ app_end ] --START--
INFO: Run Behavior\ShowPageTraceBehavior [ RunTime:0.000000s ]
INFO: [ app_end ] --END-- [ RunTime:0.001000s ]

[ 2018-11-06T12:03:57+08:00 ] ::1 /yqf/toshop/index.php/admin/Kind/kind.html
INFO: [ app_init ] --START--
INFO: Run Behavior\BuildLiteBehavior [ RunTime:0.000000s ]
INFO: [ app_init ] --END-- [ RunTime:0.000000s ]
INFO: [ app_begin ] --START--
INFO: Run Behavior\ReadHtmlCacheBehavior [ RunTime:0.001000s ]
INFO: [ app_begin ] --END-- [ RunTime:0.001000s ]
SQL: SHOW COLUMNS FROM `kind` [ RunTime:0.0080s ]
SQL: SELECT COUNT(*) AS tp_count FROM `kind` LIMIT 1   [ RunTime:0.0010s ]
SQL: SELECT * FROM `kind` ORDER BY kindid LIMIT 0,8   [ RunTime:0.0010s ]
INFO: [ view_parse ] --START--
INFO: [ template_filter ] --START--
INFO: Run Behavior\ContentReplaceBehavior [ RunTime:0.000000s ]
INFO: [ template_filter ] --END-- [ RunTime:0.000000s ]
INFO: Run Behavior\ParseTemplateBehavior [ RunTime:0.007001s ]
INFO: [ view_parse ] --END-- [ RunTime:0.007001s ]
INFO: [ view_filter ] --START--
INFO: Run Behavior\WriteHtmlCacheBehavior [ RunTime:0.001000s ]
INFO: [ view_filter ] --END-- [ RunTime:0.001000s ]
INFO: [ app_end ] --START--
INFO: Run Behavior\ShowPageTraceBehavior [ RunTime:0.002000s ]
INFO: [ app_end ] --END-- [ RunTime:0.002000s ]

[ 2018-11-06T12:03:59+08:00 ] ::1 /yqf/toshop/index.php/admin/Product/product.html
INFO: [ app_init ] --START--
INFO: Run Behavior\BuildLiteBehavior [ RunTime:0.000000s ]
INFO: [ app_init ] --END-- [ RunTime:0.001000s ]
INFO: [ app_begin ] --START--
INFO: Run Behavior\ReadHtmlCacheBehavior [ RunTime:0.000000s ]
INFO: [ app_begin ] --END-- [ RunTime:0.000000s ]
SQL: SHOW COLUMNS FROM `pk` [ RunTime:0.0100s ]
SQL: SELECT COUNT(*) AS tp_count FROM `pk` LIMIT 1   [ RunTime:0.0010s ]
SQL: SELECT * FROM `pk` ORDER BY id desc LIMIT 0,8   [ RunTime:0.0030s ]
SQL: SHOW COLUMNS FROM `size` [ RunTime:0.0080s ]
SQL: SHOW COLUMNS FROM `size` [ RunTime:0.0120s ]
SQL: SELECT * FROM `size` ORDER BY id desc  [ RunTime:0.0000s ]
SQL: SHOW COLUMNS FROM `color` [ RunTime:0.0160s ]
SQL: SHOW COLUMNS FROM `color` [ RunTime:0.0140s ]
SQL: SELECT * FROM `color` ORDER BY id desc  [ RunTime:0.0010s ]
SQL: SHOW COLUMNS FROM `actor` [ RunTime:0.0150s ]
SQL: SHOW COLUMNS FROM `ar` [ RunTime:0.0120s ]
SQL: SELECT * FROM `ar` ORDER BY aid  [ RunTime:0.0020s ]
SQL: SHOW COLUMNS FROM `kind` [ RunTime:0.0150s ]
SQL: SHOW COLUMNS FROM `kind` [ RunTime:0.0150s ]
SQL: SELECT * FROM `kind`  [ RunTime:0.0000s ]
INFO: [ view_parse ] --START--
INFO: [ template_filter ] --START--
INFO: Run Behavior\ContentReplaceBehavior [ RunTime:0.000000s ]
INFO: [ template_filter ] --END-- [ RunTime:0.000000s ]
INFO: Run Behavior\ParseTemplateBehavior [ RunTime:0.020001s ]
INFO: [ view_parse ] --END-- [ RunTime:0.020001s ]
INFO: [ view_filter ] --START--
INFO: Run Behavior\WriteHtmlCacheBehavior [ RunTime:0.000000s ]
INFO: [ view_filter ] --END-- [ RunTime:0.000000s ]
INFO: [ app_end ] --START--
INFO: Run Behavior\ShowPageTraceBehavior [ RunTime:0.000000s ]
INFO: [ app_end ] --END-- [ RunTime:0.000000s ]

[ 2018-11-06T12:04:03+08:00 ] ::1 /yqf/toshop/index.php/admin/Kind/kind.html
INFO: [ app_init ] --START--
INFO: Run Behavior\BuildLiteBehavior [ RunTime:0.000000s ]
INFO: [ app_init ] --END-- [ RunTime:0.001000s ]
INFO: [ app_begin ] --START--
INFO: Run Behavior\ReadHtmlCacheBehavior [ RunTime:0.001000s ]
INFO: [ app_begin ] --END-- [ RunTime:0.001000s ]
SQL: SHOW COLUMNS FROM `kind` [ RunTime:0.0120s ]
SQL: SELECT COUNT(*) AS tp_count FROM `kind` LIMIT 1   [ RunTime:0.0010s ]
SQL: SELECT * FROM `kind` ORDER BY kindid LIMIT 0,8   [ RunTime:0.0010s ]
INFO: [ view_parse ] --START--
INFO: [ template_filter ] --START--
INFO: Run Behavior\ContentReplaceBehavior [ RunTime:0.000000s ]
INFO: [ template_filter ] --END-- [ RunTime:0.000000s ]
INFO: Run Behavior\ParseTemplateBehavior [ RunTime:0.009001s ]
INFO: [ view_parse ] --END-- [ RunTime:0.009001s ]
INFO: [ view_filter ] --START--
INFO: Run Behavior\WriteHtmlCacheBehavior [ RunTime:0.000000s ]
INFO: [ view_filter ] --END-- [ RunTime:0.000000s ]
INFO: [ app_end ] --START--
INFO: Run Behavior\ShowPageTraceBehavior [ RunTime:0.000000s ]
INFO: [ app_end ] --END-- [ RunTime:0.001000s ]

[ 2018-11-06T12:04:06+08:00 ] ::1 /yqf/toshop/index.php/admin/Product/product.html
INFO: [ app_init ] --START--
INFO: Run Behavior\BuildLiteBehavior [ RunTime:0.000000s ]
INFO: [ app_init ] --END-- [ RunTime:0.000000s ]
INFO: [ app_begin ] --START--
INFO: Run Behavior\ReadHtmlCacheBehavior [ RunTime:0.000000s ]
INFO: [ app_begin ] --END-- [ RunTime:0.000000s ]
SQL: SHOW COLUMNS FROM `pk` [ RunTime:0.0150s ]
SQL: SELECT COUNT(*) AS tp_count FROM `pk` LIMIT 1   [ RunTime:0.0010s ]
SQL: SELECT * FROM `pk` ORDER BY id desc LIMIT 0,8   [ RunTime:0.0020s ]
SQL: SHOW COLUMNS FROM `size` [ RunTime:0.0120s ]
SQL: SHOW COLUMNS FROM `size` [ RunTime:0.0150s ]
SQL: SELECT * FROM `size` ORDER BY id desc  [ RunTime:0.0000s ]
SQL: SHOW COLUMNS FROM `color` [ RunTime:0.0140s ]
SQL: SHOW COLUMNS FROM `color` [ RunTime:0.0150s ]
SQL: SELECT * FROM `color` ORDER BY id desc  [ RunTime:0.0000s ]
SQL: SHOW COLUMNS FROM `actor` [ RunTime:0.0170s ]
SQL: SHOW COLUMNS FROM `ar` [ RunTime:0.0150s ]
SQL: SELECT * FROM `ar` ORDER BY aid  [ RunTime:0.0020s ]
SQL: SHOW COLUMNS FROM `kind` [ RunTime:0.0140s ]
SQL: SHOW COLUMNS FROM `kind` [ RunTime:0.0130s ]
SQL: SELECT * FROM `kind`  [ RunTime:0.0000s ]
INFO: [ view_parse ] --START--
INFO: [ template_filter ] --START--
INFO: Run Behavior\ContentReplaceBehavior [ RunTime:0.000000s ]
INFO: [ template_filter ] --END-- [ RunTime:0.000000s ]
INFO: Run Behavior\ParseTemplateBehavior [ RunTime:0.017001s ]
INFO: [ view_parse ] --END-- [ RunTime:0.017001s ]
INFO: [ view_filter ] --START--
INFO: Run Behavior\WriteHtmlCacheBehavior [ RunTime:0.000000s ]
INFO: [ view_filter ] --END-- [ RunTime:0.000000s ]
INFO: [ app_end ] --START--
INFO: Run Behavior\ShowPageTraceBehavior [ RunTime:0.001000s ]
INFO: [ app_end ] --END-- [ RunTime:0.001000s ]

[ 2018-11-06T12:33:13+08:00 ] ::1 /yqf/toshop/index.php/admin/Index/index.html
INFO: [ app_init ] --START--
INFO: Run Behavior\BuildLiteBehavior [ RunTime:0.000000s ]
INFO: [ app_init ] --END-- [ RunTime:0.001000s ]
INFO: [ app_begin ] --START--
INFO: Run Behavior\ReadHtmlCacheBehavior [ RunTime:0.001000s ]
INFO: [ app_begin ] --END-- [ RunTime:0.001000s ]
INFO: [ view_parse ] --START--
INFO: [ template_filter ] --START--
INFO: Run Behavior\ContentReplaceBehavior [ RunTime:0.000000s ]
INFO: [ template_filter ] --END-- [ RunTime:0.001000s ]
INFO: Run Behavior\ParseTemplateBehavior [ RunTime:0.007000s ]
INFO: [ view_parse ] --END-- [ RunTime:0.007000s ]
INFO: [ view_filter ] --START--
INFO: Run Behavior\WriteHtmlCacheBehavior [ RunTime:0.000000s ]
INFO: [ view_filter ] --END-- [ RunTime:0.000000s ]
INFO: [ app_end ] --START--
INFO: Run Behavior\ShowPageTraceBehavior [ RunTime:0.000000s ]
INFO: [ app_end ] --END-- [ RunTime:0.000000s ]

[ 2018-11-06T12:33:13+08:00 ] ::1 /yqf/toshop/index.php/admin/Product/product.html
INFO: [ app_init ] --START--
INFO: Run Behavior\BuildLiteBehavior [ RunTime:0.000000s ]
INFO: [ app_init ] --END-- [ RunTime:0.000000s ]
INFO: [ app_begin ] --START--
INFO: Run Behavior\ReadHtmlCacheBehavior [ RunTime:0.000000s ]
INFO: [ app_begin ] --END-- [ RunTime:0.000000s ]
SQL: SHOW COLUMNS FROM `pk` [ RunTime:0.0120s ]
SQL: SELECT COUNT(*) AS tp_count FROM `pk` LIMIT 1   [ RunTime:0.0020s ]
SQL: SELECT * FROM `pk` ORDER BY id desc LIMIT 0,2   [ RunTime:0.0010s ]
SQL: SHOW COLUMNS FROM `size` [ RunTime:0.0090s ]
SQL: SHOW COLUMNS FROM `size` [ RunTime:0.0080s ]
SQL: SELECT * FROM `size` ORDER BY id desc  [ RunTime:0.0010s ]
SQL: SHOW COLUMNS FROM `color` [ RunTime:0.0230s ]
SQL: SHOW COLUMNS FROM `color` [ RunTime:0.0160s ]
SQL: SELECT * FROM `color` ORDER BY id desc  [ RunTime:0.0000s ]
SQL: SHOW COLUMNS FROM `actor` [ RunTime:0.0160s ]
SQL: SHOW COLUMNS FROM `ar` [ RunTime:0.0140s ]
SQL: SELECT * FROM `ar` ORDER BY aid  [ RunTime:0.0010s ]
SQL: SHOW COLUMNS FROM `kind` [ RunTime:0.0110s ]
SQL: SHOW COLUMNS FROM `kind` [ RunTime:0.0160s ]
SQL: SELECT * FROM `kind`  [ RunTime:0.0010s ]
INFO: [ view_parse ] --START--
INFO: [ template_filter ] --START--
INFO: Run Behavior\ContentReplaceBehavior [ RunTime:0.000000s ]
INFO: [ template_filter ] --END-- [ RunTime:0.000000s ]
INFO: Run Behavior\ParseTemplateBehavior [ RunTime:0.017001s ]
INFO: [ view_parse ] --END-- [ RunTime:0.017001s ]
INFO: [ view_filter ] --START--
INFO: Run Behavior\WriteHtmlCacheBehavior [ RunTime:0.001000s ]
INFO: [ view_filter ] --END-- [ RunTime:0.001000s ]
INFO: [ app_end ] --START--
INFO: Run Behavior\ShowPageTraceBehavior [ RunTime:0.000000s ]
INFO: [ app_end ] --END-- [ RunTime:0.000000s ]

[ 2018-11-06T12:33:14+08:00 ] ::1 /yqf/toshop/index.php/Admin/Product/product/p/2.html
INFO: [ app_init ] --START--
INFO: Run Behavior\BuildLiteBehavior [ RunTime:0.000000s ]
INFO: [ app_init ] --END-- [ RunTime:0.000000s ]
INFO: [ app_begin ] --START--
INFO: Run Behavior\ReadHtmlCacheBehavior [ RunTime:0.001000s ]
INFO: [ app_begin ] --END-- [ RunTime:0.001000s ]
SQL: SHOW COLUMNS FROM `pk` [ RunTime:0.0120s ]
SQL: SELECT COUNT(*) AS tp_count FROM `pk` LIMIT 1   [ RunTime:0.0010s ]
SQL: SELECT * FROM `pk` ORDER BY id desc LIMIT 2,2   [ RunTime:0.0020s ]
SQL: SHOW COLUMNS FROM `size` [ RunTime:0.0070s ]
SQL: SHOW COLUMNS FROM `size` [ RunTime:0.0110s ]
SQL: SELECT * FROM `size` ORDER BY id desc  [ RunTime:0.0000s ]
SQL: SHOW COLUMNS FROM `color` [ RunTime:0.0110s ]
SQL: SHOW COLUMNS FROM `color` [ RunTime:0.0080s ]
SQL: SELECT * FROM `color` ORDER BY id desc  [ RunTime:0.0000s ]
SQL: SHOW COLUMNS FROM `actor` [ RunTime:0.0110s ]
SQL: SHOW COLUMNS FROM `ar` [ RunTime:0.0110s ]
SQL: SELECT * FROM `ar` ORDER BY aid  [ RunTime:0.0010s ]
SQL: SHOW COLUMNS FROM `kind` [ RunTime:0.0090s ]
SQL: SHOW COLUMNS FROM `kind` [ RunTime:0.0120s ]
SQL: SELECT * FROM `kind`  [ RunTime:0.0000s ]
INFO: [ view_parse ] --START--
INFO: [ template_filter ] --START--
INFO: Run Behavior\ContentReplaceBehavior [ RunTime:0.000000s ]
INFO: [ template_filter ] --END-- [ RunTime:0.000000s ]
INFO: Run Behavior\ParseTemplateBehavior [ RunTime:0.016000s ]
INFO: [ view_parse ] --END-- [ RunTime:0.016000s ]
INFO: [ view_filter ] --START--
INFO: Run Behavior\WriteHtmlCacheBehavior [ RunTime:0.000000s ]
INFO: [ view_filter ] --END-- [ RunTime:0.000000s ]
INFO: [ app_end ] --START--
INFO: Run Behavior\ShowPageTraceBehavior [ RunTime:0.000000s ]
INFO: [ app_end ] --END-- [ RunTime:0.000000s ]

[ 2018-11-06T12:33:15+08:00 ] ::1 /yqf/toshop/index.php/Admin/Product/product/p/3.html
INFO: [ app_init ] --START--
INFO: Run Behavior\BuildLiteBehavior [ RunTime:0.000000s ]
INFO: [ app_init ] --END-- [ RunTime:0.000000s ]
INFO: [ app_begin ] --START--
INFO: Run Behavior\ReadHtmlCacheBehavior [ RunTime:0.000000s ]
INFO: [ app_begin ] --END-- [ RunTime:0.001000s ]
SQL: SHOW COLUMNS FROM `pk` [ RunTime:0.0370s ]
SQL: SELECT COUNT(*) AS tp_count FROM `pk` LIMIT 1   [ RunTime:0.0010s ]
SQL: SELECT * FROM `pk` ORDER BY id desc LIMIT 4,2   [ RunTime:0.0020s ]
SQL: SHOW COLUMNS FROM `size` [ RunTime:0.0110s ]
SQL: SHOW COLUMNS FROM `size` [ RunTime:0.0060s ]
SQL: SELECT * FROM `size` ORDER BY id desc  [ RunTime:0.0000s ]
SQL: SHOW COLUMNS FROM `color` [ RunTime:0.0090s ]
SQL: SHOW COLUMNS FROM `color` [ RunTime:0.0120s ]
SQL: SELECT * FROM `color` ORDER BY id desc  [ RunTime:0.0000s ]
SQL: SHOW COLUMNS FROM `actor` [ RunTime:0.0060s ]
SQL: SHOW COLUMNS FROM `ar` [ RunTime:0.0110s ]
SQL: SELECT * FROM `ar` ORDER BY aid  [ RunTime:0.0020s ]
SQL: SHOW COLUMNS FROM `kind` [ RunTime:0.0110s ]
SQL: SHOW COLUMNS FROM `kind` [ RunTime:0.0130s ]
SQL: SELECT * FROM `kind`  [ RunTime:0.0000s ]
INFO: [ view_parse ] --START--
INFO: [ template_filter ] --START--
INFO: Run Behavior\ContentReplaceBehavior [ RunTime:0.000000s ]
INFO: [ template_filter ] --END-- [ RunTime:0.000000s ]
INFO: Run Behavior\ParseTemplateBehavior [ RunTime:0.015001s ]
INFO: [ view_parse ] --END-- [ RunTime:0.015001s ]
INFO: [ view_filter ] --START--
INFO: Run Behavior\WriteHtmlCacheBehavior [ RunTime:0.001000s ]
INFO: [ view_filter ] --END-- [ RunTime:0.001000s ]
INFO: [ app_end ] --START--
INFO: Run Behavior\ShowPageTraceBehavior [ RunTime:0.000000s ]
INFO: [ app_end ] --END-- [ RunTime:0.001000s ]

[ 2018-11-06T12:33:15+08:00 ] ::1 /yqf/toshop/index.php/Admin/Product/product/p/4.html
INFO: [ app_init ] --START--
INFO: Run Behavior\BuildLiteBehavior [ RunTime:0.000000s ]
INFO: [ app_init ] --END-- [ RunTime:0.001000s ]
INFO: [ app_begin ] --START--
INFO: Run Behavior\ReadHtmlCacheBehavior [ RunTime:0.001000s ]
INFO: [ app_begin ] --END-- [ RunTime:0.001000s ]
SQL: SHOW COLUMNS FROM `pk` [ RunTime:0.0100s ]
SQL: SELECT COUNT(*) AS tp_count FROM `pk` LIMIT 1   [ RunTime:0.0010s ]
SQL: SELECT * FROM `pk` ORDER BY id desc LIMIT 6,2   [ RunTime:0.0010s ]
SQL: SHOW COLUMNS FROM `size` [ RunTime:0.0100s ]
SQL: SHOW COLUMNS FROM `size` [ RunTime:0.0110s ]
SQL: SELECT * FROM `size` ORDER BY id desc  [ RunTime:0.0000s ]
SQL: SHOW COLUMNS FROM `color` [ RunTime:0.0080s ]
SQL: SHOW COLUMNS FROM `color` [ RunTime:0.0120s ]
SQL: SELECT * FROM `color` ORDER BY id desc  [ RunTime:0.0000s ]
SQL: SHOW COLUMNS FROM `actor` [ RunTime:0.0100s ]
SQL: SHOW COLUMNS FROM `ar` [ RunTime:0.0110s ]
SQL: SELECT * FROM `ar` ORDER BY aid  [ RunTime:0.0020s ]
SQL: SHOW COLUMNS FROM `kind` [ RunTime:0.0100s ]
SQL: SHOW COLUMNS FROM `kind` [ RunTime:0.0080s ]
SQL: SELECT * FROM `kind`  [ RunTime:0.0010s ]
INFO: [ view_parse ] --START--
INFO: [ template_filter ] --START--
INFO: Run Behavior\ContentReplaceBehavior [ RunTime:0.001000s ]
INFO: [ template_filter ] --END-- [ RunTime:0.001000s ]
INFO: Run Behavior\ParseTemplateBehavior [ RunTime:0.016001s ]
INFO: [ view_parse ] --END-- [ RunTime:0.016001s ]
INFO: [ view_filter ] --START--
INFO: Run Behavior\WriteHtmlCacheBehavior [ RunTime:0.000000s ]
INFO: [ view_filter ] --END-- [ RunTime:0.001000s ]
INFO: [ app_end ] --START--
INFO: Run Behavior\ShowPageTraceBehavior [ RunTime:0.000000s ]
INFO: [ app_end ] --END-- [ RunTime:0.000000s ]

[ 2018-11-06T12:33:21+08:00 ] ::1 /yqf/toshop/index.php/admin/Index/index.html
INFO: [ app_init ] --START--
INFO: Run Behavior\BuildLiteBehavior [ RunTime:0.000000s ]
INFO: [ app_init ] --END-- [ RunTime:0.000000s ]
INFO: [ app_begin ] --START--
INFO: Run Behavior\ReadHtmlCacheBehavior [ RunTime:0.001000s ]
INFO: [ app_begin ] --END-- [ RunTime:0.001000s ]
INFO: [ view_parse ] --START--
INFO: [ template_filter ] --START--
INFO: Run Behavior\ContentReplaceBehavior [ RunTime:0.000000s ]
INFO: [ template_filter ] --END-- [ RunTime:0.000000s ]
INFO: Run Behavior\ParseTemplateBehavior [ RunTime:0.019001s ]
INFO: [ view_parse ] --END-- [ RunTime:0.019001s ]
INFO: [ view_filter ] --START--
INFO: Run Behavior\WriteHtmlCacheBehavior [ RunTime:0.000000s ]
INFO: [ view_filter ] --END-- [ RunTime:0.000000s ]
INFO: [ app_end ] --START--
INFO: Run Behavior\ShowPageTraceBehavior [ RunTime:0.002000s ]
INFO: [ app_end ] --END-- [ RunTime:0.002000s ]

[ 2018-11-06T12:33:21+08:00 ] ::1 /yqf/toshop/index.php/admin/Product/product.html
INFO: [ app_init ] --START--
INFO: Run Behavior\BuildLiteBehavior [ RunTime:0.000000s ]
INFO: [ app_init ] --END-- [ RunTime:0.001000s ]
INFO: [ app_begin ] --START--
INFO: Run Behavior\ReadHtmlCacheBehavior [ RunTime:0.001001s ]
INFO: [ app_begin ] --END-- [ RunTime:0.001001s ]
SQL: SHOW COLUMNS FROM `pk` [ RunTime:0.0160s ]
SQL: SELECT COUNT(*) AS tp_count FROM `pk` LIMIT 1   [ RunTime:0.0010s ]
SQL: SELECT * FROM `pk` ORDER BY id desc LIMIT 0,2   [ RunTime:0.0030s ]
SQL: SHOW COLUMNS FROM `size` [ RunTime:0.0230s ]
SQL: SHOW COLUMNS FROM `size` [ RunTime:0.0180s ]
SQL: SELECT * FROM `size` ORDER BY id desc  [ RunTime:0.0010s ]
SQL: SHOW COLUMNS FROM `color` [ RunTime:0.0250s ]
SQL: SHOW COLUMNS FROM `color` [ RunTime:0.0120s ]
SQL: SELECT * FROM `color` ORDER BY id desc  [ RunTime:0.0020s ]
SQL: SHOW COLUMNS FROM `actor` [ RunTime:0.0150s ]
SQL: SHOW COLUMNS FROM `ar` [ RunTime:0.0140s ]
SQL: SELECT * FROM `ar` ORDER BY aid  [ RunTime:0.0020s ]
SQL: SHOW COLUMNS FROM `kind` [ RunTime:0.0120s ]
SQL: SHOW COLUMNS FROM `kind` [ RunTime:0.0120s ]
SQL: SELECT * FROM `kind`  [ RunTime:0.0010s ]
INFO: [ view_parse ] --START--
INFO: [ template_filter ] --START--
INFO: Run Behavior\ContentReplaceBehavior [ RunTime:0.000000s ]
INFO: [ template_filter ] --END-- [ RunTime:0.000000s ]
INFO: Run Behavior\ParseTemplateBehavior [ RunTime:0.018001s ]
INFO: [ view_parse ] --END-- [ RunTime:0.018001s ]
INFO: [ view_filter ] --START--
INFO: Run Behavior\WriteHtmlCacheBehavior [ RunTime:0.000000s ]
INFO: [ view_filter ] --END-- [ RunTime:0.000000s ]
INFO: [ app_end ] --START--
INFO: Run Behavior\ShowPageTraceBehavior [ RunTime:0.000000s ]
INFO: [ app_end ] --END-- [ RunTime:0.000000s ]

[ 2018-11-06T12:33:22+08:00 ] ::1 /yqf/toshop/index.php/Admin/Product/product/p/2.html
INFO: [ app_init ] --START--
INFO: Run Behavior\BuildLiteBehavior [ RunTime:0.000000s ]
INFO: [ app_init ] --END-- [ RunTime:0.001000s ]
INFO: [ app_begin ] --START--
INFO: Run Behavior\ReadHtmlCacheBehavior [ RunTime:0.001000s ]
INFO: [ app_begin ] --END-- [ RunTime:0.001000s ]
SQL: SHOW COLUMNS FROM `pk` [ RunTime:0.0110s ]
SQL: SELECT COUNT(*) AS tp_count FROM `pk` LIMIT 1   [ RunTime:0.0010s ]
SQL: SELECT * FROM `pk` ORDER BY id desc LIMIT 2,2   [ RunTime:0.0010s ]
SQL: SHOW COLUMNS FROM `size` [ RunTime:0.0320s ]
SQL: SHOW COLUMNS FROM `size` [ RunTime:0.0090s ]
SQL: SELECT * FROM `size` ORDER BY id desc  [ RunTime:0.0010s ]
SQL: SHOW COLUMNS FROM `color` [ RunTime:0.0110s ]
SQL: SHOW COLUMNS FROM `color` [ RunTime:0.0110s ]
SQL: SELECT * FROM `color` ORDER BY id desc  [ RunTime:0.0000s ]
SQL: SHOW COLUMNS FROM `actor` [ RunTime:0.0110s ]
SQL: SHOW COLUMNS FROM `ar` [ RunTime:0.0120s ]
SQL: SELECT * FROM `ar` ORDER BY aid  [ RunTime:0.0020s ]
SQL: SHOW COLUMNS FROM `kind` [ RunTime:0.0100s ]
SQL: SHOW COLUMNS FROM `kind` [ RunTime:0.0110s ]
SQL: SELECT * FROM `kind`  [ RunTime:0.0000s ]
INFO: [ view_parse ] --START--
INFO: [ template_filter ] --START--
INFO: Run Behavior\ContentReplaceBehavior [ RunTime:0.000000s ]
INFO: [ template_filter ] --END-- [ RunTime:0.000000s ]
INFO: Run Behavior\ParseTemplateBehavior [ RunTime:0.016001s ]
INFO: [ view_parse ] --END-- [ RunTime:0.016001s ]
INFO: [ view_filter ] --START--
INFO: Run Behavior\WriteHtmlCacheBehavior [ RunTime:0.000000s ]
INFO: [ view_filter ] --END-- [ RunTime:0.000000s ]
INFO: [ app_end ] --START--
INFO: Run Behavior\ShowPageTraceBehavior [ RunTime:0.000000s ]
INFO: [ app_end ] --END-- [ RunTime:0.000000s ]

[ 2018-11-06T12:33:23+08:00 ] ::1 /yqf/toshop/index.php/Admin/Product/product/p/3.html
INFO: [ app_init ] --START--
INFO: Run Behavior\BuildLiteBehavior [ RunTime:0.000000s ]
INFO: [ app_init ] --END-- [ RunTime:0.001000s ]
INFO: [ app_begin ] --START--
INFO: Run Behavior\ReadHtmlCacheBehavior [ RunTime:0.000000s ]
INFO: [ app_begin ] --END-- [ RunTime:0.001000s ]
SQL: SHOW COLUMNS FROM `pk` [ RunTime:0.0110s ]
SQL: SELECT COUNT(*) AS tp_count FROM `pk` LIMIT 1   [ RunTime:0.0010s ]
SQL: SELECT * FROM `pk` ORDER BY id desc LIMIT 4,2   [ RunTime:0.0020s ]
SQL: SHOW COLUMNS FROM `size` [ RunTime:0.0100s ]
SQL: SHOW COLUMNS FROM `size` [ RunTime:0.0070s ]
SQL: SELECT * FROM `size` ORDER BY id desc  [ RunTime:0.0010s ]
SQL: SHOW COLUMNS FROM `color` [ RunTime:0.0110s ]
SQL: SHOW COLUMNS FROM `color` [ RunTime:0.0100s ]
SQL: SELECT * FROM `color` ORDER BY id desc  [ RunTime:0.0010s ]
SQL: SHOW COLUMNS FROM `actor` [ RunTime:0.0110s ]
SQL: SHOW COLUMNS FROM `ar` [ RunTime:0.0120s ]
SQL: SELECT * FROM `ar` ORDER BY aid  [ RunTime:0.0020s ]
SQL: SHOW COLUMNS FROM `kind` [ RunTime:0.0080s ]
SQL: SHOW COLUMNS FROM `kind` [ RunTime:0.0110s ]
SQL: SELECT * FROM `kind`  [ RunTime:0.0000s ]
INFO: [ view_parse ] --START--
INFO: [ template_filter ] --START--
INFO: Run Behavior\ContentReplaceBehavior [ RunTime:0.000000s ]
INFO: [ template_filter ] --END-- [ RunTime:0.000000s ]
INFO: Run Behavior\ParseTemplateBehavior [ RunTime:0.016001s ]
INFO: [ view_parse ] --END-- [ RunTime:0.016001s ]
INFO: [ view_filter ] --START--
INFO: Run Behavior\WriteHtmlCacheBehavior [ RunTime:0.000000s ]
INFO: [ view_filter ] --END-- [ RunTime:0.000000s ]
INFO: [ app_end ] --START--
INFO: Run Behavior\ShowPageTraceBehavior [ RunTime:0.000000s ]
INFO: [ app_end ] --END-- [ RunTime:0.000000s ]

[ 2018-11-06T12:33:24+08:00 ] ::1 /yqf/toshop/index.php/admin/product/selcolor
INFO: [ app_init ] --START--
INFO: Run Behavior\BuildLiteBehavior [ RunTime:0.000000s ]
INFO: [ app_init ] --END-- [ RunTime:0.001000s ]
INFO: [ app_begin ] --START--
INFO: Run Behavior\ReadHtmlCacheBehavior [ RunTime:0.001000s ]
INFO: [ app_begin ] --END-- [ RunTime:0.001000s ]
SQL: SHOW COLUMNS FROM `procolor` [ RunTime:0.0450s ]
SQL: SHOW COLUMNS FROM `procolor` [ RunTime:0.0170s ]
SQL: SELECT * FROM `procolor` WHERE ( pid=4 )  [ RunTime:0.0010s ]
INFO: [ app_end ] --START--
INFO: Run Behavior\ShowPageTraceBehavior [ RunTime:0.001000s ]
INFO: [ app_end ] --END-- [ RunTime:0.001000s ]

[ 2018-11-06T12:33:29+08:00 ] ::1 /yqf/toshop/index.php/admin/Index/index.html
INFO: [ app_init ] --START--
INFO: Run Behavior\BuildLiteBehavior [ RunTime:0.000000s ]
INFO: [ app_init ] --END-- [ RunTime:0.001000s ]
INFO: [ app_begin ] --START--
INFO: Run Behavior\ReadHtmlCacheBehavior [ RunTime:0.000000s ]
INFO: [ app_begin ] --END-- [ RunTime:0.000000s ]
INFO: [ view_parse ] --START--
INFO: [ template_filter ] --START--
INFO: Run Behavior\ContentReplaceBehavior [ RunTime:0.000000s ]
INFO: [ template_filter ] --END-- [ RunTime:0.000000s ]
INFO: Run Behavior\ParseTemplateBehavior [ RunTime:0.012001s ]
INFO: [ view_parse ] --END-- [ RunTime:0.012001s ]
INFO: [ view_filter ] --START--
INFO: Run Behavior\WriteHtmlCacheBehavior [ RunTime:0.000000s ]
INFO: [ view_filter ] --END-- [ RunTime:0.000000s ]
INFO: [ app_end ] --START--
INFO: Run Behavior\ShowPageTraceBehavior [ RunTime:0.000000s ]
INFO: [ app_end ] --END-- [ RunTime:0.000000s ]

[ 2018-11-06T12:33:29+08:00 ] ::1 /yqf/toshop/index.php/admin/Product/product.html
INFO: [ app_init ] --START--
INFO: Run Behavior\BuildLiteBehavior [ RunTime:0.000000s ]
INFO: [ app_init ] --END-- [ RunTime:0.000000s ]
INFO: [ app_begin ] --START--
INFO: Run Behavior\ReadHtmlCacheBehavior [ RunTime:0.001000s ]
INFO: [ app_begin ] --END-- [ RunTime:0.001000s ]
SQL: SHOW COLUMNS FROM `pk` [ RunTime:0.0130s ]
SQL: SELECT COUNT(*) AS tp_count FROM `pk` LIMIT 1   [ RunTime:0.0010s ]
SQL: SELECT * FROM `pk` ORDER BY id desc LIMIT 0,2   [ RunTime:0.0050s ]
SQL: SHOW COLUMNS FROM `size` [ RunTime:0.0130s ]
SQL: SHOW COLUMNS FROM `size` [ RunTime:0.0170s ]
SQL: SELECT * FROM `size` ORDER BY id desc  [ RunTime:0.0010s ]
SQL: SHOW COLUMNS FROM `color` [ RunTime:0.0160s ]
SQL: SHOW COLUMNS FROM `color` [ RunTime:0.0150s ]
SQL: SELECT * FROM `color` ORDER BY id desc  [ RunTime:0.0000s ]
SQL: SHOW COLUMNS FROM `actor` [ RunTime:0.0140s ]
SQL: SHOW COLUMNS FROM `ar` [ RunTime:0.0130s ]
SQL: SELECT * FROM `ar` ORDER BY aid  [ RunTime:0.0010s ]
SQL: SHOW COLUMNS FROM `kind` [ RunTime:0.0120s ]
SQL: SHOW COLUMNS FROM `kind` [ RunTime:0.0130s ]
SQL: SELECT * FROM `kind`  [ RunTime:0.0000s ]
INFO: [ view_parse ] --START--
INFO: [ template_filter ] --START--
INFO: Run Behavior\ContentReplaceBehavior [ RunTime:0.000000s ]
INFO: [ template_filter ] --END-- [ RunTime:0.000000s ]
INFO: Run Behavior\ParseTemplateBehavior [ RunTime:0.017001s ]
INFO: [ view_parse ] --END-- [ RunTime:0.017001s ]
INFO: [ view_filter ] --START--
INFO: Run Behavior\WriteHtmlCacheBehavior [ RunTime:0.001000s ]
INFO: [ view_filter ] --END-- [ RunTime:0.001000s ]
INFO: [ app_end ] --START--
INFO: Run Behavior\ShowPageTraceBehavior [ RunTime:0.001000s ]
INFO: [ app_end ] --END-- [ RunTime:0.001000s ]

[ 2018-11-06T12:33:33+08:00 ] ::1 /yqf/toshop/index.php/admin/Index/index.html
INFO: [ app_init ] --START--
INFO: Run Behavior\BuildLiteBehavior [ RunTime:0.000000s ]
INFO: [ app_init ] --END-- [ RunTime:0.000000s ]
INFO: [ app_begin ] --START--
INFO: Run Behavior\ReadHtmlCacheBehavior [ RunTime:0.000000s ]
INFO: [ app_begin ] --END-- [ RunTime:0.000000s ]
INFO: [ view_parse ] --START--
INFO: [ template_filter ] --START--
INFO: Run Behavior\ContentReplaceBehavior [ RunTime:0.000000s ]
INFO: [ template_filter ] --END-- [ RunTime:0.000000s ]
INFO: Run Behavior\ParseTemplateBehavior [ RunTime:0.007000s ]
INFO: [ view_parse ] --END-- [ RunTime:0.007000s ]
INFO: [ view_filter ] --START--
INFO: Run Behavior\WriteHtmlCacheBehavior [ RunTime:0.000000s ]
INFO: [ view_filter ] --END-- [ RunTime:0.000000s ]
INFO: [ app_end ] --START--
INFO: Run Behavior\ShowPageTraceBehavior [ RunTime:0.001001s ]
INFO: [ app_end ] --END-- [ RunTime:0.001001s ]

[ 2018-11-06T12:33:33+08:00 ] ::1 /yqf/toshop/index.php/admin/Product/product.html
INFO: [ app_init ] --START--
INFO: Run Behavior\BuildLiteBehavior [ RunTime:0.000000s ]
INFO: [ app_init ] --END-- [ RunTime:0.000000s ]
INFO: [ app_begin ] --START--
INFO: Run Behavior\ReadHtmlCacheBehavior [ RunTime:0.001000s ]
INFO: [ app_begin ] --END-- [ RunTime:0.001000s ]
SQL: SHOW COLUMNS FROM `pk` [ RunTime:0.0120s ]
SQL: SELECT COUNT(*) AS tp_count FROM `pk` LIMIT 1   [ RunTime:0.0010s ]
SQL: SELECT * FROM `pk` ORDER BY id desc LIMIT 0,8   [ RunTime:0.0020s ]
SQL: SHOW COLUMNS FROM `size` [ RunTime:0.0150s ]
SQL: SHOW COLUMNS FROM `size` [ RunTime:0.0200s ]
SQL: SELECT * FROM `size` ORDER BY id desc  [ RunTime:0.0010s ]
SQL: SHOW COLUMNS FROM `color` [ RunTime:0.0190s ]
SQL: SHOW COLUMNS FROM `color` [ RunTime:0.0170s ]
SQL: SELECT * FROM `color` ORDER BY id desc  [ RunTime:0.0000s ]
SQL: SHOW COLUMNS FROM `actor` [ RunTime:0.0170s ]
SQL: SHOW COLUMNS FROM `ar` [ RunTime:0.0120s ]
SQL: SELECT * FROM `ar` ORDER BY aid  [ RunTime:0.0020s ]
SQL: SHOW COLUMNS FROM `kind` [ RunTime:0.0130s ]
SQL: SHOW COLUMNS FROM `kind` [ RunTime:0.0140s ]
SQL: SELECT * FROM `kind`  [ RunTime:0.0000s ]
INFO: [ view_parse ] --START--
INFO: [ template_filter ] --START--
INFO: Run Behavior\ContentReplaceBehavior [ RunTime:0.000000s ]
INFO: [ template_filter ] --END-- [ RunTime:0.000000s ]
INFO: Run Behavior\ParseTemplateBehavior [ RunTime:0.017001s ]
INFO: [ view_parse ] --END-- [ RunTime:0.017001s ]
INFO: [ view_filter ] --START--
INFO: Run Behavior\WriteHtmlCacheBehavior [ RunTime:0.000000s ]
INFO: [ view_filter ] --END-- [ RunTime:0.000000s ]
INFO: [ app_end ] --START--
INFO: Run Behavior\ShowPageTraceBehavior [ RunTime:0.001000s ]
INFO: [ app_end ] --END-- [ RunTime:0.001000s ]

[ 2018-11-06T12:34:20+08:00 ] ::1 /yqf/toshop/index.php/admin/Index/index.html
INFO: [ app_init ] --START--
INFO: Run Behavior\BuildLiteBehavior [ RunTime:0.000000s ]
INFO: [ app_init ] --END-- [ RunTime:0.000000s ]
INFO: [ app_begin ] --START--
INFO: Run Behavior\ReadHtmlCacheBehavior [ RunTime:0.000000s ]
INFO: [ app_begin ] --END-- [ RunTime:0.000000s ]
INFO: [ view_parse ] --START--
INFO: [ template_filter ] --START--
INFO: Run Behavior\ContentReplaceBehavior [ RunTime:0.000000s ]
INFO: [ template_filter ] --END-- [ RunTime:0.000000s ]
INFO: Run Behavior\ParseTemplateBehavior [ RunTime:0.006000s ]
INFO: [ view_parse ] --END-- [ RunTime:0.006000s ]
INFO: [ view_filter ] --START--
INFO: Run Behavior\WriteHtmlCacheBehavior [ RunTime:0.001000s ]
INFO: [ view_filter ] --END-- [ RunTime:0.001000s ]
INFO: [ app_end ] --START--
INFO: Run Behavior\ShowPageTraceBehavior [ RunTime:0.000000s ]
INFO: [ app_end ] --END-- [ RunTime:0.000000s ]

[ 2018-11-06T12:34:20+08:00 ] ::1 /yqf/toshop/index.php/admin/Product/product.html
INFO: [ app_init ] --START--
INFO: Run Behavior\BuildLiteBehavior [ RunTime:0.000000s ]
INFO: [ app_init ] --END-- [ RunTime:0.001000s ]
INFO: [ app_begin ] --START--
INFO: Run Behavior\ReadHtmlCacheBehavior [ RunTime:0.001000s ]
INFO: [ app_begin ] --END-- [ RunTime:0.001000s ]
SQL: SHOW COLUMNS FROM `pk` [ RunTime:0.0200s ]
SQL: SELECT COUNT(*) AS tp_count FROM `pk` LIMIT 1   [ RunTime:0.0000s ]
SQL: SELECT * FROM `pk` ORDER BY id desc LIMIT 0,8   [ RunTime:0.0020s ]
SQL: SHOW COLUMNS FROM `size` [ RunTime:0.0170s ]
SQL: SHOW COLUMNS FROM `size` [ RunTime:0.0150s ]
SQL: SELECT * FROM `size` ORDER BY id desc  [ RunTime:0.0020s ]
SQL: SHOW COLUMNS FROM `color` [ RunTime:0.0140s ]
SQL: SHOW COLUMNS FROM `color` [ RunTime:0.0130s ]
SQL: SELECT * FROM `color` ORDER BY id desc  [ RunTime:0.0000s ]
SQL: SHOW COLUMNS FROM `actor` [ RunTime:0.0150s ]
SQL: SHOW COLUMNS FROM `ar` [ RunTime:0.0140s ]
SQL: SELECT * FROM `ar` ORDER BY aid  [ RunTime:0.0020s ]
SQL: SHOW COLUMNS FROM `kind` [ RunTime:0.0110s ]
SQL: SHOW COLUMNS FROM `kind` [ RunTime:0.0140s ]
SQL: SELECT * FROM `kind`  [ RunTime:0.0010s ]
INFO: [ view_parse ] --START--
INFO: [ template_filter ] --START--
INFO: Run Behavior\ContentReplaceBehavior [ RunTime:0.000000s ]
INFO: [ template_filter ] --END-- [ RunTime:0.000000s ]
INFO: Run Behavior\ParseTemplateBehavior [ RunTime:0.016001s ]
INFO: [ view_parse ] --END-- [ RunTime:0.016001s ]
INFO: [ view_filter ] --START--
INFO: Run Behavior\WriteHtmlCacheBehavior [ RunTime:0.000000s ]
INFO: [ view_filter ] --END-- [ RunTime:0.000000s ]
INFO: [ app_end ] --START--
INFO: Run Behavior\ShowPageTraceBehavior [ RunTime:0.000000s ]
INFO: [ app_end ] --END-- [ RunTime:0.000000s ]

[ 2018-11-06T12:48:11+08:00 ] ::1 /yqf/toshop/index.php/admin/Index/index.html
INFO: [ app_init ] --START--
INFO: Run Behavior\BuildLiteBehavior [ RunTime:0.000000s ]
INFO: [ app_init ] --END-- [ RunTime:0.000000s ]
INFO: [ app_begin ] --START--
INFO: Run Behavior\ReadHtmlCacheBehavior [ RunTime:0.001000s ]
INFO: [ app_begin ] --END-- [ RunTime:0.001000s ]
INFO: [ view_parse ] --START--
INFO: [ template_filter ] --START--
INFO: Run Behavior\ContentReplaceBehavior [ RunTime:0.000000s ]
INFO: [ template_filter ] --END-- [ RunTime:0.000000s ]
INFO: Run Behavior\ParseTemplateBehavior [ RunTime:0.009001s ]
INFO: [ view_parse ] --END-- [ RunTime:0.009001s ]
INFO: [ view_filter ] --START--
INFO: Run Behavior\WriteHtmlCacheBehavior [ RunTime:0.000000s ]
INFO: [ view_filter ] --END-- [ RunTime:0.000000s ]
INFO: [ app_end ] --START--
INFO: Run Behavior\ShowPageTraceBehavior [ RunTime:0.000000s ]
INFO: [ app_end ] --END-- [ RunTime:0.000000s ]

[ 2018-11-06T12:48:11+08:00 ] ::1 /yqf/toshop/index.php/admin/Product/product.html
INFO: [ app_init ] --START--
INFO: Run Behavior\BuildLiteBehavior [ RunTime:0.000000s ]
INFO: [ app_init ] --END-- [ RunTime:0.001000s ]
INFO: [ app_begin ] --START--
INFO: Run Behavior\ReadHtmlCacheBehavior [ RunTime:0.001000s ]
INFO: [ app_begin ] --END-- [ RunTime:0.001000s ]
SQL: SHOW COLUMNS FROM `pk` [ RunTime:0.0110s ]
SQL: SELECT COUNT(*) AS tp_count FROM `pk` LIMIT 1   [ RunTime:0.0010s ]
SQL: SELECT * FROM `pk` ORDER BY id desc LIMIT 0,8   [ RunTime:0.0020s ]
SQL: SHOW COLUMNS FROM `size` [ RunTime:0.0220s ]
SQL: SHOW COLUMNS FROM `size` [ RunTime:0.0150s ]
SQL: SELECT * FROM `size` ORDER BY id desc  [ RunTime:0.0010s ]
SQL: SHOW COLUMNS FROM `color` [ RunTime:0.0170s ]
SQL: SHOW COLUMNS FROM `color` [ RunTime:0.0140s ]
SQL: SELECT * FROM `color` ORDER BY id desc  [ RunTime:0.0000s ]
SQL: SHOW COLUMNS FROM `actor` [ RunTime:0.0150s ]
SQL: SHOW COLUMNS FROM `ar` [ RunTime:0.0140s ]
SQL: SELECT * FROM `ar` ORDER BY aid  [ RunTime:0.0040s ]
SQL: SHOW COLUMNS FROM `kind` [ RunTime:0.0130s ]
SQL: SHOW COLUMNS FROM `kind` [ RunTime:0.0150s ]
SQL: SELECT * FROM `kind`  [ RunTime:0.0010s ]
INFO: [ view_parse ] --START--
INFO: [ template_filter ] --START--
INFO: Run Behavior\ContentReplaceBehavior [ RunTime:0.000000s ]
INFO: [ template_filter ] --END-- [ RunTime:0.000000s ]
INFO: Run Behavior\ParseTemplateBehavior [ RunTime:0.019001s ]
INFO: [ view_parse ] --END-- [ RunTime:0.019001s ]
INFO: [ view_filter ] --START--
INFO: Run Behavior\WriteHtmlCacheBehavior [ RunTime:0.000000s ]
INFO: [ view_filter ] --END-- [ RunTime:0.000000s ]
INFO: [ app_end ] --START--
INFO: Run Behavior\ShowPageTraceBehavior [ RunTime:0.000000s ]
INFO: [ app_end ] --END-- [ RunTime:0.000000s ]

[ 2018-11-06T14:08:02+08:00 ] ::1 /yqf/toshop/index.php/admin/Index/downlogin
INFO: [ app_init ] --START--
INFO: Run Behavior\BuildLiteBehavior [ RunTime:0.000000s ]
INFO: [ app_init ] --END-- [ RunTime:0.001000s ]
INFO: [ app_begin ] --START--
INFO: Run Behavior\ReadHtmlCacheBehavior [ RunTime:0.000000s ]
INFO: [ app_begin ] --END-- [ RunTime:0.000000s ]

[ 2018-11-06T14:08:02+08:00 ] ::1 /yqf/toshop/index.php/Admin/Login/login.html
INFO: [ app_init ] --START--
INFO: Run Behavior\BuildLiteBehavior [ RunTime:0.000000s ]
INFO: [ app_init ] --END-- [ RunTime:0.001000s ]
INFO: [ app_begin ] --START--
INFO: Run Behavior\ReadHtmlCacheBehavior [ RunTime:0.000000s ]
INFO: [ app_begin ] --END-- [ RunTime:0.000000s ]

[ 2018-11-06T14:08:05+08:00 ] ::1 /yqf/toshop/index.php/Admin/Login/login.html
INFO: [ app_init ] --START--
INFO: Run Behavior\BuildLiteBehavior [ RunTime:0.000000s ]
INFO: [ app_init ] --END-- [ RunTime:0.001000s ]
INFO: [ app_begin ] --START--
INFO: Run Behavior\ReadHtmlCacheBehavior [ RunTime:0.001000s ]
INFO: [ app_begin ] --END-- [ RunTime:0.001000s ]

[ 2018-11-06T14:08:05+08:00 ] ::1 /yqf/toshop/index.php/Admin/Login/login.html
INFO: [ app_init ] --START--
INFO: Run Behavior\BuildLiteBehavior [ RunTime:0.000000s ]
INFO: [ app_init ] --END-- [ RunTime:0.001000s ]
INFO: [ app_begin ] --START--
INFO: Run Behavior\ReadHtmlCacheBehavior [ RunTime:0.001000s ]
INFO: [ app_begin ] --END-- [ RunTime:0.001000s ]

[ 2018-11-06T14:08:05+08:00 ] ::1 /yqf/toshop/index.php/Admin/Login/login.html
INFO: [ app_init ] --START--
INFO: Run Behavior\BuildLiteBehavior [ RunTime:0.000000s ]
INFO: [ app_init ] --END-- [ RunTime:0.001000s ]
INFO: [ app_begin ] --START--
INFO: Run Behavior\ReadHtmlCacheBehavior [ RunTime:0.001000s ]
INFO: [ app_begin ] --END-- [ RunTime:0.001000s ]

[ 2018-11-06T14:08:05+08:00 ] ::1 /yqf/toshop/index.php/Admin/Login/login.html
INFO: [ app_init ] --START--
INFO: Run Behavior\BuildLiteBehavior [ RunTime:0.000000s ]
INFO: [ app_init ] --END-- [ RunTime:0.000000s ]
INFO: [ app_begin ] --START--
INFO: Run Behavior\ReadHtmlCacheBehavior [ RunTime:0.000000s ]
INFO: [ app_begin ] --END-- [ RunTime:0.000000s ]

[ 2018-11-06T14:08:20+08:00 ] ::1 /yqf/toshop/index.php/Admin/Login/login.html
INFO: [ app_init ] --START--
INFO: Run Behavior\BuildLiteBehavior [ RunTime:0.000000s ]
INFO: [ app_init ] --END-- [ RunTime:0.000000s ]
INFO: [ app_begin ] --START--
INFO: Run Behavior\ReadHtmlCacheBehavior [ RunTime:0.000000s ]
INFO: [ app_begin ] --END-- [ RunTime:0.000000s ]
INFO: [ view_parse ] --START--
INFO: [ template_filter ] --START--
INFO: Run Behavior\ContentReplaceBehavior [ RunTime:0.000000s ]
INFO: [ template_filter ] --END-- [ RunTime:0.000000s ]
INFO: Run Behavior\ParseTemplateBehavior [ RunTime:0.013000s ]
INFO: [ view_parse ] --END-- [ RunTime:0.014000s ]
INFO: [ view_filter ] --START--
INFO: Run Behavior\WriteHtmlCacheBehavior [ RunTime:0.000000s ]
INFO: [ view_filter ] --END-- [ RunTime:0.000000s ]
INFO: [ app_end ] --START--
INFO: Run Behavior\ShowPageTraceBehavior [ RunTime:0.001000s ]
INFO: [ app_end ] --END-- [ RunTime:0.001000s ]

[ 2018-11-06T16:13:24+08:00 ] ::1 /yqf/toshop/index.php/admin/login/login
INFO: [ app_init ] --START--
INFO: Run Behavior\BuildLiteBehavior [ RunTime:0.000000s ]
INFO: [ app_init ] --END-- [ RunTime:0.001000s ]
INFO: [ app_begin ] --START--
INFO: Run Behavior\ReadHtmlCacheBehavior [ RunTime:0.001000s ]
INFO: [ app_begin ] --END-- [ RunTime:0.001000s ]
INFO: [ view_parse ] --START--
INFO: [ template_filter ] --START--
INFO: Run Behavior\ContentReplaceBehavior [ RunTime:0.000000s ]
INFO: [ template_filter ] --END-- [ RunTime:0.000000s ]
INFO: Run Behavior\ParseTemplateBehavior [ RunTime:0.015001s ]
INFO: [ view_parse ] --END-- [ RunTime:0.015001s ]
INFO: [ view_filter ] --START--
INFO: Run Behavior\WriteHtmlCacheBehavior [ RunTime:0.001000s ]
INFO: [ view_filter ] --END-- [ RunTime:0.001000s ]
INFO: [ app_end ] --START--
INFO: Run Behavior\ShowPageTraceBehavior [ RunTime:0.000000s ]
INFO: [ app_end ] --END-- [ RunTime:0.001000s ]

[ 2018-11-06T16:13:28+08:00 ] ::1 /yqf/toshop/index.php/admin/login/tologin
INFO: [ app_init ] --START--
INFO: Run Behavior\BuildLiteBehavior [ RunTime:0.000000s ]
INFO: [ app_init ] --END-- [ RunTime:0.001000s ]
INFO: [ app_begin ] --START--
INFO: Run Behavior\ReadHtmlCacheBehavior [ RunTime:0.000000s ]
INFO: [ app_begin ] --END-- [ RunTime:0.001000s ]
SQL: SHOW COLUMNS FROM `user` [ RunTime:0.0150s ]
SQL: SHOW COLUMNS FROM `user` [ RunTime:0.0100s ]
SQL: SELECT * FROM `user` WHERE ( username='admin' and userpsw='21232f297a57a5a743894a0e4a801fc3' ) LIMIT 1   [ RunTime:0.0000s ]
NOTIC: [8] A session had already been started - ignoring session_start() D:\phpStudy\WWW\yqf\toshop\Application\Admin\Controller\LoginController.class.php 第 26 行.
INFO: [ app_end ] --START--
INFO: Run Behavior\ShowPageTraceBehavior [ RunTime:0.000000s ]
INFO: [ app_end ] --END-- [ RunTime:0.001000s ]

[ 2018-11-06T16:13:28+08:00 ] ::1 /yqf/toshop/index.php/admin/Index/index.html
INFO: [ app_init ] --START--
INFO: Run Behavior\BuildLiteBehavior [ RunTime:0.000000s ]
INFO: [ app_init ] --END-- [ RunTime:0.001000s ]
INFO: [ app_begin ] --START--
INFO: Run Behavior\ReadHtmlCacheBehavior [ RunTime:0.001000s ]
INFO: [ app_begin ] --END-- [ RunTime:0.001000s ]
INFO: [ view_parse ] --START--
INFO: [ template_filter ] --START--
INFO: Run Behavior\ContentReplaceBehavior [ RunTime:0.000000s ]
INFO: [ template_filter ] --END-- [ RunTime:0.000000s ]
INFO: Run Behavior\ParseTemplateBehavior [ RunTime:0.010001s ]
INFO: [ view_parse ] --END-- [ RunTime:0.010001s ]
INFO: [ view_filter ] --START--
INFO: Run Behavior\WriteHtmlCacheBehavior [ RunTime:0.000000s ]
INFO: [ view_filter ] --END-- [ RunTime:0.000000s ]
INFO: [ app_end ] --START--
INFO: Run Behavior\ShowPageTraceBehavior [ RunTime:0.001000s ]
INFO: [ app_end ] --END-- [ RunTime:0.001000s ]

[ 2018-11-06T16:13:29+08:00 ] ::1 /yqf/toshop/index.php/admin/Product/product.html
INFO: [ app_init ] --START--
INFO: Run Behavior\BuildLiteBehavior [ RunTime:0.000000s ]
INFO: [ app_init ] --END-- [ RunTime:0.000000s ]
INFO: [ app_begin ] --START--
INFO: Run Behavior\ReadHtmlCacheBehavior [ RunTime:0.001000s ]
INFO: [ app_begin ] --END-- [ RunTime:0.001000s ]
SQL: SHOW COLUMNS FROM `pk` [ RunTime:0.0070s ]
SQL: SELECT COUNT(*) AS tp_count FROM `pk` LIMIT 1   [ RunTime:0.0010s ]
SQL: SELECT * FROM `pk` ORDER BY id desc LIMIT 0,8   [ RunTime:0.0020s ]
SQL: SHOW COLUMNS FROM `size` [ RunTime:0.0070s ]
SQL: SHOW COLUMNS FROM `size` [ RunTime:0.0140s ]
SQL: SELECT * FROM `size` ORDER BY id desc  [ RunTime:0.0010s ]
SQL: SHOW COLUMNS FROM `color` [ RunTime:0.0240s ]
SQL: SHOW COLUMNS FROM `color` [ RunTime:0.0170s ]
SQL: SELECT * FROM `color` ORDER BY id desc  [ RunTime:0.0010s ]
SQL: SHOW COLUMNS FROM `actor` [ RunTime:0.0200s ]
SQL: SHOW COLUMNS FROM `ar` [ RunTime:0.0160s ]
SQL: SELECT * FROM `ar` ORDER BY aid  [ RunTime:0.0030s ]
SQL: SHOW COLUMNS FROM `kind` [ RunTime:0.0130s ]
SQL: SHOW COLUMNS FROM `kind` [ RunTime:0.0130s ]
SQL: SELECT * FROM `kind`  [ RunTime:0.0000s ]
INFO: [ view_parse ] --START--
INFO: [ template_filter ] --START--
INFO: Run Behavior\ContentReplaceBehavior [ RunTime:0.000000s ]
INFO: [ template_filter ] --END-- [ RunTime:0.000000s ]
INFO: Run Behavior\ParseTemplateBehavior [ RunTime:0.018001s ]
INFO: [ view_parse ] --END-- [ RunTime:0.018001s ]
INFO: [ view_filter ] --START--
INFO: Run Behavior\WriteHtmlCacheBehavior [ RunTime:0.000000s ]
INFO: [ view_filter ] --END-- [ RunTime:0.000000s ]
INFO: [ app_end ] --START--
INFO: Run Behavior\ShowPageTraceBehavior [ RunTime:0.001000s ]
INFO: [ app_end ] --END-- [ RunTime:0.001000s ]

[ 2018-11-06T16:13:37+08:00 ] ::1 /yqf/toshop/index.php/admin/Product/product.html
INFO: [ app_init ] --START--
INFO: Run Behavior\BuildLiteBehavior [ RunTime:0.000000s ]
INFO: [ app_init ] --END-- [ RunTime:0.001000s ]
INFO: [ app_begin ] --START--
INFO: Run Behavior\ReadHtmlCacheBehavior [ RunTime:0.000000s ]
INFO: [ app_begin ] --END-- [ RunTime:0.001000s ]
SQL: SHOW COLUMNS FROM `pk` [ RunTime:0.0120s ]
SQL: SELECT COUNT(*) AS tp_count FROM `pk` LIMIT 1   [ RunTime:0.0020s ]
SQL: SELECT * FROM `pk` ORDER BY id desc LIMIT 0,8   [ RunTime:0.0010s ]
SQL: SHOW COLUMNS FROM `size` [ RunTime:0.0040s ]
SQL: SHOW COLUMNS FROM `size` [ RunTime:0.0050s ]
SQL: SELECT * FROM `size` ORDER BY id desc  [ RunTime:0.0000s ]
SQL: SHOW COLUMNS FROM `color` [ RunTime:0.0060s ]
SQL: SHOW COLUMNS FROM `color` [ RunTime:0.0090s ]
SQL: SELECT * FROM `color` ORDER BY id desc  [ RunTime:0.0000s ]
SQL: SHOW COLUMNS FROM `actor` [ RunTime:0.0130s ]
SQL: SHOW COLUMNS FROM `ar` [ RunTime:0.0140s ]
SQL: SELECT * FROM `ar` ORDER BY aid  [ RunTime:0.0010s ]
SQL: SHOW COLUMNS FROM `kind` [ RunTime:0.0130s ]
SQL: SHOW COLUMNS FROM `kind` [ RunTime:0.0120s ]
SQL: SELECT * FROM `kind`  [ RunTime:0.0000s ]
INFO: [ view_parse ] --START--
INFO: [ template_filter ] --START--
INFO: Run Behavior\ContentReplaceBehavior [ RunTime:0.000000s ]
INFO: [ template_filter ] --END-- [ RunTime:0.000000s ]
INFO: Run Behavior\ParseTemplateBehavior [ RunTime:0.017001s ]
INFO: [ view_parse ] --END-- [ RunTime:0.017001s ]
INFO: [ view_filter ] --START--
INFO: Run Behavior\WriteHtmlCacheBehavior [ RunTime:0.000000s ]
INFO: [ view_filter ] --END-- [ RunTime:0.000000s ]
INFO: [ app_end ] --START--
INFO: Run Behavior\ShowPageTraceBehavior [ RunTime:0.001000s ]
INFO: [ app_end ] --END-- [ RunTime:0.001000s ]

[ 2018-11-06T16:16:45+08:00 ] ::1 /yqf/toshop/index.php/admin/Kind/kind.html
INFO: [ app_init ] --START--
INFO: Run Behavior\BuildLiteBehavior [ RunTime:0.000000s ]
INFO: [ app_init ] --END-- [ RunTime:0.001000s ]
INFO: [ app_begin ] --START--
INFO: Run Behavior\ReadHtmlCacheBehavior [ RunTime:0.000000s ]
INFO: [ app_begin ] --END-- [ RunTime:0.001000s ]
SQL: SHOW COLUMNS FROM `kind` [ RunTime:0.0090s ]
SQL: SELECT COUNT(*) AS tp_count FROM `kind` LIMIT 1   [ RunTime:0.0010s ]
SQL: SELECT * FROM `kind` ORDER BY kindid LIMIT 0,8   [ RunTime:0.0010s ]
INFO: [ view_parse ] --START--
INFO: [ template_filter ] --START--
INFO: Run Behavior\ContentReplaceBehavior [ RunTime:0.000000s ]
INFO: [ template_filter ] --END-- [ RunTime:0.000000s ]
INFO: Run Behavior\ParseTemplateBehavior [ RunTime:0.010001s ]
INFO: [ view_parse ] --END-- [ RunTime:0.010001s ]
INFO: [ view_filter ] --START--
INFO: Run Behavior\WriteHtmlCacheBehavior [ RunTime:0.000000s ]
INFO: [ view_filter ] --END-- [ RunTime:0.000000s ]
INFO: [ app_end ] --START--
INFO: Run Behavior\ShowPageTraceBehavior [ RunTime:0.001000s ]
INFO: [ app_end ] --END-- [ RunTime:0.001000s ]

[ 2018-11-06T16:16:48+08:00 ] ::1 /yqf/toshop/index.php/admin/Product/size.html
INFO: [ app_init ] --START--
INFO: Run Behavior\BuildLiteBehavior [ RunTime:0.000000s ]
INFO: [ app_init ] --END-- [ RunTime:0.001000s ]
INFO: [ app_begin ] --START--
INFO: Run Behavior\ReadHtmlCacheBehavior [ RunTime:0.001000s ]
INFO: [ app_begin ] --END-- [ RunTime:0.001000s ]
SQL: SHOW COLUMNS FROM `size` [ RunTime:0.0110s ]
SQL: SHOW COLUMNS FROM `color` [ RunTime:0.0110s ]
SQL: SHOW COLUMNS FROM `color` [ RunTime:0.0210s ]
SQL: SELECT * FROM `color` ORDER BY id desc  [ RunTime:0.0010s ]
SQL: SHOW COLUMNS FROM `size` [ RunTime:0.0150s ]
SQL: SELECT * FROM `size` ORDER BY id desc  [ RunTime:0.0010s ]
INFO: [ view_parse ] --START--
INFO: [ template_filter ] --START--
INFO: Run Behavior\ContentReplaceBehavior [ RunTime:0.000000s ]
INFO: [ template_filter ] --END-- [ RunTime:0.000000s ]
INFO: Run Behavior\ParseTemplateBehavior [ RunTime:0.009001s ]
INFO: [ view_parse ] --END-- [ RunTime:0.009001s ]
INFO: [ view_filter ] --START--
INFO: Run Behavior\WriteHtmlCacheBehavior [ RunTime:0.000000s ]
INFO: [ view_filter ] --END-- [ RunTime:0.000000s ]
INFO: [ app_end ] --START--
INFO: Run Behavior\ShowPageTraceBehavior [ RunTime:0.001000s ]
INFO: [ app_end ] --END-- [ RunTime:0.001000s ]

[ 2018-11-06T16:16:49+08:00 ] ::1 /yqf/toshop/index.php/admin/Product/product.html
INFO: [ app_init ] --START--
INFO: Run Behavior\BuildLiteBehavior [ RunTime:0.000000s ]
INFO: [ app_init ] --END-- [ RunTime:0.000000s ]
INFO: [ app_begin ] --START--
INFO: Run Behavior\ReadHtmlCacheBehavior [ RunTime:0.001000s ]
INFO: [ app_begin ] --END-- [ RunTime:0.001000s ]
SQL: SHOW COLUMNS FROM `pk` [ RunTime:0.0100s ]
SQL: SELECT COUNT(*) AS tp_count FROM `pk` LIMIT 1   [ RunTime:0.0030s ]
SQL: SELECT * FROM `pk` ORDER BY id desc LIMIT 0,8   [ RunTime:0.0040s ]
SQL: SHOW COLUMNS FROM `size` [ RunTime:0.0180s ]
SQL: SHOW COLUMNS FROM `size` [ RunTime:0.0180s ]
SQL: SELECT * FROM `size` ORDER BY id desc  [ RunTime:0.0010s ]
SQL: SHOW COLUMNS FROM `color` [ RunTime:0.0160s ]
SQL: SHOW COLUMNS FROM `color` [ RunTime:0.0140s ]
SQL: SELECT * FROM `color` ORDER BY id desc  [ RunTime:0.0000s ]
SQL: SHOW COLUMNS FROM `actor` [ RunTime:0.0170s ]
SQL: SHOW COLUMNS FROM `ar` [ RunTime:0.0180s ]
SQL: SELECT * FROM `ar` ORDER BY aid  [ RunTime:0.0040s ]
SQL: SHOW COLUMNS FROM `kind` [ RunTime:0.0160s ]
SQL: SHOW COLUMNS FROM `kind` [ RunTime:0.0190s ]
SQL: SELECT * FROM `kind`  [ RunTime:0.0010s ]
INFO: [ view_parse ] --START--
INFO: [ template_filter ] --START--
INFO: Run Behavior\ContentReplaceBehavior [ RunTime:0.000000s ]
INFO: [ template_filter ] --END-- [ RunTime:0.000000s ]
INFO: Run Behavior\ParseTemplateBehavior [ RunTime:0.020001s ]
INFO: [ view_parse ] --END-- [ RunTime:0.020001s ]
INFO: [ view_filter ] --START--
INFO: Run Behavior\WriteHtmlCacheBehavior [ RunTime:0.000000s ]
INFO: [ view_filter ] --END-- [ RunTime:0.000000s ]
INFO: [ app_end ] --START--
INFO: Run Behavior\ShowPageTraceBehavior [ RunTime:0.001000s ]
INFO: [ app_end ] --END-- [ RunTime:0.001000s ]

[ 2018-11-06T16:42:04+08:00 ] ::1 /yqf/toshop/index.php/admin/login/login
INFO: [ app_init ] --START--
INFO: Run Behavior\BuildLiteBehavior [ RunTime:0.000000s ]
INFO: [ app_init ] --END-- [ RunTime:0.001000s ]
INFO: [ app_begin ] --START--
INFO: Run Behavior\ReadHtmlCacheBehavior [ RunTime:0.001000s ]
INFO: [ app_begin ] --END-- [ RunTime:0.001000s ]
INFO: [ view_parse ] --START--
INFO: [ template_filter ] --START--
INFO: Run Behavior\ContentReplaceBehavior [ RunTime:0.000000s ]
INFO: [ template_filter ] --END-- [ RunTime:0.000000s ]
INFO: Run Behavior\ParseTemplateBehavior [ RunTime:0.011001s ]
INFO: [ view_parse ] --END-- [ RunTime:0.011001s ]
INFO: [ view_filter ] --START--
INFO: Run Behavior\WriteHtmlCacheBehavior [ RunTime:0.000000s ]
INFO: [ view_filter ] --END-- [ RunTime:0.001000s ]
INFO: [ app_end ] --START--
INFO: Run Behavior\ShowPageTraceBehavior [ RunTime:0.000000s ]
INFO: [ app_end ] --END-- [ RunTime:0.000000s ]

[ 2018-11-06T20:47:39+08:00 ] ::1 /yqf/toshop/index.php/admin/login/login
INFO: [ app_init ] --START--
INFO: Run Behavior\BuildLiteBehavior [ RunTime:0.000000s ]
INFO: [ app_init ] --END-- [ RunTime:0.001000s ]
INFO: [ app_begin ] --START--
INFO: Run Behavior\ReadHtmlCacheBehavior [ RunTime:0.001001s ]
INFO: [ app_begin ] --END-- [ RunTime:0.001001s ]
INFO: [ view_parse ] --START--
INFO: [ template_filter ] --START--
INFO: Run Behavior\ContentReplaceBehavior [ RunTime:0.000000s ]
INFO: [ template_filter ] --END-- [ RunTime:0.000000s ]
INFO: Run Behavior\ParseTemplateBehavior [ RunTime:0.007000s ]
INFO: [ view_parse ] --END-- [ RunTime:0.007000s ]
INFO: [ view_filter ] --START--
INFO: Run Behavior\WriteHtmlCacheBehavior [ RunTime:0.000000s ]
INFO: [ view_filter ] --END-- [ RunTime:0.000000s ]
INFO: [ app_end ] --START--
INFO: Run Behavior\ShowPageTraceBehavior [ RunTime:0.001000s ]
INFO: [ app_end ] --END-- [ RunTime:0.001000s ]

[ 2018-11-06T20:47:44+08:00 ] ::1 /yqf/toshop/index.php/admin/login/tologin
INFO: [ app_init ] --START--
INFO: Run Behavior\BuildLiteBehavior [ RunTime:0.000000s ]
INFO: [ app_init ] --END-- [ RunTime:0.001000s ]
INFO: [ app_begin ] --START--
INFO: Run Behavior\ReadHtmlCacheBehavior [ RunTime:0.000000s ]
INFO: [ app_begin ] --END-- [ RunTime:0.000000s ]
SQL: SHOW COLUMNS FROM `user` [ RunTime:0.0070s ]
SQL: SHOW COLUMNS FROM `user` [ RunTime:0.0110s ]
SQL: SELECT * FROM `user` WHERE ( username='admin' and userpsw='21232f297a57a5a743894a0e4a801fc3' ) LIMIT 1   [ RunTime:0.0000s ]
NOTIC: [8] A session had already been started - ignoring session_start() D:\phpStudy\WWW\yqf\toshop\Application\Admin\Controller\LoginController.class.php 第 26 行.
INFO: [ app_end ] --START--
INFO: Run Behavior\ShowPageTraceBehavior [ RunTime:0.001000s ]
INFO: [ app_end ] --END-- [ RunTime:0.001000s ]

[ 2018-11-06T20:47:44+08:00 ] ::1 /yqf/toshop/index.php/admin/Index/index.html
INFO: [ app_init ] --START--
INFO: Run Behavior\BuildLiteBehavior [ RunTime:0.000000s ]
INFO: [ app_init ] --END-- [ RunTime:0.000000s ]
INFO: [ app_begin ] --START--
INFO: Run Behavior\ReadHtmlCacheBehavior [ RunTime:0.001000s ]
INFO: [ app_begin ] --END-- [ RunTime:0.001000s ]
INFO: [ view_parse ] --START--
INFO: [ template_filter ] --START--
INFO: Run Behavior\ContentReplaceBehavior [ RunTime:0.000000s ]
INFO: [ template_filter ] --END-- [ RunTime:0.000000s ]
INFO: Run Behavior\ParseTemplateBehavior [ RunTime:0.006001s ]
INFO: [ view_parse ] --END-- [ RunTime:0.006001s ]
INFO: [ view_filter ] --START--
INFO: Run Behavior\WriteHtmlCacheBehavior [ RunTime:0.000000s ]
INFO: [ view_filter ] --END-- [ RunTime:0.000000s ]
INFO: [ app_end ] --START--
INFO: Run Behavior\ShowPageTraceBehavior [ RunTime:0.000000s ]
INFO: [ app_end ] --END-- [ RunTime:0.000000s ]

[ 2018-11-06T20:47:44+08:00 ] ::1 /yqf/toshop/index.php/admin/Product/product.html
INFO: [ app_init ] --START--
INFO: Run Behavior\BuildLiteBehavior [ RunTime:0.000000s ]
INFO: [ app_init ] --END-- [ RunTime:0.000000s ]
INFO: [ app_begin ] --START--
INFO: Run Behavior\ReadHtmlCacheBehavior [ RunTime:0.001000s ]
INFO: [ app_begin ] --END-- [ RunTime:0.001000s ]
SQL: SHOW COLUMNS FROM `pk` [ RunTime:0.0130s ]
SQL: SELECT COUNT(*) AS tp_count FROM `pk` LIMIT 1   [ RunTime:0.0010s ]
SQL: SELECT * FROM `pk` ORDER BY id desc LIMIT 0,8   [ RunTime:0.0010s ]
SQL: SHOW COLUMNS FROM `size` [ RunTime:0.0130s ]
SQL: SHOW COLUMNS FROM `size` [ RunTime:0.0080s ]
SQL: SELECT * FROM `size` ORDER BY id desc  [ RunTime:0.0010s ]
SQL: SHOW COLUMNS FROM `color` [ RunTime:0.0130s ]
SQL: SHOW COLUMNS FROM `color` [ RunTime:0.0130s ]
SQL: SELECT * FROM `color` ORDER BY id desc  [ RunTime:0.0010s ]
SQL: SHOW COLUMNS FROM `actor` [ RunTime:0.0110s ]
SQL: SHOW COLUMNS FROM `ar` [ RunTime:0.0120s ]
SQL: SELECT * FROM `ar` ORDER BY aid  [ RunTime:0.0010s ]
SQL: SHOW COLUMNS FROM `kind` [ RunTime:0.0070s ]
SQL: SHOW COLUMNS FROM `kind` [ RunTime:0.0080s ]
SQL: SELECT * FROM `kind`  [ RunTime:0.0010s ]
INFO: [ view_parse ] --START--
INFO: [ template_filter ] --START--
INFO: Run Behavior\ContentReplaceBehavior [ RunTime:0.000000s ]
INFO: [ template_filter ] --END-- [ RunTime:0.000000s ]
INFO: Run Behavior\ParseTemplateBehavior [ RunTime:0.015001s ]
INFO: [ view_parse ] --END-- [ RunTime:0.015001s ]
INFO: [ view_filter ] --START--
INFO: Run Behavior\WriteHtmlCacheBehavior [ RunTime:0.000000s ]
INFO: [ view_filter ] --END-- [ RunTime:0.000000s ]
INFO: [ app_end ] --START--
INFO: Run Behavior\ShowPageTraceBehavior [ RunTime:0.001000s ]
INFO: [ app_end ] --END-- [ RunTime:0.001000s ]

[ 2018-11-06T20:47:46+08:00 ] ::1 /yqf/toshop/index.php/admin/Actor/actor.html
INFO: [ app_init ] --START--
INFO: Run Behavior\BuildLiteBehavior [ RunTime:0.000000s ]
INFO: [ app_init ] --END-- [ RunTime:0.001000s ]
INFO: [ app_begin ] --START--
INFO: Run Behavior\ReadHtmlCacheBehavior [ RunTime:0.000000s ]
INFO: [ app_begin ] --END-- [ RunTime:0.000000s ]
SQL: SHOW COLUMNS FROM `region` [ RunTime:0.0070s ]
SQL: SHOW COLUMNS FROM `actor` [ RunTime:0.0090s ]
SQL: SHOW COLUMNS FROM `ar` [ RunTime:0.0080s ]
SQL: SELECT * FROM `ar` ORDER BY aid  [ RunTime:0.0010s ]
SQL: SHOW COLUMNS FROM `region` [ RunTime:0.0080s ]
SQL: SELECT * FROM `region`  [ RunTime:0.0010s ]
INFO: [ view_parse ] --START--
INFO: [ template_filter ] --START--
INFO: Run Behavior\ContentReplaceBehavior [ RunTime:0.001000s ]
INFO: [ template_filter ] --END-- [ RunTime:0.001000s ]
INFO: Run Behavior\ParseTemplateBehavior [ RunTime:0.007000s ]
INFO: [ view_parse ] --END-- [ RunTime:0.007000s ]
INFO: [ view_filter ] --START--
INFO: Run Behavior\WriteHtmlCacheBehavior [ RunTime:0.000000s ]
INFO: [ view_filter ] --END-- [ RunTime:0.000000s ]
INFO: [ app_end ] --START--
INFO: Run Behavior\ShowPageTraceBehavior [ RunTime:0.001000s ]
INFO: [ app_end ] --END-- [ RunTime:0.001000s ]

[ 2018-11-06T20:53:17+08:00 ] ::1 /yqf/toshop/index.php/admin/Index/index.html
INFO: [ app_init ] --START--
INFO: Run Behavior\BuildLiteBehavior [ RunTime:0.000000s ]
INFO: [ app_init ] --END-- [ RunTime:0.000000s ]
INFO: [ app_begin ] --START--
INFO: Run Behavior\ReadHtmlCacheBehavior [ RunTime:0.001000s ]
INFO: [ app_begin ] --END-- [ RunTime:0.001000s ]
INFO: [ view_parse ] --START--
INFO: [ template_filter ] --START--
INFO: Run Behavior\ContentReplaceBehavior [ RunTime:0.000000s ]
INFO: [ template_filter ] --END-- [ RunTime:0.000000s ]
INFO: Run Behavior\ParseTemplateBehavior [ RunTime:0.012001s ]
INFO: [ view_parse ] --END-- [ RunTime:0.012001s ]
INFO: [ view_filter ] --START--
INFO: Run Behavior\WriteHtmlCacheBehavior [ RunTime:0.000000s ]
INFO: [ view_filter ] --END-- [ RunTime:0.000000s ]
INFO: [ app_end ] --START--
INFO: Run Behavior\ShowPageTraceBehavior [ RunTime:0.000000s ]
INFO: [ app_end ] --END-- [ RunTime:0.000000s ]

[ 2018-11-06T20:53:17+08:00 ] ::1 /yqf/toshop/index.php/admin/Product/product.html
INFO: [ app_init ] --START--
INFO: Run Behavior\BuildLiteBehavior [ RunTime:0.000000s ]
INFO: [ app_init ] --END-- [ RunTime:0.000000s ]
INFO: [ app_begin ] --START--
INFO: Run Behavior\ReadHtmlCacheBehavior [ RunTime:0.001000s ]
INFO: [ app_begin ] --END-- [ RunTime:0.001000s ]
SQL: SHOW COLUMNS FROM `pk` [ RunTime:0.0100s ]
SQL: SELECT COUNT(*) AS tp_count FROM `pk` LIMIT 1   [ RunTime:0.0010s ]
SQL: SELECT * FROM `pk` ORDER BY id desc LIMIT 0,8   [ RunTime:0.0020s ]
SQL: SHOW COLUMNS FROM `size` [ RunTime:0.0080s ]
SQL: SHOW COLUMNS FROM `size` [ RunTime:0.0100s ]
SQL: SELECT * FROM `size` ORDER BY id desc  [ RunTime:0.0000s ]
SQL: SHOW COLUMNS FROM `color` [ RunTime:0.0100s ]
SQL: SHOW COLUMNS FROM `color` [ RunTime:0.0090s ]
SQL: SELECT * FROM `color` ORDER BY id desc  [ RunTime:0.0010s ]
SQL: SHOW COLUMNS FROM `actor` [ RunTime:0.0070s ]
SQL: SHOW COLUMNS FROM `ar` [ RunTime:0.0080s ]
SQL: SELECT * FROM `ar` ORDER BY aid  [ RunTime:0.0010s ]
SQL: SHOW COLUMNS FROM `kind` [ RunTime:0.0080s ]
SQL: SHOW COLUMNS FROM `kind` [ RunTime:0.0070s ]
SQL: SELECT * FROM `kind`  [ RunTime:0.0010s ]
INFO: [ view_parse ] --START--
INFO: [ template_filter ] --START--
INFO: Run Behavior\ContentReplaceBehavior [ RunTime:0.000000s ]
INFO: [ template_filter ] --END-- [ RunTime:0.000000s ]
INFO: Run Behavior\ParseTemplateBehavior [ RunTime:0.015001s ]
INFO: [ view_parse ] --END-- [ RunTime:0.015001s ]
INFO: [ view_filter ] --START--
INFO: Run Behavior\WriteHtmlCacheBehavior [ RunTime:0.001000s ]
INFO: [ view_filter ] --END-- [ RunTime:0.001000s ]
INFO: [ app_end ] --START--
INFO: Run Behavior\ShowPageTraceBehavior [ RunTime:0.000000s ]
INFO: [ app_end ] --END-- [ RunTime:0.000000s ]

