[ 2018-11-10T10:50:04+08:00 ] ::1 /yqf/toshop/index.php/admin/Index/index.html
INFO: [ app_init ] --START--
INFO: Run Behavior\BuildLiteBehavior [ RunTime:0.000000s ]
INFO: [ app_init ] --END-- [ RunTime:0.001000s ]
INFO: [ app_begin ] --START--
INFO: Run Behavior\ReadHtmlCacheBehavior [ RunTime:0.001000s ]
INFO: [ app_begin ] --END-- [ RunTime:0.001000s ]
NOTIC: [8] Undefined index: admin D:\phpStudy\WWW\yqf\toshop\Application\Admin\Controller\IndexController.class.php 第 6 行.
INFO: [ view_parse ] --START--
INFO: [ template_filter ] --START--
INFO: Run Behavior\ContentReplaceBehavior [ RunTime:0.000000s ]
INFO: [ template_filter ] --END-- [ RunTime:0.000000s ]
INFO: Run Behavior\ParseTemplateBehavior [ RunTime:0.012001s ]
INFO: [ view_parse ] --END-- [ RunTime:0.012001s ]
INFO: [ view_filter ] --START--
INFO: Run Behavior\WriteHtmlCacheBehavior [ RunTime:0.001000s ]
INFO: [ view_filter ] --END-- [ RunTime:0.001000s ]

[ 2018-11-10T10:50:07+08:00 ] ::1 /yqf/toshop/index.php/admin/Login/login.html
INFO: [ app_init ] --START--
INFO: Run Behavior\BuildLiteBehavior [ RunTime:0.000000s ]
INFO: [ app_init ] --END-- [ RunTime:0.001000s ]
INFO: [ app_begin ] --START--
INFO: Run Behavior\ReadHtmlCacheBehavior [ RunTime:0.001000s ]
INFO: [ app_begin ] --END-- [ RunTime:0.001000s ]
INFO: [ view_parse ] --START--
INFO: [ template_filter ] --START--
INFO: Run Behavior\ContentReplaceBehavior [ RunTime:0.000000s ]
INFO: [ template_filter ] --END-- [ RunTime:0.000000s ]
INFO: Run Behavior\ParseTemplateBehavior [ RunTime:0.006000s ]
INFO: [ view_parse ] --END-- [ RunTime:0.007000s ]
INFO: [ view_filter ] --START--
INFO: Run Behavior\WriteHtmlCacheBehavior [ RunTime:0.000000s ]
INFO: [ view_filter ] --END-- [ RunTime:0.000000s ]
INFO: [ app_end ] --START--
INFO: Run Behavior\ShowPageTraceBehavior [ RunTime:0.000000s ]
INFO: [ app_end ] --END-- [ RunTime:0.000000s ]

[ 2018-11-10T10:50:13+08:00 ] ::1 /yqf/toshop/index.php/admin/Login/tologin
INFO: [ app_init ] --START--
INFO: Run Behavior\BuildLiteBehavior [ RunTime:0.000000s ]
INFO: [ app_init ] --END-- [ RunTime:0.000000s ]
INFO: [ app_begin ] --START--
INFO: Run Behavior\ReadHtmlCacheBehavior [ RunTime:0.001000s ]
INFO: [ app_begin ] --END-- [ RunTime:0.001000s ]
SQL: SHOW COLUMNS FROM `user` [ RunTime:0.0340s ]
SQL: SHOW COLUMNS FROM `user` [ RunTime:0.0070s ]
SQL: SELECT * FROM `user` WHERE ( username='admin' and userpsw='21232f297a57a5a743894a0e4a801fc3' ) LIMIT 1   [ RunTime:0.0000s ]
NOTIC: [8] A session had already been started - ignoring session_start() D:\phpStudy\WWW\yqf\toshop\Application\Admin\Controller\LoginController.class.php 第 26 行.
INFO: [ app_end ] --START--
INFO: Run Behavior\ShowPageTraceBehavior [ RunTime:0.000000s ]
INFO: [ app_end ] --END-- [ RunTime:0.000000s ]

[ 2018-11-10T10:50:13+08:00 ] ::1 /yqf/toshop/index.php/admin/Index/index.html
INFO: [ app_init ] --START--
INFO: Run Behavior\BuildLiteBehavior [ RunTime:0.000000s ]
INFO: [ app_init ] --END-- [ RunTime:0.000000s ]
INFO: [ app_begin ] --START--
INFO: Run Behavior\ReadHtmlCacheBehavior [ RunTime:0.001000s ]
INFO: [ app_begin ] --END-- [ RunTime:0.001000s ]
INFO: [ view_parse ] --START--
INFO: [ template_filter ] --START--
INFO: Run Behavior\ContentReplaceBehavior [ RunTime:0.000000s ]
INFO: [ template_filter ] --END-- [ RunTime:0.000000s ]
INFO: Run Behavior\ParseTemplateBehavior [ RunTime:0.005001s ]
INFO: [ view_parse ] --END-- [ RunTime:0.005001s ]
INFO: [ view_filter ] --START--
INFO: Run Behavior\WriteHtmlCacheBehavior [ RunTime:0.000000s ]
INFO: [ view_filter ] --END-- [ RunTime:0.000000s ]
INFO: [ app_end ] --START--
INFO: Run Behavior\ShowPageTraceBehavior [ RunTime:0.001000s ]
INFO: [ app_end ] --END-- [ RunTime:0.001000s ]

[ 2018-11-10T10:50:13+08:00 ] ::1 /yqf/toshop/index.php/admin/Product/product.html
INFO: [ app_init ] --START--
INFO: Run Behavior\BuildLiteBehavior [ RunTime:0.000000s ]
INFO: [ app_init ] --END-- [ RunTime:0.000000s ]
INFO: [ app_begin ] --START--
INFO: Run Behavior\ReadHtmlCacheBehavior [ RunTime:0.001000s ]
INFO: [ app_begin ] --END-- [ RunTime:0.001000s ]
SQL: SHOW COLUMNS FROM `pk` [ RunTime:0.0140s ]
SQL: SELECT COUNT(*) AS tp_count FROM `pk` LIMIT 1   [ RunTime:0.0020s ]
SQL: SELECT * FROM `pk` ORDER BY id desc LIMIT 0,9   [ RunTime:0.0020s ]
SQL: SHOW COLUMNS FROM `size` [ RunTime:0.0140s ]
SQL: SHOW COLUMNS FROM `size` [ RunTime:0.0090s ]
SQL: SELECT * FROM `size` ORDER BY id desc  [ RunTime:0.0010s ]
SQL: SHOW COLUMNS FROM `color` [ RunTime:0.0100s ]
SQL: SHOW COLUMNS FROM `color` [ RunTime:0.0090s ]
SQL: SELECT * FROM `color` ORDER BY id desc  [ RunTime:0.0000s ]
SQL: SHOW COLUMNS FROM `actor` [ RunTime:0.0070s ]
SQL: SHOW COLUMNS FROM `ar` [ RunTime:0.0080s ]
SQL: SELECT * FROM `ar` ORDER BY aid  [ RunTime:0.0010s ]
SQL: SHOW COLUMNS FROM `kind` [ RunTime:0.0060s ]
SQL: SHOW COLUMNS FROM `kind` [ RunTime:0.0080s ]
SQL: SELECT * FROM `kind`  [ RunTime:0.0010s ]
INFO: [ view_parse ] --START--
INFO: [ template_filter ] --START--
INFO: Run Behavior\ContentReplaceBehavior [ RunTime:0.000000s ]
INFO: [ template_filter ] --END-- [ RunTime:0.000000s ]
INFO: Run Behavior\ParseTemplateBehavior [ RunTime:0.015001s ]
INFO: [ view_parse ] --END-- [ RunTime:0.015001s ]
INFO: [ view_filter ] --START--
INFO: Run Behavior\WriteHtmlCacheBehavior [ RunTime:0.001000s ]
INFO: [ view_filter ] --END-- [ RunTime:0.001000s ]
INFO: [ app_end ] --START--
INFO: Run Behavior\ShowPageTraceBehavior [ RunTime:0.000000s ]
INFO: [ app_end ] --END-- [ RunTime:0.000000s ]

[ 2018-11-10T10:50:15+08:00 ] ::1 /yqf/toshop/index.php/admin/Kind/kind.html
INFO: [ app_init ] --START--
INFO: Run Behavior\BuildLiteBehavior [ RunTime:0.000000s ]
INFO: [ app_init ] --END-- [ RunTime:0.000000s ]
INFO: [ app_begin ] --START--
INFO: Run Behavior\ReadHtmlCacheBehavior [ RunTime:0.001000s ]
INFO: [ app_begin ] --END-- [ RunTime:0.001000s ]
SQL: SHOW COLUMNS FROM `kind` [ RunTime:0.0070s ]
SQL: SELECT COUNT(*) AS tp_count FROM `kind` LIMIT 1   [ RunTime:0.0000s ]
SQL: SELECT * FROM `kind` ORDER BY kindid LIMIT 0,9   [ RunTime:0.0000s ]
INFO: [ view_parse ] --START--
INFO: [ template_filter ] --START--
INFO: Run Behavior\ContentReplaceBehavior [ RunTime:0.000000s ]
INFO: [ template_filter ] --END-- [ RunTime:0.000000s ]
INFO: Run Behavior\ParseTemplateBehavior [ RunTime:0.009000s ]
INFO: [ view_parse ] --END-- [ RunTime:0.009000s ]
INFO: [ view_filter ] --START--
INFO: Run Behavior\WriteHtmlCacheBehavior [ RunTime:0.000000s ]
INFO: [ view_filter ] --END-- [ RunTime:0.000000s ]
INFO: [ app_end ] --START--
INFO: Run Behavior\ShowPageTraceBehavior [ RunTime:0.001000s ]
INFO: [ app_end ] --END-- [ RunTime:0.001000s ]

[ 2018-11-10T10:50:19+08:00 ] ::1 /yqf/toshop/index.php/admin/Product/size.html
INFO: [ app_init ] --START--
INFO: Run Behavior\BuildLiteBehavior [ RunTime:0.000000s ]
INFO: [ app_init ] --END-- [ RunTime:0.000000s ]
INFO: [ app_begin ] --START--
INFO: Run Behavior\ReadHtmlCacheBehavior [ RunTime:0.000000s ]
INFO: [ app_begin ] --END-- [ RunTime:0.000000s ]
SQL: SHOW COLUMNS FROM `size` [ RunTime:0.0080s ]
SQL: SHOW COLUMNS FROM `color` [ RunTime:0.0110s ]
SQL: SHOW COLUMNS FROM `color` [ RunTime:0.0070s ]
SQL: SELECT * FROM `color` ORDER BY id desc  [ RunTime:0.0010s ]
SQL: SHOW COLUMNS FROM `size` [ RunTime:0.0100s ]
SQL: SELECT * FROM `size` ORDER BY id desc  [ RunTime:0.0010s ]
INFO: [ view_parse ] --START--
INFO: [ template_filter ] --START--
INFO: Run Behavior\ContentReplaceBehavior [ RunTime:0.000000s ]
INFO: [ template_filter ] --END-- [ RunTime:0.000000s ]
INFO: Run Behavior\ParseTemplateBehavior [ RunTime:0.008000s ]
INFO: [ view_parse ] --END-- [ RunTime:0.008000s ]
INFO: [ view_filter ] --START--
INFO: Run Behavior\WriteHtmlCacheBehavior [ RunTime:0.001000s ]
INFO: [ view_filter ] --END-- [ RunTime:0.001000s ]
INFO: [ app_end ] --START--
INFO: Run Behavior\ShowPageTraceBehavior [ RunTime:0.002001s ]
INFO: [ app_end ] --END-- [ RunTime:0.002001s ]

[ 2018-11-10T10:50:19+08:00 ] ::1 /yqf/toshop/index.php/admin/Product/product.html
INFO: [ app_init ] --START--
INFO: Run Behavior\BuildLiteBehavior [ RunTime:0.000000s ]
INFO: [ app_init ] --END-- [ RunTime:0.001000s ]
INFO: [ app_begin ] --START--
INFO: Run Behavior\ReadHtmlCacheBehavior [ RunTime:0.001000s ]
INFO: [ app_begin ] --END-- [ RunTime:0.001000s ]
SQL: SHOW COLUMNS FROM `pk` [ RunTime:0.0080s ]
SQL: SELECT COUNT(*) AS tp_count FROM `pk` LIMIT 1   [ RunTime:0.0000s ]
SQL: SELECT * FROM `pk` ORDER BY id desc LIMIT 0,9   [ RunTime:0.0010s ]
SQL: SHOW COLUMNS FROM `size` [ RunTime:0.0090s ]
SQL: SHOW COLUMNS FROM `size` [ RunTime:0.0060s ]
SQL: SELECT * FROM `size` ORDER BY id desc  [ RunTime:0.0000s ]
SQL: SHOW COLUMNS FROM `color` [ RunTime:0.0080s ]
SQL: SHOW COLUMNS FROM `color` [ RunTime:0.0070s ]
SQL: SELECT * FROM `color` ORDER BY id desc  [ RunTime:0.0010s ]
SQL: SHOW COLUMNS FROM `actor` [ RunTime:0.0080s ]
SQL: SHOW COLUMNS FROM `ar` [ RunTime:0.0150s ]
SQL: SELECT * FROM `ar` ORDER BY aid  [ RunTime:0.0030s ]
SQL: SHOW COLUMNS FROM `kind` [ RunTime:0.0130s ]
SQL: SHOW COLUMNS FROM `kind` [ RunTime:0.0110s ]
SQL: SELECT * FROM `kind`  [ RunTime:0.0010s ]
INFO: [ view_parse ] --START--
INFO: [ template_filter ] --START--
INFO: Run Behavior\ContentReplaceBehavior [ RunTime:0.000000s ]
INFO: [ template_filter ] --END-- [ RunTime:0.000000s ]
INFO: Run Behavior\ParseTemplateBehavior [ RunTime:0.017001s ]
INFO: [ view_parse ] --END-- [ RunTime:0.017001s ]
INFO: [ view_filter ] --START--
INFO: Run Behavior\WriteHtmlCacheBehavior [ RunTime:0.001000s ]
INFO: [ view_filter ] --END-- [ RunTime:0.001000s ]
INFO: [ app_end ] --START--
INFO: Run Behavior\ShowPageTraceBehavior [ RunTime:0.000000s ]
INFO: [ app_end ] --END-- [ RunTime:0.000000s ]

[ 2018-11-10T10:50:21+08:00 ] ::1 /yqf/toshop/index.php/admin/Show/lunbo.html
INFO: [ app_init ] --START--
INFO: Run Behavior\BuildLiteBehavior [ RunTime:0.000000s ]
INFO: [ app_init ] --END-- [ RunTime:0.001000s ]
INFO: [ app_begin ] --START--
INFO: Run Behavior\ReadHtmlCacheBehavior [ RunTime:0.001000s ]
INFO: [ app_begin ] --END-- [ RunTime:0.001000s ]
SQL: SHOW COLUMNS FROM `lunbo` [ RunTime:0.0150s ]
SQL: SELECT * FROM `lunbo` ORDER BY lid  [ RunTime:0.0010s ]
INFO: [ view_parse ] --START--
INFO: [ template_filter ] --START--
INFO: Run Behavior\ContentReplaceBehavior [ RunTime:0.000000s ]
INFO: [ template_filter ] --END-- [ RunTime:0.000000s ]
INFO: Run Behavior\ParseTemplateBehavior [ RunTime:0.007001s ]
INFO: [ view_parse ] --END-- [ RunTime:0.007001s ]
INFO: [ view_filter ] --START--
INFO: Run Behavior\WriteHtmlCacheBehavior [ RunTime:0.000000s ]
INFO: [ view_filter ] --END-- [ RunTime:0.001000s ]
INFO: [ app_end ] --START--
INFO: Run Behavior\ShowPageTraceBehavior [ RunTime:0.000000s ]
INFO: [ app_end ] --END-- [ RunTime:0.000000s ]

[ 2018-11-10T10:50:21+08:00 ] ::1 /yqf/toshop/index.php/admin/Product/product.html
INFO: [ app_init ] --START--
INFO: Run Behavior\BuildLiteBehavior [ RunTime:0.000000s ]
INFO: [ app_init ] --END-- [ RunTime:0.001000s ]
INFO: [ app_begin ] --START--
INFO: Run Behavior\ReadHtmlCacheBehavior [ RunTime:0.000000s ]
INFO: [ app_begin ] --END-- [ RunTime:0.001001s ]
SQL: SHOW COLUMNS FROM `pk` [ RunTime:0.0120s ]
SQL: SELECT COUNT(*) AS tp_count FROM `pk` LIMIT 1   [ RunTime:0.0010s ]
SQL: SELECT * FROM `pk` ORDER BY id desc LIMIT 0,9   [ RunTime:0.0020s ]
SQL: SHOW COLUMNS FROM `size` [ RunTime:0.0110s ]
SQL: SHOW COLUMNS FROM `size` [ RunTime:0.0060s ]
SQL: SELECT * FROM `size` ORDER BY id desc  [ RunTime:0.0010s ]
SQL: SHOW COLUMNS FROM `color` [ RunTime:0.0130s ]
SQL: SHOW COLUMNS FROM `color` [ RunTime:0.0110s ]
SQL: SELECT * FROM `color` ORDER BY id desc  [ RunTime:0.0000s ]
SQL: SHOW COLUMNS FROM `actor` [ RunTime:0.0130s ]
SQL: SHOW COLUMNS FROM `ar` [ RunTime:0.0120s ]
SQL: SELECT * FROM `ar` ORDER BY aid  [ RunTime:0.0020s ]
SQL: SHOW COLUMNS FROM `kind` [ RunTime:0.0090s ]
SQL: SHOW COLUMNS FROM `kind` [ RunTime:0.0120s ]
SQL: SELECT * FROM `kind`  [ RunTime:0.0010s ]
INFO: [ view_parse ] --START--
INFO: [ template_filter ] --START--
INFO: Run Behavior\ContentReplaceBehavior [ RunTime:0.000000s ]
INFO: [ template_filter ] --END-- [ RunTime:0.000000s ]
INFO: Run Behavior\ParseTemplateBehavior [ RunTime:0.017001s ]
INFO: [ view_parse ] --END-- [ RunTime:0.017001s ]
INFO: [ view_filter ] --START--
INFO: Run Behavior\WriteHtmlCacheBehavior [ RunTime:0.000000s ]
INFO: [ view_filter ] --END-- [ RunTime:0.000000s ]
INFO: [ app_end ] --START--
INFO: Run Behavior\ShowPageTraceBehavior [ RunTime:0.001000s ]
INFO: [ app_end ] --END-- [ RunTime:0.001000s ]

[ 2018-11-10T10:50:21+08:00 ] ::1 /yqf/toshop/index.php/admin/Product/size.html
INFO: [ app_init ] --START--
INFO: Run Behavior\BuildLiteBehavior [ RunTime:0.000000s ]
INFO: [ app_init ] --END-- [ RunTime:0.001000s ]
INFO: [ app_begin ] --START--
INFO: Run Behavior\ReadHtmlCacheBehavior [ RunTime:0.000000s ]
INFO: [ app_begin ] --END-- [ RunTime:0.000000s ]
SQL: SHOW COLUMNS FROM `size` [ RunTime:0.0220s ]
SQL: SHOW COLUMNS FROM `color` [ RunTime:0.0140s ]
SQL: SHOW COLUMNS FROM `color` [ RunTime:0.0110s ]
SQL: SELECT * FROM `color` ORDER BY id desc  [ RunTime:0.0000s ]
SQL: SHOW COLUMNS FROM `size` [ RunTime:0.0110s ]
SQL: SELECT * FROM `size` ORDER BY id desc  [ RunTime:0.0010s ]
INFO: [ view_parse ] --START--
INFO: [ template_filter ] --START--
INFO: Run Behavior\ContentReplaceBehavior [ RunTime:0.000000s ]
INFO: [ template_filter ] --END-- [ RunTime:0.000000s ]
INFO: Run Behavior\ParseTemplateBehavior [ RunTime:0.010001s ]
INFO: [ view_parse ] --END-- [ RunTime:0.010001s ]
INFO: [ view_filter ] --START--
INFO: Run Behavior\WriteHtmlCacheBehavior [ RunTime:0.000000s ]
INFO: [ view_filter ] --END-- [ RunTime:0.000000s ]
INFO: [ app_end ] --START--
INFO: Run Behavior\ShowPageTraceBehavior [ RunTime:0.000000s ]
INFO: [ app_end ] --END-- [ RunTime:0.000000s ]

[ 2018-11-10T10:50:22+08:00 ] ::1 /yqf/toshop/index.php/admin/Kind/region.html
INFO: [ app_init ] --START--
INFO: Run Behavior\BuildLiteBehavior [ RunTime:0.000000s ]
INFO: [ app_init ] --END-- [ RunTime:0.000000s ]
INFO: [ app_begin ] --START--
INFO: Run Behavior\ReadHtmlCacheBehavior [ RunTime:0.000000s ]
INFO: [ app_begin ] --END-- [ RunTime:0.000000s ]
SQL: SHOW COLUMNS FROM `region` [ RunTime:0.0100s ]
SQL: SHOW COLUMNS FROM `region` [ RunTime:0.0110s ]
SQL: SELECT * FROM `region`  [ RunTime:0.0010s ]
INFO: [ view_parse ] --START--
INFO: [ template_filter ] --START--
INFO: Run Behavior\ContentReplaceBehavior [ RunTime:0.000000s ]
INFO: [ template_filter ] --END-- [ RunTime:0.000000s ]
INFO: Run Behavior\ParseTemplateBehavior [ RunTime:0.007000s ]
INFO: [ view_parse ] --END-- [ RunTime:0.008000s ]
INFO: [ view_filter ] --START--
INFO: Run Behavior\WriteHtmlCacheBehavior [ RunTime:0.001000s ]
INFO: [ view_filter ] --END-- [ RunTime:0.001000s ]
INFO: [ app_end ] --START--
INFO: Run Behavior\ShowPageTraceBehavior [ RunTime:0.000000s ]
INFO: [ app_end ] --END-- [ RunTime:0.000000s ]

[ 2018-11-10T10:50:22+08:00 ] ::1 /yqf/toshop/index.php/admin/Kind/kind.html
INFO: [ app_init ] --START--
INFO: Run Behavior\BuildLiteBehavior [ RunTime:0.000000s ]
INFO: [ app_init ] --END-- [ RunTime:0.001000s ]
INFO: [ app_begin ] --START--
INFO: Run Behavior\ReadHtmlCacheBehavior [ RunTime:0.000000s ]
INFO: [ app_begin ] --END-- [ RunTime:0.000000s ]
SQL: SHOW COLUMNS FROM `kind` [ RunTime:0.0110s ]
SQL: SELECT COUNT(*) AS tp_count FROM `kind` LIMIT 1   [ RunTime:0.0000s ]
SQL: SELECT * FROM `kind` ORDER BY kindid LIMIT 0,9   [ RunTime:0.0010s ]
INFO: [ view_parse ] --START--
INFO: [ template_filter ] --START--
INFO: Run Behavior\ContentReplaceBehavior [ RunTime:0.001000s ]
INFO: [ template_filter ] --END-- [ RunTime:0.001000s ]
INFO: Run Behavior\ParseTemplateBehavior [ RunTime:0.009001s ]
INFO: [ view_parse ] --END-- [ RunTime:0.010001s ]
INFO: [ view_filter ] --START--
INFO: Run Behavior\WriteHtmlCacheBehavior [ RunTime:0.000000s ]
INFO: [ view_filter ] --END-- [ RunTime:0.000000s ]
INFO: [ app_end ] --START--
INFO: Run Behavior\ShowPageTraceBehavior [ RunTime:0.000000s ]
INFO: [ app_end ] --END-- [ RunTime:0.000000s ]

[ 2018-11-10T11:22:03+08:00 ] ::1 /yqf/toshop/index.php/admin/Index/index.html
INFO: [ app_init ] --START--
INFO: Run Behavior\BuildLiteBehavior [ RunTime:0.000000s ]
INFO: [ app_init ] --END-- [ RunTime:0.001000s ]
INFO: [ app_begin ] --START--
INFO: Run Behavior\ReadHtmlCacheBehavior [ RunTime:0.000000s ]
INFO: [ app_begin ] --END-- [ RunTime:0.000000s ]
INFO: [ view_parse ] --START--
INFO: [ template_filter ] --START--
INFO: Run Behavior\ContentReplaceBehavior [ RunTime:0.000000s ]
INFO: [ template_filter ] --END-- [ RunTime:0.001000s ]
INFO: Run Behavior\ParseTemplateBehavior [ RunTime:0.013001s ]
INFO: [ view_parse ] --END-- [ RunTime:0.013001s ]
INFO: [ view_filter ] --START--
INFO: Run Behavior\WriteHtmlCacheBehavior [ RunTime:0.000000s ]
INFO: [ view_filter ] --END-- [ RunTime:0.000000s ]
INFO: [ app_end ] --START--
INFO: Run Behavior\ShowPageTraceBehavior [ RunTime:0.001000s ]
INFO: [ app_end ] --END-- [ RunTime:0.001000s ]

[ 2018-11-10T11:22:04+08:00 ] ::1 /yqf/toshop/index.php/admin/Product/product.html
INFO: [ app_init ] --START--
INFO: Run Behavior\BuildLiteBehavior [ RunTime:0.000000s ]
INFO: [ app_init ] --END-- [ RunTime:0.000000s ]
INFO: [ app_begin ] --START--
INFO: Run Behavior\ReadHtmlCacheBehavior [ RunTime:0.000000s ]
INFO: [ app_begin ] --END-- [ RunTime:0.000000s ]
SQL: SHOW COLUMNS FROM `pk` [ RunTime:0.0160s ]
SQL: SELECT COUNT(*) AS tp_count FROM `pk` LIMIT 1   [ RunTime:0.0010s ]
SQL: SELECT * FROM `pk` ORDER BY id desc LIMIT 0,9   [ RunTime:0.0020s ]
SQL: SHOW COLUMNS FROM `size` [ RunTime:0.0140s ]
SQL: SHOW COLUMNS FROM `size` [ RunTime:0.0120s ]
SQL: SELECT * FROM `size` ORDER BY id desc  [ RunTime:0.0000s ]
SQL: SHOW COLUMNS FROM `color` [ RunTime:0.0120s ]
SQL: SHOW COLUMNS FROM `color` [ RunTime:0.0110s ]
SQL: SELECT * FROM `color` ORDER BY id desc  [ RunTime:0.0000s ]
SQL: SHOW COLUMNS FROM `actor` [ RunTime:0.0120s ]
SQL: SHOW COLUMNS FROM `ar` [ RunTime:0.0160s ]
SQL: SELECT * FROM `ar` ORDER BY aid  [ RunTime:0.0020s ]
SQL: SHOW COLUMNS FROM `kind` [ RunTime:0.0120s ]
SQL: SHOW COLUMNS FROM `kind` [ RunTime:0.0140s ]
SQL: SELECT * FROM `kind`  [ RunTime:0.0000s ]
INFO: [ view_parse ] --START--
INFO: [ template_filter ] --START--
INFO: Run Behavior\ContentReplaceBehavior [ RunTime:0.001000s ]
INFO: [ template_filter ] --END-- [ RunTime:0.001000s ]
INFO: Run Behavior\ParseTemplateBehavior [ RunTime:0.018001s ]
INFO: [ view_parse ] --END-- [ RunTime:0.018001s ]
INFO: [ view_filter ] --START--
INFO: Run Behavior\WriteHtmlCacheBehavior [ RunTime:0.000000s ]
INFO: [ view_filter ] --END-- [ RunTime:0.000000s ]
INFO: [ app_end ] --START--
INFO: Run Behavior\ShowPageTraceBehavior [ RunTime:0.001000s ]
INFO: [ app_end ] --END-- [ RunTime:0.001000s ]

[ 2018-11-10T11:22:04+08:00 ] ::1 /yqf/toshop/index.php/admin/Index/index.html
INFO: [ app_init ] --START--
INFO: Run Behavior\BuildLiteBehavior [ RunTime:0.000000s ]
INFO: [ app_init ] --END-- [ RunTime:0.001000s ]
INFO: [ app_begin ] --START--
INFO: Run Behavior\ReadHtmlCacheBehavior [ RunTime:0.001000s ]
INFO: [ app_begin ] --END-- [ RunTime:0.001000s ]
INFO: [ view_parse ] --START--
INFO: [ template_filter ] --START--
INFO: Run Behavior\ContentReplaceBehavior [ RunTime:0.000000s ]
INFO: [ template_filter ] --END-- [ RunTime:0.000000s ]
INFO: Run Behavior\ParseTemplateBehavior [ RunTime:0.006001s ]
INFO: [ view_parse ] --END-- [ RunTime:0.006001s ]
INFO: [ view_filter ] --START--
INFO: Run Behavior\WriteHtmlCacheBehavior [ RunTime:0.000000s ]
INFO: [ view_filter ] --END-- [ RunTime:0.000000s ]
INFO: [ app_end ] --START--
INFO: Run Behavior\ShowPageTraceBehavior [ RunTime:0.000000s ]
INFO: [ app_end ] --END-- [ RunTime:0.000000s ]

[ 2018-11-10T11:22:04+08:00 ] ::1 /yqf/toshop/index.php/admin/Product/product.html
INFO: [ app_init ] --START--
INFO: Run Behavior\BuildLiteBehavior [ RunTime:0.000000s ]
INFO: [ app_init ] --END-- [ RunTime:0.000000s ]
INFO: [ app_begin ] --START--
INFO: Run Behavior\ReadHtmlCacheBehavior [ RunTime:0.001000s ]
INFO: [ app_begin ] --END-- [ RunTime:0.001000s ]
SQL: SHOW COLUMNS FROM `pk` [ RunTime:0.0190s ]
SQL: SELECT COUNT(*) AS tp_count FROM `pk` LIMIT 1   [ RunTime:0.0010s ]
SQL: SELECT * FROM `pk` ORDER BY id desc LIMIT 0,9   [ RunTime:0.0020s ]
SQL: SHOW COLUMNS FROM `size` [ RunTime:0.0150s ]
SQL: SHOW COLUMNS FROM `size` [ RunTime:0.0140s ]
SQL: SELECT * FROM `size` ORDER BY id desc  [ RunTime:0.0010s ]
SQL: SHOW COLUMNS FROM `color` [ RunTime:0.0130s ]
SQL: SHOW COLUMNS FROM `color` [ RunTime:0.0120s ]
SQL: SELECT * FROM `color` ORDER BY id desc  [ RunTime:0.0000s ]
SQL: SHOW COLUMNS FROM `actor` [ RunTime:0.0120s ]
SQL: SHOW COLUMNS FROM `ar` [ RunTime:0.0120s ]
SQL: SELECT * FROM `ar` ORDER BY aid  [ RunTime:0.0020s ]
SQL: SHOW COLUMNS FROM `kind` [ RunTime:0.0110s ]
SQL: SHOW COLUMNS FROM `kind` [ RunTime:0.0120s ]
SQL: SELECT * FROM `kind`  [ RunTime:0.0000s ]
INFO: [ view_parse ] --START--
INFO: [ template_filter ] --START--
INFO: Run Behavior\ContentReplaceBehavior [ RunTime:0.000000s ]
INFO: [ template_filter ] --END-- [ RunTime:0.000000s ]
INFO: Run Behavior\ParseTemplateBehavior [ RunTime:0.016001s ]
INFO: [ view_parse ] --END-- [ RunTime:0.016001s ]
INFO: [ view_filter ] --START--
INFO: Run Behavior\WriteHtmlCacheBehavior [ RunTime:0.000000s ]
INFO: [ view_filter ] --END-- [ RunTime:0.000000s ]
INFO: [ app_end ] --START--
INFO: Run Behavior\ShowPageTraceBehavior [ RunTime:0.001000s ]
INFO: [ app_end ] --END-- [ RunTime:0.001000s ]

[ 2018-11-10T11:22:04+08:00 ] ::1 /yqf/toshop/index.php/admin/Actor/actor.html
INFO: [ app_init ] --START--
INFO: Run Behavior\BuildLiteBehavior [ RunTime:0.000000s ]
INFO: [ app_init ] --END-- [ RunTime:0.000000s ]
INFO: [ app_begin ] --START--
INFO: Run Behavior\ReadHtmlCacheBehavior [ RunTime:0.002000s ]
INFO: [ app_begin ] --END-- [ RunTime:0.002000s ]
SQL: SHOW COLUMNS FROM `actor` [ RunTime:0.0120s ]
SQL: SELECT COUNT(*) AS tp_count FROM `actor` LIMIT 1   [ RunTime:0.0000s ]
SQL: SELECT * FROM `actor` ORDER BY aid LIMIT 0,9   [ RunTime:0.0010s ]
SQL: SHOW COLUMNS FROM `region` [ RunTime:0.0120s ]
SQL: SHOW COLUMNS FROM `region` [ RunTime:0.0140s ]
SQL: SELECT * FROM `region`  [ RunTime:0.0000s ]
INFO: [ view_parse ] --START--
INFO: [ template_filter ] --START--
INFO: Run Behavior\ContentReplaceBehavior [ RunTime:0.000000s ]
INFO: [ template_filter ] --END-- [ RunTime:0.001000s ]
NOTIC: [8] Undefined index: rname D:\phpStudy\WWW\yqf\toshop\Application\Runtime\Cache\Admin\8a11d7e6e5a10364d97c4ad31b5d2eec.php 第 156 行.
NOTIC: [8] Undefined index: rname D:\phpStudy\WWW\yqf\toshop\Application\Runtime\Cache\Admin\8a11d7e6e5a10364d97c4ad31b5d2eec.php 第 156 行.
NOTIC: [8] Undefined index: rname D:\phpStudy\WWW\yqf\toshop\Application\Runtime\Cache\Admin\8a11d7e6e5a10364d97c4ad31b5d2eec.php 第 156 行.
NOTIC: [8] Undefined index: rname D:\phpStudy\WWW\yqf\toshop\Application\Runtime\Cache\Admin\8a11d7e6e5a10364d97c4ad31b5d2eec.php 第 156 行.
NOTIC: [8] Undefined index: rname D:\phpStudy\WWW\yqf\toshop\Application\Runtime\Cache\Admin\8a11d7e6e5a10364d97c4ad31b5d2eec.php 第 156 行.
NOTIC: [8] Undefined index: rname D:\phpStudy\WWW\yqf\toshop\Application\Runtime\Cache\Admin\8a11d7e6e5a10364d97c4ad31b5d2eec.php 第 156 行.
NOTIC: [8] Undefined index: rname D:\phpStudy\WWW\yqf\toshop\Application\Runtime\Cache\Admin\8a11d7e6e5a10364d97c4ad31b5d2eec.php 第 156 行.
NOTIC: [8] Undefined index: rname D:\phpStudy\WWW\yqf\toshop\Application\Runtime\Cache\Admin\8a11d7e6e5a10364d97c4ad31b5d2eec.php 第 156 行.
NOTIC: [8] Undefined index: rname D:\phpStudy\WWW\yqf\toshop\Application\Runtime\Cache\Admin\8a11d7e6e5a10364d97c4ad31b5d2eec.php 第 156 行.
INFO: Run Behavior\ParseTemplateBehavior [ RunTime:0.012000s ]
INFO: [ view_parse ] --END-- [ RunTime:0.012000s ]
INFO: [ view_filter ] --START--
INFO: Run Behavior\WriteHtmlCacheBehavior [ RunTime:0.000000s ]
INFO: [ view_filter ] --END-- [ RunTime:0.000000s ]
INFO: [ app_end ] --START--
INFO: Run Behavior\ShowPageTraceBehavior [ RunTime:0.000000s ]
INFO: [ app_end ] --END-- [ RunTime:0.001000s ]

[ 2018-11-10T11:22:05+08:00 ] ::1 /yqf/toshop/index.php/admin/Index/index.html
INFO: [ app_init ] --START--
INFO: Run Behavior\BuildLiteBehavior [ RunTime:0.000000s ]
INFO: [ app_init ] --END-- [ RunTime:0.000000s ]
INFO: [ app_begin ] --START--
INFO: Run Behavior\ReadHtmlCacheBehavior [ RunTime:0.001000s ]
INFO: [ app_begin ] --END-- [ RunTime:0.001000s ]
INFO: [ view_parse ] --START--
INFO: [ template_filter ] --START--
INFO: Run Behavior\ContentReplaceBehavior [ RunTime:0.000000s ]
INFO: [ template_filter ] --END-- [ RunTime:0.000000s ]
INFO: Run Behavior\ParseTemplateBehavior [ RunTime:0.018001s ]
INFO: [ view_parse ] --END-- [ RunTime:0.018001s ]
INFO: [ view_filter ] --START--
INFO: Run Behavior\WriteHtmlCacheBehavior [ RunTime:0.001000s ]
INFO: [ view_filter ] --END-- [ RunTime:0.001000s ]
INFO: [ app_end ] --START--
INFO: Run Behavior\ShowPageTraceBehavior [ RunTime:0.000000s ]
INFO: [ app_end ] --END-- [ RunTime:0.000000s ]

[ 2018-11-10T11:22:05+08:00 ] ::1 /yqf/toshop/index.php/admin/Actor/actor.html
INFO: [ app_init ] --START--
INFO: Run Behavior\BuildLiteBehavior [ RunTime:0.000000s ]
INFO: [ app_init ] --END-- [ RunTime:0.000000s ]
INFO: [ app_begin ] --START--
INFO: Run Behavior\ReadHtmlCacheBehavior [ RunTime:0.001000s ]
INFO: [ app_begin ] --END-- [ RunTime:0.001000s ]
SQL: SHOW COLUMNS FROM `actor` [ RunTime:0.0160s ]
SQL: SELECT COUNT(*) AS tp_count FROM `actor` LIMIT 1   [ RunTime:0.0000s ]
SQL: SELECT * FROM `actor` ORDER BY aid LIMIT 0,9   [ RunTime:0.0010s ]
SQL: SHOW COLUMNS FROM `region` [ RunTime:0.0180s ]
SQL: SHOW COLUMNS FROM `region` [ RunTime:0.0200s ]
SQL: SELECT * FROM `region`  [ RunTime:0.0000s ]
INFO: [ view_parse ] --START--
INFO: [ template_filter ] --START--
INFO: Run Behavior\ContentReplaceBehavior [ RunTime:0.000000s ]
INFO: [ template_filter ] --END-- [ RunTime:0.000000s ]
NOTIC: [8] Undefined index: rname D:\phpStudy\WWW\yqf\toshop\Application\Runtime\Cache\Admin\8a11d7e6e5a10364d97c4ad31b5d2eec.php 第 156 行.
NOTIC: [8] Undefined index: rname D:\phpStudy\WWW\yqf\toshop\Application\Runtime\Cache\Admin\8a11d7e6e5a10364d97c4ad31b5d2eec.php 第 156 行.
NOTIC: [8] Undefined index: rname D:\phpStudy\WWW\yqf\toshop\Application\Runtime\Cache\Admin\8a11d7e6e5a10364d97c4ad31b5d2eec.php 第 156 行.
NOTIC: [8] Undefined index: rname D:\phpStudy\WWW\yqf\toshop\Application\Runtime\Cache\Admin\8a11d7e6e5a10364d97c4ad31b5d2eec.php 第 156 行.
NOTIC: [8] Undefined index: rname D:\phpStudy\WWW\yqf\toshop\Application\Runtime\Cache\Admin\8a11d7e6e5a10364d97c4ad31b5d2eec.php 第 156 行.
NOTIC: [8] Undefined index: rname D:\phpStudy\WWW\yqf\toshop\Application\Runtime\Cache\Admin\8a11d7e6e5a10364d97c4ad31b5d2eec.php 第 156 行.
NOTIC: [8] Undefined index: rname D:\phpStudy\WWW\yqf\toshop\Application\Runtime\Cache\Admin\8a11d7e6e5a10364d97c4ad31b5d2eec.php 第 156 行.
NOTIC: [8] Undefined index: rname D:\phpStudy\WWW\yqf\toshop\Application\Runtime\Cache\Admin\8a11d7e6e5a10364d97c4ad31b5d2eec.php 第 156 行.
NOTIC: [8] Undefined index: rname D:\phpStudy\WWW\yqf\toshop\Application\Runtime\Cache\Admin\8a11d7e6e5a10364d97c4ad31b5d2eec.php 第 156 行.
INFO: Run Behavior\ParseTemplateBehavior [ RunTime:0.013001s ]
INFO: [ view_parse ] --END-- [ RunTime:0.013001s ]
INFO: [ view_filter ] --START--
INFO: Run Behavior\WriteHtmlCacheBehavior [ RunTime:0.000000s ]
INFO: [ view_filter ] --END-- [ RunTime:0.000000s ]
INFO: [ app_end ] --START--
INFO: Run Behavior\ShowPageTraceBehavior [ RunTime:0.001000s ]
INFO: [ app_end ] --END-- [ RunTime:0.001000s ]

[ 2018-11-10T11:22:05+08:00 ] ::1 /yqf/toshop/index.php/admin/Kind/kind.html
INFO: [ app_init ] --START--
INFO: Run Behavior\BuildLiteBehavior [ RunTime:0.000000s ]
INFO: [ app_init ] --END-- [ RunTime:0.001000s ]
INFO: [ app_begin ] --START--
INFO: Run Behavior\ReadHtmlCacheBehavior [ RunTime:0.000000s ]
INFO: [ app_begin ] --END-- [ RunTime:0.000000s ]
SQL: SHOW COLUMNS FROM `kind` [ RunTime:0.0130s ]
SQL: SELECT COUNT(*) AS tp_count FROM `kind` LIMIT 1   [ RunTime:0.0000s ]
SQL: SELECT * FROM `kind` ORDER BY kindid LIMIT 0,9   [ RunTime:0.0010s ]
INFO: [ view_parse ] --START--
INFO: [ template_filter ] --START--
INFO: Run Behavior\ContentReplaceBehavior [ RunTime:0.000000s ]
INFO: [ template_filter ] --END-- [ RunTime:0.000000s ]
INFO: Run Behavior\ParseTemplateBehavior [ RunTime:0.009001s ]
INFO: [ view_parse ] --END-- [ RunTime:0.009001s ]
INFO: [ view_filter ] --START--
INFO: Run Behavior\WriteHtmlCacheBehavior [ RunTime:0.000000s ]
INFO: [ view_filter ] --END-- [ RunTime:0.000000s ]
INFO: [ app_end ] --START--
INFO: Run Behavior\ShowPageTraceBehavior [ RunTime:0.001000s ]
INFO: [ app_end ] --END-- [ RunTime:0.001000s ]

[ 2018-11-10T11:22:08+08:00 ] ::1 /yqf/toshop/index.php/admin/kind/kindname
INFO: [ app_init ] --START--
INFO: Run Behavior\BuildLiteBehavior [ RunTime:0.000000s ]
INFO: [ app_init ] --END-- [ RunTime:0.001000s ]
INFO: [ app_begin ] --START--
INFO: Run Behavior\ReadHtmlCacheBehavior [ RunTime:0.000000s ]
INFO: [ app_begin ] --END-- [ RunTime:0.001000s ]
SQL: SHOW COLUMNS FROM `kind` [ RunTime:0.0140s ]
SQL: SHOW COLUMNS FROM `kind` [ RunTime:0.0110s ]
SQL: SELECT * FROM `kind` WHERE ( kindname='写' and kindid !='27' )  [ RunTime:0.0010s ]
INFO: [ app_end ] --START--
INFO: Run Behavior\ShowPageTraceBehavior [ RunTime:0.000000s ]
INFO: [ app_end ] --END-- [ RunTime:0.000000s ]

[ 2018-11-10T11:22:08+08:00 ] ::1 /yqf/toshop/index.php/admin/kind/upkind
INFO: [ app_init ] --START--
INFO: Run Behavior\BuildLiteBehavior [ RunTime:0.000000s ]
INFO: [ app_init ] --END-- [ RunTime:0.000000s ]
INFO: [ app_begin ] --START--
INFO: Run Behavior\ReadHtmlCacheBehavior [ RunTime:0.000000s ]
INFO: [ app_begin ] --END-- [ RunTime:0.000000s ]
SQL: SHOW COLUMNS FROM `kind` [ RunTime:0.0230s ]
SQL: SHOW COLUMNS FROM `kind` [ RunTime:0.0180s ]
SQL: UPDATE `kind` SET `kindname`='写',`kindtitle`='写真',`kindimg`='Public/Admin/images/kindimg/2018-10-31/5bd94866b068b.png' WHERE `kindid` = 27 [ RunTime:0.0000s ]

[ 2018-11-10T11:22:08+08:00 ] ::1 /yqf/toshop/index.php/Admin/Kind/kind.html
INFO: [ app_init ] --START--
INFO: Run Behavior\BuildLiteBehavior [ RunTime:0.000000s ]
INFO: [ app_init ] --END-- [ RunTime:0.001000s ]
INFO: [ app_begin ] --START--
INFO: Run Behavior\ReadHtmlCacheBehavior [ RunTime:0.000000s ]
INFO: [ app_begin ] --END-- [ RunTime:0.000000s ]
SQL: SHOW COLUMNS FROM `kind` [ RunTime:0.0110s ]
SQL: SELECT COUNT(*) AS tp_count FROM `kind` LIMIT 1   [ RunTime:0.0010s ]
SQL: SELECT * FROM `kind` ORDER BY kindid LIMIT 0,9   [ RunTime:0.0000s ]
INFO: [ view_parse ] --START--
INFO: [ template_filter ] --START--
INFO: Run Behavior\ContentReplaceBehavior [ RunTime:0.000000s ]
INFO: [ template_filter ] --END-- [ RunTime:0.000000s ]
INFO: Run Behavior\ParseTemplateBehavior [ RunTime:0.008000s ]
INFO: [ view_parse ] --END-- [ RunTime:0.008000s ]
INFO: [ view_filter ] --START--
INFO: Run Behavior\WriteHtmlCacheBehavior [ RunTime:0.001000s ]
INFO: [ view_filter ] --END-- [ RunTime:0.001000s ]
INFO: [ app_end ] --START--
INFO: Run Behavior\ShowPageTraceBehavior [ RunTime:0.000000s ]
INFO: [ app_end ] --END-- [ RunTime:0.001000s ]

[ 2018-11-10T11:22:10+08:00 ] ::1 /yqf/toshop/index.php/admin/Index/index.html
INFO: [ app_init ] --START--
INFO: Run Behavior\BuildLiteBehavior [ RunTime:0.000000s ]
INFO: [ app_init ] --END-- [ RunTime:0.001000s ]
INFO: [ app_begin ] --START--
INFO: Run Behavior\ReadHtmlCacheBehavior [ RunTime:0.001000s ]
INFO: [ app_begin ] --END-- [ RunTime:0.001000s ]
INFO: [ view_parse ] --START--
INFO: [ template_filter ] --START--
INFO: Run Behavior\ContentReplaceBehavior [ RunTime:0.000000s ]
INFO: [ template_filter ] --END-- [ RunTime:0.000000s ]
INFO: Run Behavior\ParseTemplateBehavior [ RunTime:0.007000s ]
INFO: [ view_parse ] --END-- [ RunTime:0.007000s ]
INFO: [ view_filter ] --START--
INFO: Run Behavior\WriteHtmlCacheBehavior [ RunTime:0.000000s ]
INFO: [ view_filter ] --END-- [ RunTime:0.000000s ]
INFO: [ app_end ] --START--
INFO: Run Behavior\ShowPageTraceBehavior [ RunTime:0.001000s ]
INFO: [ app_end ] --END-- [ RunTime:0.001000s ]

[ 2018-11-10T11:22:10+08:00 ] ::1 /yqf/toshop/index.php/admin/Product/product.html
INFO: [ app_init ] --START--
INFO: Run Behavior\BuildLiteBehavior [ RunTime:0.000000s ]
INFO: [ app_init ] --END-- [ RunTime:0.001000s ]
INFO: [ app_begin ] --START--
INFO: Run Behavior\ReadHtmlCacheBehavior [ RunTime:0.000000s ]
INFO: [ app_begin ] --END-- [ RunTime:0.001000s ]
SQL: SHOW COLUMNS FROM `pk` [ RunTime:0.0170s ]
SQL: SELECT COUNT(*) AS tp_count FROM `pk` LIMIT 1   [ RunTime:0.0010s ]
SQL: SELECT * FROM `pk` ORDER BY id desc LIMIT 0,9   [ RunTime:0.0020s ]
SQL: SHOW COLUMNS FROM `size` [ RunTime:0.0150s ]
SQL: SHOW COLUMNS FROM `size` [ RunTime:0.0130s ]
SQL: SELECT * FROM `size` ORDER BY id desc  [ RunTime:0.0000s ]
SQL: SHOW COLUMNS FROM `color` [ RunTime:0.0130s ]
SQL: SHOW COLUMNS FROM `color` [ RunTime:0.0120s ]
SQL: SELECT * FROM `color` ORDER BY id desc  [ RunTime:0.0000s ]
SQL: SHOW COLUMNS FROM `actor` [ RunTime:0.0150s ]
SQL: SHOW COLUMNS FROM `ar` [ RunTime:0.0090s ]
SQL: SELECT * FROM `ar` ORDER BY aid  [ RunTime:0.0020s ]
SQL: SHOW COLUMNS FROM `kind` [ RunTime:0.0120s ]
SQL: SHOW COLUMNS FROM `kind` [ RunTime:0.0150s ]
SQL: SELECT * FROM `kind`  [ RunTime:0.0010s ]
INFO: [ view_parse ] --START--
INFO: [ template_filter ] --START--
INFO: Run Behavior\ContentReplaceBehavior [ RunTime:0.000000s ]
INFO: [ template_filter ] --END-- [ RunTime:0.000000s ]
INFO: Run Behavior\ParseTemplateBehavior [ RunTime:0.017001s ]
INFO: [ view_parse ] --END-- [ RunTime:0.017001s ]
INFO: [ view_filter ] --START--
INFO: Run Behavior\WriteHtmlCacheBehavior [ RunTime:0.001000s ]
INFO: [ view_filter ] --END-- [ RunTime:0.001000s ]
INFO: [ app_end ] --START--
INFO: Run Behavior\ShowPageTraceBehavior [ RunTime:0.001000s ]
INFO: [ app_end ] --END-- [ RunTime:0.001000s ]

[ 2018-11-10T11:22:10+08:00 ] ::1 /yqf/toshop/index.php/admin/Index/index.html
INFO: [ app_init ] --START--
INFO: Run Behavior\BuildLiteBehavior [ RunTime:0.000000s ]
INFO: [ app_init ] --END-- [ RunTime:0.001000s ]
INFO: [ app_begin ] --START--
INFO: Run Behavior\ReadHtmlCacheBehavior [ RunTime:0.001000s ]
INFO: [ app_begin ] --END-- [ RunTime:0.001000s ]
INFO: [ view_parse ] --START--
INFO: [ template_filter ] --START--
INFO: Run Behavior\ContentReplaceBehavior [ RunTime:0.000000s ]
INFO: [ template_filter ] --END-- [ RunTime:0.000000s ]
INFO: Run Behavior\ParseTemplateBehavior [ RunTime:0.009000s ]
INFO: [ view_parse ] --END-- [ RunTime:0.009000s ]
INFO: [ view_filter ] --START--
INFO: Run Behavior\WriteHtmlCacheBehavior [ RunTime:0.000000s ]
INFO: [ view_filter ] --END-- [ RunTime:0.000000s ]
INFO: [ app_end ] --START--
INFO: Run Behavior\ShowPageTraceBehavior [ RunTime:0.001000s ]
INFO: [ app_end ] --END-- [ RunTime:0.001000s ]

[ 2018-11-10T11:22:11+08:00 ] ::1 /yqf/toshop/index.php/admin/Product/product.html
INFO: [ app_init ] --START--
INFO: Run Behavior\BuildLiteBehavior [ RunTime:0.000000s ]
INFO: [ app_init ] --END-- [ RunTime:0.001000s ]
INFO: [ app_begin ] --START--
INFO: Run Behavior\ReadHtmlCacheBehavior [ RunTime:0.000000s ]
INFO: [ app_begin ] --END-- [ RunTime:0.000000s ]
SQL: SHOW COLUMNS FROM `pk` [ RunTime:0.0180s ]
SQL: SELECT COUNT(*) AS tp_count FROM `pk` LIMIT 1   [ RunTime:0.0020s ]
SQL: SELECT * FROM `pk` ORDER BY id desc LIMIT 0,9   [ RunTime:0.0020s ]
SQL: SHOW COLUMNS FROM `size` [ RunTime:0.0110s ]
SQL: SHOW COLUMNS FROM `size` [ RunTime:0.0160s ]
SQL: SELECT * FROM `size` ORDER BY id desc  [ RunTime:0.0020s ]
SQL: SHOW COLUMNS FROM `color` [ RunTime:0.0180s ]
SQL: SHOW COLUMNS FROM `color` [ RunTime:0.0120s ]
SQL: SELECT * FROM `color` ORDER BY id desc  [ RunTime:0.0010s ]
SQL: SHOW COLUMNS FROM `actor` [ RunTime:0.0120s ]
SQL: SHOW COLUMNS FROM `ar` [ RunTime:0.0120s ]
SQL: SELECT * FROM `ar` ORDER BY aid  [ RunTime:0.0020s ]
SQL: SHOW COLUMNS FROM `kind` [ RunTime:0.0110s ]
SQL: SHOW COLUMNS FROM `kind` [ RunTime:0.0120s ]
SQL: SELECT * FROM `kind`  [ RunTime:0.0000s ]
INFO: [ view_parse ] --START--
INFO: [ template_filter ] --START--
INFO: Run Behavior\ContentReplaceBehavior [ RunTime:0.000000s ]
INFO: [ template_filter ] --END-- [ RunTime:0.000000s ]
INFO: Run Behavior\ParseTemplateBehavior [ RunTime:0.016001s ]
INFO: [ view_parse ] --END-- [ RunTime:0.016001s ]
INFO: [ view_filter ] --START--
INFO: Run Behavior\WriteHtmlCacheBehavior [ RunTime:0.000000s ]
INFO: [ view_filter ] --END-- [ RunTime:0.000000s ]
INFO: [ app_end ] --START--
INFO: Run Behavior\ShowPageTraceBehavior [ RunTime:0.000000s ]
INFO: [ app_end ] --END-- [ RunTime:0.000000s ]

[ 2018-11-10T11:22:11+08:00 ] ::1 /yqf/toshop/index.php/admin/Index/index.html
INFO: [ app_init ] --START--
INFO: Run Behavior\BuildLiteBehavior [ RunTime:0.000000s ]
INFO: [ app_init ] --END-- [ RunTime:0.000000s ]
INFO: [ app_begin ] --START--
INFO: Run Behavior\ReadHtmlCacheBehavior [ RunTime:0.001000s ]
INFO: [ app_begin ] --END-- [ RunTime:0.001000s ]
INFO: [ view_parse ] --START--
INFO: [ template_filter ] --START--
INFO: Run Behavior\ContentReplaceBehavior [ RunTime:0.000000s ]
INFO: [ template_filter ] --END-- [ RunTime:0.000000s ]
INFO: Run Behavior\ParseTemplateBehavior [ RunTime:0.010000s ]
INFO: [ view_parse ] --END-- [ RunTime:0.010000s ]
INFO: [ view_filter ] --START--
INFO: Run Behavior\WriteHtmlCacheBehavior [ RunTime:0.001000s ]
INFO: [ view_filter ] --END-- [ RunTime:0.001000s ]
INFO: [ app_end ] --START--
INFO: Run Behavior\ShowPageTraceBehavior [ RunTime:0.000000s ]
INFO: [ app_end ] --END-- [ RunTime:0.000000s ]

[ 2018-11-10T11:22:11+08:00 ] ::1 /yqf/toshop/index.php/admin/Product/product.html
INFO: [ app_init ] --START--
INFO: Run Behavior\BuildLiteBehavior [ RunTime:0.000000s ]
INFO: [ app_init ] --END-- [ RunTime:0.001000s ]
INFO: [ app_begin ] --START--
INFO: Run Behavior\ReadHtmlCacheBehavior [ RunTime:0.002000s ]
INFO: [ app_begin ] --END-- [ RunTime:0.002000s ]
SQL: SHOW COLUMNS FROM `pk` [ RunTime:0.0150s ]
SQL: SELECT COUNT(*) AS tp_count FROM `pk` LIMIT 1   [ RunTime:0.0000s ]
SQL: SELECT * FROM `pk` ORDER BY id desc LIMIT 0,9   [ RunTime:0.0020s ]
SQL: SHOW COLUMNS FROM `size` [ RunTime:0.0070s ]
SQL: SHOW COLUMNS FROM `size` [ RunTime:0.0100s ]
SQL: SELECT * FROM `size` ORDER BY id desc  [ RunTime:0.0000s ]
SQL: SHOW COLUMNS FROM `color` [ RunTime:0.0070s ]
SQL: SHOW COLUMNS FROM `color` [ RunTime:0.0080s ]
SQL: SELECT * FROM `color` ORDER BY id desc  [ RunTime:0.0000s ]
SQL: SHOW COLUMNS FROM `actor` [ RunTime:0.0080s ]
SQL: SHOW COLUMNS FROM `ar` [ RunTime:0.0080s ]
SQL: SELECT * FROM `ar` ORDER BY aid  [ RunTime:0.0010s ]
SQL: SHOW COLUMNS FROM `kind` [ RunTime:0.0100s ]
SQL: SHOW COLUMNS FROM `kind` [ RunTime:0.0070s ]
SQL: SELECT * FROM `kind`  [ RunTime:0.0010s ]
INFO: [ view_parse ] --START--
INFO: [ template_filter ] --START--
INFO: Run Behavior\ContentReplaceBehavior [ RunTime:0.000000s ]
INFO: [ template_filter ] --END-- [ RunTime:0.000000s ]
INFO: Run Behavior\ParseTemplateBehavior [ RunTime:0.016000s ]
INFO: [ view_parse ] --END-- [ RunTime:0.016000s ]
INFO: [ view_filter ] --START--
INFO: Run Behavior\WriteHtmlCacheBehavior [ RunTime:0.000000s ]
INFO: [ view_filter ] --END-- [ RunTime:0.000000s ]
INFO: [ app_end ] --START--
INFO: Run Behavior\ShowPageTraceBehavior [ RunTime:0.000000s ]
INFO: [ app_end ] --END-- [ RunTime:0.001000s ]

[ 2018-11-10T11:22:11+08:00 ] ::1 /yqf/toshop/index.php/admin/Kind/kind.html
INFO: [ app_init ] --START--
INFO: Run Behavior\BuildLiteBehavior [ RunTime:0.000000s ]
INFO: [ app_init ] --END-- [ RunTime:0.000000s ]
INFO: [ app_begin ] --START--
INFO: Run Behavior\ReadHtmlCacheBehavior [ RunTime:0.001000s ]
INFO: [ app_begin ] --END-- [ RunTime:0.001000s ]
SQL: SHOW COLUMNS FROM `kind` [ RunTime:0.0070s ]
SQL: SELECT COUNT(*) AS tp_count FROM `kind` LIMIT 1   [ RunTime:0.0010s ]
SQL: SELECT * FROM `kind` ORDER BY kindid LIMIT 0,9   [ RunTime:0.0010s ]
INFO: [ view_parse ] --START--
INFO: [ template_filter ] --START--
INFO: Run Behavior\ContentReplaceBehavior [ RunTime:0.000000s ]
INFO: [ template_filter ] --END-- [ RunTime:0.000000s ]
INFO: Run Behavior\ParseTemplateBehavior [ RunTime:0.008000s ]
INFO: [ view_parse ] --END-- [ RunTime:0.008000s ]
INFO: [ view_filter ] --START--
INFO: Run Behavior\WriteHtmlCacheBehavior [ RunTime:0.000000s ]
INFO: [ view_filter ] --END-- [ RunTime:0.001000s ]
INFO: [ app_end ] --START--
INFO: Run Behavior\ShowPageTraceBehavior [ RunTime:0.000000s ]
INFO: [ app_end ] --END-- [ RunTime:0.000000s ]

[ 2018-11-10T11:22:19+08:00 ] ::1 /yqf/toshop/index.php/admin/kind/kindname
INFO: [ app_init ] --START--
INFO: Run Behavior\BuildLiteBehavior [ RunTime:0.000000s ]
INFO: [ app_init ] --END-- [ RunTime:0.001000s ]
INFO: [ app_begin ] --START--
INFO: Run Behavior\ReadHtmlCacheBehavior [ RunTime:0.000000s ]
INFO: [ app_begin ] --END-- [ RunTime:0.000000s ]
SQL: SHOW COLUMNS FROM `kind` [ RunTime:0.0070s ]
SQL: SHOW COLUMNS FROM `kind` [ RunTime:0.0080s ]
SQL: SELECT * FROM `kind` WHERE ( kindname='写真' and kindid !='27' )  [ RunTime:0.0000s ]
INFO: [ app_end ] --START--
INFO: Run Behavior\ShowPageTraceBehavior [ RunTime:0.001001s ]
INFO: [ app_end ] --END-- [ RunTime:0.001001s ]

[ 2018-11-10T11:22:19+08:00 ] ::1 /yqf/toshop/index.php/admin/kind/upkind
INFO: [ app_init ] --START--
INFO: Run Behavior\BuildLiteBehavior [ RunTime:0.000000s ]
INFO: [ app_init ] --END-- [ RunTime:0.001000s ]
INFO: [ app_begin ] --START--
INFO: Run Behavior\ReadHtmlCacheBehavior [ RunTime:0.001000s ]
INFO: [ app_begin ] --END-- [ RunTime:0.001000s ]
SQL: SHOW COLUMNS FROM `kind` [ RunTime:0.0060s ]
SQL: SHOW COLUMNS FROM `kind` [ RunTime:0.0090s ]
SQL: UPDATE `kind` SET `kindname`='写真',`kindtitle`='写真',`kindimg`='Public/Admin/images/kindimg/2018-10-31/5bd94866b068b.png' WHERE `kindid` = 27 [ RunTime:0.0000s ]

[ 2018-11-10T11:22:19+08:00 ] ::1 /yqf/toshop/index.php/Admin/Kind/kind.html
INFO: [ app_init ] --START--
INFO: Run Behavior\BuildLiteBehavior [ RunTime:0.000000s ]
INFO: [ app_init ] --END-- [ RunTime:0.000000s ]
INFO: [ app_begin ] --START--
INFO: Run Behavior\ReadHtmlCacheBehavior [ RunTime:0.001000s ]
INFO: [ app_begin ] --END-- [ RunTime:0.001000s ]
SQL: SHOW COLUMNS FROM `kind` [ RunTime:0.0070s ]
SQL: SELECT COUNT(*) AS tp_count FROM `kind` LIMIT 1   [ RunTime:0.0000s ]
SQL: SELECT * FROM `kind` ORDER BY kindid LIMIT 0,9   [ RunTime:0.0010s ]
INFO: [ view_parse ] --START--
INFO: [ template_filter ] --START--
INFO: Run Behavior\ContentReplaceBehavior [ RunTime:0.000000s ]
INFO: [ template_filter ] --END-- [ RunTime:0.000000s ]
INFO: Run Behavior\ParseTemplateBehavior [ RunTime:0.008001s ]
INFO: [ view_parse ] --END-- [ RunTime:0.008001s ]
INFO: [ view_filter ] --START--
INFO: Run Behavior\WriteHtmlCacheBehavior [ RunTime:0.000000s ]
INFO: [ view_filter ] --END-- [ RunTime:0.000000s ]
INFO: [ app_end ] --START--
INFO: Run Behavior\ShowPageTraceBehavior [ RunTime:0.001000s ]
INFO: [ app_end ] --END-- [ RunTime:0.001000s ]

[ 2018-11-10T11:40:17+08:00 ] ::1 /yqf/toshop/index.php/admin/Index/index.html
INFO: [ app_init ] --START--
INFO: Run Behavior\BuildLiteBehavior [ RunTime:0.000000s ]
INFO: [ app_init ] --END-- [ RunTime:0.000000s ]
INFO: [ app_begin ] --START--
INFO: Run Behavior\ReadHtmlCacheBehavior [ RunTime:0.001000s ]
INFO: [ app_begin ] --END-- [ RunTime:0.001000s ]
INFO: [ view_parse ] --START--
INFO: [ template_filter ] --START--
INFO: Run Behavior\ContentReplaceBehavior [ RunTime:0.000000s ]
INFO: [ template_filter ] --END-- [ RunTime:0.000000s ]
INFO: Run Behavior\ParseTemplateBehavior [ RunTime:0.007001s ]
INFO: [ view_parse ] --END-- [ RunTime:0.007001s ]
INFO: [ view_filter ] --START--
INFO: Run Behavior\WriteHtmlCacheBehavior [ RunTime:0.000000s ]
INFO: [ view_filter ] --END-- [ RunTime:0.000000s ]
INFO: [ app_end ] --START--
INFO: Run Behavior\ShowPageTraceBehavior [ RunTime:0.001000s ]
INFO: [ app_end ] --END-- [ RunTime:0.001000s ]

[ 2018-11-10T11:40:17+08:00 ] ::1 /yqf/toshop/index.php/admin/Product/product.html
INFO: [ app_init ] --START--
INFO: Run Behavior\BuildLiteBehavior [ RunTime:0.000000s ]
INFO: [ app_init ] --END-- [ RunTime:0.000000s ]
INFO: [ app_begin ] --START--
INFO: Run Behavior\ReadHtmlCacheBehavior [ RunTime:0.001000s ]
INFO: [ app_begin ] --END-- [ RunTime:0.001000s ]
SQL: SHOW COLUMNS FROM `pk` [ RunTime:0.0200s ]
SQL: SELECT COUNT(*) AS tp_count FROM `pk` LIMIT 1   [ RunTime:0.0010s ]
SQL: SELECT * FROM `pk` ORDER BY id desc LIMIT 0,9   [ RunTime:0.0040s ]
SQL: SHOW COLUMNS FROM `size` [ RunTime:0.0190s ]
SQL: SHOW COLUMNS FROM `size` [ RunTime:0.0130s ]
SQL: SELECT * FROM `size` ORDER BY id desc  [ RunTime:0.0000s ]
SQL: SHOW COLUMNS FROM `color` [ RunTime:0.0130s ]
SQL: SHOW COLUMNS FROM `color` [ RunTime:0.0150s ]
SQL: SELECT * FROM `color` ORDER BY id desc  [ RunTime:0.0010s ]
SQL: SHOW COLUMNS FROM `actor` [ RunTime:0.0170s ]
SQL: SHOW COLUMNS FROM `ar` [ RunTime:0.0150s ]
SQL: SELECT * FROM `ar` ORDER BY aid  [ RunTime:0.0020s ]
SQL: SHOW COLUMNS FROM `kind` [ RunTime:0.0150s ]
SQL: SHOW COLUMNS FROM `kind` [ RunTime:0.0120s ]
SQL: SELECT * FROM `kind`  [ RunTime:0.0010s ]
INFO: [ view_parse ] --START--
INFO: [ template_filter ] --START--
INFO: Run Behavior\ContentReplaceBehavior [ RunTime:0.000000s ]
INFO: [ template_filter ] --END-- [ RunTime:0.000000s ]
INFO: Run Behavior\ParseTemplateBehavior [ RunTime:0.018001s ]
INFO: [ view_parse ] --END-- [ RunTime:0.018001s ]
INFO: [ view_filter ] --START--
INFO: Run Behavior\WriteHtmlCacheBehavior [ RunTime:0.000000s ]
INFO: [ view_filter ] --END-- [ RunTime:0.000000s ]
INFO: [ app_end ] --START--
INFO: Run Behavior\ShowPageTraceBehavior [ RunTime:0.001000s ]
INFO: [ app_end ] --END-- [ RunTime:0.001000s ]

[ 2018-11-10T11:40:17+08:00 ] ::1 /yqf/toshop/index.php/admin/Index/index.html
INFO: [ app_init ] --START--
INFO: Run Behavior\BuildLiteBehavior [ RunTime:0.000000s ]
INFO: [ app_init ] --END-- [ RunTime:0.001000s ]
INFO: [ app_begin ] --START--
INFO: Run Behavior\ReadHtmlCacheBehavior [ RunTime:0.001000s ]
INFO: [ app_begin ] --END-- [ RunTime:0.001000s ]
INFO: [ view_parse ] --START--
INFO: [ template_filter ] --START--
INFO: Run Behavior\ContentReplaceBehavior [ RunTime:0.001001s ]
INFO: [ template_filter ] --END-- [ RunTime:0.001001s ]
INFO: Run Behavior\ParseTemplateBehavior [ RunTime:0.008001s ]
INFO: [ view_parse ] --END-- [ RunTime:0.008001s ]
INFO: [ view_filter ] --START--
INFO: Run Behavior\WriteHtmlCacheBehavior [ RunTime:0.001000s ]
INFO: [ view_filter ] --END-- [ RunTime:0.001000s ]
INFO: [ app_end ] --START--
INFO: Run Behavior\ShowPageTraceBehavior [ RunTime:0.000000s ]
INFO: [ app_end ] --END-- [ RunTime:0.000000s ]

[ 2018-11-10T11:40:17+08:00 ] ::1 /yqf/toshop/index.php/admin/Product/product.html
INFO: [ app_init ] --START--
INFO: Run Behavior\BuildLiteBehavior [ RunTime:0.000000s ]
INFO: [ app_init ] --END-- [ RunTime:0.001000s ]
INFO: [ app_begin ] --START--
INFO: Run Behavior\ReadHtmlCacheBehavior [ RunTime:0.001000s ]
INFO: [ app_begin ] --END-- [ RunTime:0.001000s ]
SQL: SHOW COLUMNS FROM `pk` [ RunTime:0.0220s ]
SQL: SELECT COUNT(*) AS tp_count FROM `pk` LIMIT 1   [ RunTime:0.0010s ]
SQL: SELECT * FROM `pk` ORDER BY id desc LIMIT 0,9   [ RunTime:0.0030s ]
SQL: SHOW COLUMNS FROM `size` [ RunTime:0.0180s ]
SQL: SHOW COLUMNS FROM `size` [ RunTime:0.0130s ]
SQL: SELECT * FROM `size` ORDER BY id desc  [ RunTime:0.0000s ]
SQL: SHOW COLUMNS FROM `color` [ RunTime:0.0140s ]
SQL: SHOW COLUMNS FROM `color` [ RunTime:0.0110s ]
SQL: SELECT * FROM `color` ORDER BY id desc  [ RunTime:0.0000s ]
SQL: SHOW COLUMNS FROM `actor` [ RunTime:0.0150s ]
SQL: SHOW COLUMNS FROM `ar` [ RunTime:0.0130s ]
SQL: SELECT * FROM `ar` ORDER BY aid  [ RunTime:0.0020s ]
SQL: SHOW COLUMNS FROM `kind` [ RunTime:0.0130s ]
SQL: SHOW COLUMNS FROM `kind` [ RunTime:0.0120s ]
SQL: SELECT * FROM `kind`  [ RunTime:0.0010s ]
INFO: [ view_parse ] --START--
INFO: [ template_filter ] --START--
INFO: Run Behavior\ContentReplaceBehavior [ RunTime:0.000000s ]
INFO: [ template_filter ] --END-- [ RunTime:0.000000s ]
INFO: Run Behavior\ParseTemplateBehavior [ RunTime:0.017001s ]
INFO: [ view_parse ] --END-- [ RunTime:0.017001s ]
INFO: [ view_filter ] --START--
INFO: Run Behavior\WriteHtmlCacheBehavior [ RunTime:0.000000s ]
INFO: [ view_filter ] --END-- [ RunTime:0.000000s ]
INFO: [ app_end ] --START--
INFO: Run Behavior\ShowPageTraceBehavior [ RunTime:0.001000s ]
INFO: [ app_end ] --END-- [ RunTime:0.001000s ]

[ 2018-11-10T11:40:18+08:00 ] ::1 /yqf/toshop/index.php/admin/Index/index.html
INFO: [ app_init ] --START--
INFO: Run Behavior\BuildLiteBehavior [ RunTime:0.000000s ]
INFO: [ app_init ] --END-- [ RunTime:0.000000s ]
INFO: [ app_begin ] --START--
INFO: Run Behavior\ReadHtmlCacheBehavior [ RunTime:0.001000s ]
INFO: [ app_begin ] --END-- [ RunTime:0.001000s ]
INFO: [ view_parse ] --START--
INFO: [ template_filter ] --START--
INFO: Run Behavior\ContentReplaceBehavior [ RunTime:0.000000s ]
INFO: [ template_filter ] --END-- [ RunTime:0.000000s ]
INFO: Run Behavior\ParseTemplateBehavior [ RunTime:0.006001s ]
INFO: [ view_parse ] --END-- [ RunTime:0.006001s ]
INFO: [ view_filter ] --START--
INFO: Run Behavior\WriteHtmlCacheBehavior [ RunTime:0.000000s ]
INFO: [ view_filter ] --END-- [ RunTime:0.000000s ]
INFO: [ app_end ] --START--
INFO: Run Behavior\ShowPageTraceBehavior [ RunTime:0.003000s ]
INFO: [ app_end ] --END-- [ RunTime:0.003000s ]

[ 2018-11-10T11:40:18+08:00 ] ::1 /yqf/toshop/index.php/admin/Kind/kind.html
INFO: [ app_init ] --START--
INFO: Run Behavior\BuildLiteBehavior [ RunTime:0.000000s ]
INFO: [ app_init ] --END-- [ RunTime:0.000000s ]
INFO: [ app_begin ] --START--
INFO: Run Behavior\ReadHtmlCacheBehavior [ RunTime:0.000000s ]
INFO: [ app_begin ] --END-- [ RunTime:0.000000s ]
SQL: SHOW COLUMNS FROM `kind` [ RunTime:0.0120s ]
SQL: SELECT COUNT(*) AS tp_count FROM `kind` LIMIT 1   [ RunTime:0.0000s ]
SQL: SELECT * FROM `kind` ORDER BY kindid LIMIT 0,9   [ RunTime:0.0000s ]
INFO: [ view_parse ] --START--
INFO: [ template_filter ] --START--
INFO: Run Behavior\ContentReplaceBehavior [ RunTime:0.000000s ]
INFO: [ template_filter ] --END-- [ RunTime:0.000000s ]
INFO: Run Behavior\ParseTemplateBehavior [ RunTime:0.008000s ]
INFO: [ view_parse ] --END-- [ RunTime:0.008000s ]
INFO: [ view_filter ] --START--
INFO: Run Behavior\WriteHtmlCacheBehavior [ RunTime:0.001000s ]
INFO: [ view_filter ] --END-- [ RunTime:0.001000s ]
INFO: [ app_end ] --START--
INFO: Run Behavior\ShowPageTraceBehavior [ RunTime:0.000000s ]
INFO: [ app_end ] --END-- [ RunTime:0.000000s ]

[ 2018-11-10T11:40:20+08:00 ] ::1 /yqf/toshop/index.php/admin/kind/kindname
INFO: [ app_init ] --START--
INFO: Run Behavior\BuildLiteBehavior [ RunTime:0.000000s ]
INFO: [ app_init ] --END-- [ RunTime:0.000000s ]
INFO: [ app_begin ] --START--
INFO: Run Behavior\ReadHtmlCacheBehavior [ RunTime:0.001000s ]
INFO: [ app_begin ] --END-- [ RunTime:0.001000s ]
SQL: SHOW COLUMNS FROM `kind` [ RunTime:0.0120s ]
SQL: SHOW COLUMNS FROM `kind` [ RunTime:0.0110s ]
SQL: SELECT * FROM `kind` WHERE ( kindname='写真' and kindid !='27' )  [ RunTime:0.0000s ]
INFO: [ app_end ] --START--
INFO: Run Behavior\ShowPageTraceBehavior [ RunTime:0.001000s ]
INFO: [ app_end ] --END-- [ RunTime:0.001000s ]

[ 2018-11-10T11:40:20+08:00 ] ::1 /yqf/toshop/index.php/admin/kind/upkind
INFO: [ app_init ] --START--
INFO: Run Behavior\BuildLiteBehavior [ RunTime:0.000000s ]
INFO: [ app_init ] --END-- [ RunTime:0.000000s ]
INFO: [ app_begin ] --START--
INFO: Run Behavior\ReadHtmlCacheBehavior [ RunTime:0.001000s ]
INFO: [ app_begin ] --END-- [ RunTime:0.001000s ]
SQL: SHOW COLUMNS FROM `kind` [ RunTime:0.0120s ]
SQL: SHOW COLUMNS FROM `kind` [ RunTime:0.0120s ]
SQL: UPDATE `kind` SET `kindname`='写真',`kindtitle`='写真',`kindimg`='Public/Admin/images/kindimg/2018-10-31/5bd94866b068b.png' WHERE `kindid` = 27 [ RunTime:0.0000s ]

[ 2018-11-10T11:40:20+08:00 ] ::1 /yqf/toshop/index.php/Admin/Kind/kind.html
INFO: [ app_init ] --START--
INFO: Run Behavior\BuildLiteBehavior [ RunTime:0.000000s ]
INFO: [ app_init ] --END-- [ RunTime:0.000000s ]
INFO: [ app_begin ] --START--
INFO: Run Behavior\ReadHtmlCacheBehavior [ RunTime:0.002000s ]
INFO: [ app_begin ] --END-- [ RunTime:0.002000s ]
SQL: SHOW COLUMNS FROM `kind` [ RunTime:0.0120s ]
SQL: SELECT COUNT(*) AS tp_count FROM `kind` LIMIT 1   [ RunTime:0.0010s ]
SQL: SELECT * FROM `kind` ORDER BY kindid LIMIT 0,9   [ RunTime:0.0000s ]
INFO: [ view_parse ] --START--
INFO: [ template_filter ] --START--
INFO: Run Behavior\ContentReplaceBehavior [ RunTime:0.000000s ]
INFO: [ template_filter ] --END-- [ RunTime:0.000000s ]
INFO: Run Behavior\ParseTemplateBehavior [ RunTime:0.016001s ]
INFO: [ view_parse ] --END-- [ RunTime:0.016001s ]
INFO: [ view_filter ] --START--
INFO: Run Behavior\WriteHtmlCacheBehavior [ RunTime:0.001000s ]
INFO: [ view_filter ] --END-- [ RunTime:0.001000s ]
INFO: [ app_end ] --START--
INFO: Run Behavior\ShowPageTraceBehavior [ RunTime:0.001000s ]
INFO: [ app_end ] --END-- [ RunTime:0.001000s ]

[ 2018-11-10T11:40:28+08:00 ] ::1 /yqf/toshop/index.php/admin/Index/index.html
INFO: [ app_init ] --START--
INFO: Run Behavior\BuildLiteBehavior [ RunTime:0.000000s ]
INFO: [ app_init ] --END-- [ RunTime:0.000000s ]
INFO: [ app_begin ] --START--
INFO: Run Behavior\ReadHtmlCacheBehavior [ RunTime:0.000000s ]
INFO: [ app_begin ] --END-- [ RunTime:0.000000s ]
INFO: [ view_parse ] --START--
INFO: [ template_filter ] --START--
INFO: Run Behavior\ContentReplaceBehavior [ RunTime:0.000000s ]
INFO: [ template_filter ] --END-- [ RunTime:0.000000s ]
INFO: Run Behavior\ParseTemplateBehavior [ RunTime:0.008001s ]
INFO: [ view_parse ] --END-- [ RunTime:0.008001s ]
INFO: [ view_filter ] --START--
INFO: Run Behavior\WriteHtmlCacheBehavior [ RunTime:0.000000s ]
INFO: [ view_filter ] --END-- [ RunTime:0.000000s ]
INFO: [ app_end ] --START--
INFO: Run Behavior\ShowPageTraceBehavior [ RunTime:0.001000s ]
INFO: [ app_end ] --END-- [ RunTime:0.001000s ]

[ 2018-11-10T11:40:28+08:00 ] ::1 /yqf/toshop/index.php/admin/Product/product.html
INFO: [ app_init ] --START--
INFO: Run Behavior\BuildLiteBehavior [ RunTime:0.000000s ]
INFO: [ app_init ] --END-- [ RunTime:0.001000s ]
INFO: [ app_begin ] --START--
INFO: Run Behavior\ReadHtmlCacheBehavior [ RunTime:0.000000s ]
INFO: [ app_begin ] --END-- [ RunTime:0.000000s ]
SQL: SHOW COLUMNS FROM `pk` [ RunTime:0.0130s ]
SQL: SELECT COUNT(*) AS tp_count FROM `pk` LIMIT 1   [ RunTime:0.0020s ]
SQL: SELECT * FROM `pk` ORDER BY id desc LIMIT 0,9   [ RunTime:0.0040s ]
SQL: SHOW COLUMNS FROM `size` [ RunTime:0.0140s ]
SQL: SHOW COLUMNS FROM `size` [ RunTime:0.0210s ]
SQL: SELECT * FROM `size` ORDER BY id desc  [ RunTime:0.0000s ]
SQL: SHOW COLUMNS FROM `color` [ RunTime:0.0140s ]
SQL: SHOW COLUMNS FROM `color` [ RunTime:0.0110s ]
SQL: SELECT * FROM `color` ORDER BY id desc  [ RunTime:0.0000s ]
SQL: SHOW COLUMNS FROM `actor` [ RunTime:0.0140s ]
SQL: SHOW COLUMNS FROM `ar` [ RunTime:0.0120s ]
SQL: SELECT * FROM `ar` ORDER BY aid  [ RunTime:0.0010s ]
SQL: SHOW COLUMNS FROM `kind` [ RunTime:0.0140s ]
SQL: SHOW COLUMNS FROM `kind` [ RunTime:0.0120s ]
SQL: SELECT * FROM `kind`  [ RunTime:0.0010s ]
INFO: [ view_parse ] --START--
INFO: [ template_filter ] --START--
INFO: Run Behavior\ContentReplaceBehavior [ RunTime:0.000000s ]
INFO: [ template_filter ] --END-- [ RunTime:0.000000s ]
INFO: Run Behavior\ParseTemplateBehavior [ RunTime:0.018001s ]
INFO: [ view_parse ] --END-- [ RunTime:0.018001s ]
INFO: [ view_filter ] --START--
INFO: Run Behavior\WriteHtmlCacheBehavior [ RunTime:0.001000s ]
INFO: [ view_filter ] --END-- [ RunTime:0.001000s ]
INFO: [ app_end ] --START--
INFO: Run Behavior\ShowPageTraceBehavior [ RunTime:0.001001s ]
INFO: [ app_end ] --END-- [ RunTime:0.001001s ]

[ 2018-11-10T14:50:24+08:00 ] ::1 /yqf/toshop/index.php/admin/Index/index.html
INFO: [ app_init ] --START--
INFO: Run Behavior\BuildLiteBehavior [ RunTime:0.000000s ]
INFO: [ app_init ] --END-- [ RunTime:0.000000s ]
INFO: [ app_begin ] --START--
INFO: Run Behavior\ReadHtmlCacheBehavior [ RunTime:0.000000s ]
INFO: [ app_begin ] --END-- [ RunTime:0.000000s ]
INFO: [ view_parse ] --START--
INFO: [ template_filter ] --START--
INFO: Run Behavior\ContentReplaceBehavior [ RunTime:0.000000s ]
INFO: [ template_filter ] --END-- [ RunTime:0.000000s ]
INFO: Run Behavior\ParseTemplateBehavior [ RunTime:0.008001s ]
INFO: [ view_parse ] --END-- [ RunTime:0.008001s ]
INFO: [ view_filter ] --START--
INFO: Run Behavior\WriteHtmlCacheBehavior [ RunTime:0.000000s ]
INFO: [ view_filter ] --END-- [ RunTime:0.000000s ]
INFO: [ app_end ] --START--
INFO: Run Behavior\ShowPageTraceBehavior [ RunTime:0.001000s ]
INFO: [ app_end ] --END-- [ RunTime:0.001000s ]

[ 2018-11-10T14:50:24+08:00 ] ::1 /yqf/toshop/index.php/admin/Product/product.html
INFO: [ app_init ] --START--
INFO: Run Behavior\BuildLiteBehavior [ RunTime:0.000000s ]
INFO: [ app_init ] --END-- [ RunTime:0.000000s ]
INFO: [ app_begin ] --START--
INFO: Run Behavior\ReadHtmlCacheBehavior [ RunTime:0.000000s ]
INFO: [ app_begin ] --END-- [ RunTime:0.000000s ]
SQL: SHOW COLUMNS FROM `pk` [ RunTime:0.0130s ]
SQL: SELECT COUNT(*) AS tp_count FROM `pk` LIMIT 1   [ RunTime:0.0020s ]
SQL: SELECT * FROM `pk` ORDER BY id desc LIMIT 0,9   [ RunTime:0.0010s ]
SQL: SHOW COLUMNS FROM `size` [ RunTime:0.0110s ]
SQL: SHOW COLUMNS FROM `size` [ RunTime:0.0090s ]
SQL: SELECT * FROM `size` ORDER BY id desc  [ RunTime:0.0020s ]
SQL: SHOW COLUMNS FROM `color` [ RunTime:0.0230s ]
SQL: SHOW COLUMNS FROM `color` [ RunTime:0.0160s ]
SQL: SELECT * FROM `color` ORDER BY id desc  [ RunTime:0.0000s ]
SQL: SHOW COLUMNS FROM `actor` [ RunTime:0.0160s ]
SQL: SHOW COLUMNS FROM `ar` [ RunTime:0.0160s ]
SQL: SELECT * FROM `ar` ORDER BY aid  [ RunTime:0.0010s ]
SQL: SHOW COLUMNS FROM `kind` [ RunTime:0.0140s ]
SQL: SHOW COLUMNS FROM `kind` [ RunTime:0.0140s ]
SQL: SELECT * FROM `kind`  [ RunTime:0.0010s ]
INFO: [ view_parse ] --START--
INFO: [ template_filter ] --START--
INFO: Run Behavior\ContentReplaceBehavior [ RunTime:0.000000s ]
INFO: [ template_filter ] --END-- [ RunTime:0.000000s ]
INFO: Run Behavior\ParseTemplateBehavior [ RunTime:0.018001s ]
INFO: [ view_parse ] --END-- [ RunTime:0.018001s ]
INFO: [ view_filter ] --START--
INFO: Run Behavior\WriteHtmlCacheBehavior [ RunTime:0.001000s ]
INFO: [ view_filter ] --END-- [ RunTime:0.001000s ]
INFO: [ app_end ] --START--
INFO: Run Behavior\ShowPageTraceBehavior [ RunTime:0.000000s ]
INFO: [ app_end ] --END-- [ RunTime:0.000000s ]

